#
# There is insufficient memory for the Java Runtime Environment to continue.
# Native memory allocation (mmap) failed to map 185073664 bytes for committing reserved memory.
# Possible reasons:
#   The system is out of physical RAM or swap space
#   The process is running with CompressedOops enabled, and the Java Heap may be blocking the growth of the native heap
# Possible solutions:
#   Reduce memory load on the system
#   Increase physical memory or swap space
#   Check if swap backing store is full
#   Decrease Java heap size (-Xmx/-Xms)
#   Decrease number of Java threads
#   Decrease Java thread stack sizes (-Xss)
#   Set larger code cache with -XX:ReservedCodeCacheSize=
#   JVM is running with Unscaled Compressed Oops mode in which the Java heap is
#     placed in the first 4GB address space. The Java Heap base address is the
#     maximum limit for the native heap growth. Please use -XX:HeapBaseMinAddress
#     to set the Java Heap base and to place the Java Heap above 4GB virtual address.
# This output file may be truncated or incomplete.
#
#  Out of Memory Error (os_linux.cpp:2749), pid=1398, tid=0x00007f503162a700
#
# JRE version: Java(TM) SE Runtime Environment (8.0_201-b09) (build 1.8.0_201-b09)
# Java VM: Java HotSpot(TM) 64-Bit Server VM (25.201-b09 mixed mode linux-amd64 compressed oops)
# Failed to write core dump. Core dumps have been disabled. To enable core dumping, try "ulimit -c unlimited" before starting Java again
#

---------------  T H R E A D  ---------------

Current thread (0x00007f5044149800):  VMThread [stack: 0x00007f503152a000,0x00007f503162b000] [id=1411]

Stack: [0x00007f503152a000,0x00007f503162b000],  sp=0x00007f5031629450,  free space=1021k
Native frames: (J=compiled Java code, j=interpreted, Vv=VM code, C=native code)
V  [libjvm.so+0xad3525]  VMError::report_and_die()+0x2e5
V  [libjvm.so+0x4e0457]  report_vm_out_of_memory(char const*, int, unsigned long, VMErrorType, char const*)+0x67
V  [libjvm.so+0x9102f0]  os::pd_commit_memory(char*, unsigned long, unsigned long, bool)+0x100
V  [libjvm.so+0x90791f]  os::commit_memory(char*, unsigned long, unsigned long, bool)+0x1f
V  [libjvm.so+0x98c806]  PSVirtualSpace::expand_by(unsigned long)+0x56
V  [libjvm.so+0x98da98]  PSYoungGen::resize(unsigned long, unsigned long)+0xd8
V  [libjvm.so+0x98a236]  PSScavenge::invoke_no_policy()+0x1376
V  [libjvm.so+0x98a5cc]  PSScavenge::invoke()+0x4c
V  [libjvm.so+0x93a318]  ParallelScavengeHeap::failed_mem_allocate(unsigned long)+0x68
V  [libjvm.so+0xad5073]  VM_ParallelGCFailedAllocation::doit()+0x93
V  [libjvm.so+0xada296]  VM_Operation::evaluate()+0x46
V  [libjvm.so+0xad85cd]  VMThread::evaluate_operation(VM_Operation*) [clone .constprop.44]+0xcd
V  [libjvm.so+0xad8bb3]  VMThread::loop()+0x3a3
V  [libjvm.so+0xad8f88]  VMThread::run()+0x78
V  [libjvm.so+0x90d922]  java_start(Thread*)+0x102

VM_Operation (0x00007f4febdfb6b0): ParallelGCFailedAllocation, mode: safepoint, requested by thread 0x00007f4fe4002800


---------------  P R O C E S S  ---------------

Java Threads: ( => current thread )
  0x00007f4fdd033000 JavaThread "Live Reload Server" daemon [_thread_in_native, id=1507, stack(0x00007f4fe8ef1000,0x00007f4fe8ff2000)]
  0x00007f4fdd02c000 JavaThread "File Watcher" daemon [_thread_blocked, id=1505, stack(0x00007f4fe93f2000,0x00007f4fe94f3000)]
  0x00007f4fdc260800 JavaThread "container-0" [_thread_blocked, id=1494, stack(0x00007f4fe94f3000,0x00007f4fe95f4000)]
  0x00007f4fdcf65000 JavaThread "ContainerBackgroundProcessor[StandardEngine[Tomcat]]" daemon [_thread_blocked, id=1493, stack(0x00007f4fe97f4000,0x00007f4fe98f5000)]
  0x00007f4ff8021000 JavaThread "SimplePauseDetectorThread_0" daemon [_thread_blocked, id=1482, stack(0x00007f4fe98f5000,0x00007f4fe99f6000)]
  0x00007f4ff801f800 JavaThread "Thread-18" daemon [_thread_blocked, id=1481, stack(0x00007f4fe99f6000,0x00007f4fe9af7000)]
  0x00007f4fc810d800 JavaThread "spring.cloud.inetutils" daemon [_thread_blocked, id=1478, stack(0x00007f4fe9cf7000,0x00007f4fe9df8000)]
  0x00007f4fc401c000 JavaThread "localhost-startStop-1" daemon [_thread_blocked, id=1475, stack(0x00007f4fe9df8000,0x00007f4fe9ef9000)]
  0x00007f4fdcf64000 JavaThread "Tomcat-startStop-1" daemon [_thread_blocked, id=1471, stack(0x00007f4feb2f9000,0x00007f4feb3fa000)]
  0x00007f4fdc3f2000 JavaThread "Keep-Alive-Timer" daemon [_thread_blocked, id=1459, stack(0x00007f4febbfe000,0x00007f4febcff000)]
  0x00007f4fcc02d000 JavaThread "RMI Scheduler(0)" daemon [_thread_blocked, id=1449, stack(0x00007f4feb3fa000,0x00007f4feb4fb000)]
  0x00007f4fec003800 JavaThread "RMI TCP Connection(1)-127.0.0.1" daemon [_thread_blocked, id=1448, stack(0x00007f4feb6fb000,0x00007f4feb7fc000)]
  0x00007f5004002800 JavaThread "Attach Listener" daemon [_thread_blocked, id=1445, stack(0x00007f4feb7fc000,0x00007f4feb8fd000)]
  0x00007f5004001000 JavaThread "Attach Listener" daemon [_thread_blocked, id=1443, stack(0x00007f4feb8fd000,0x00007f4feb9fe000)]
  0x00007f4fe4002800 JavaThread "restartedMain" [_thread_blocked, id=1437, stack(0x00007f4febcff000,0x00007f4febe00000)]
  0x00007f504529e000 JavaThread "Thread-1" [_thread_blocked, id=1436, stack(0x00007f502000d000,0x00007f502010e000)]
  0x00007f50449fe800 JavaThread "RMI TCP Accept-0" daemon [_thread_in_native, id=1429, stack(0x00007f50202a5000,0x00007f50203a6000)]
  0x00007f50448e1800 JavaThread "Service Thread" daemon [_thread_blocked, id=1426, stack(0x00007f502805d000,0x00007f502815e000)]
  0x00007f50448de800 JavaThread "C1 CompilerThread2" daemon [_thread_blocked, id=1425, stack(0x00007f502815e000,0x00007f502825f000)]
  0x00007f50448dc800 JavaThread "C2 CompilerThread1" daemon [_thread_blocked, id=1424, stack(0x00007f502825f000,0x00007f5028360000)]
  0x00007f50448da800 JavaThread "C2 CompilerThread0" daemon [_thread_blocked, id=1423, stack(0x00007f503002e000,0x00007f503012f000)]
  0x00007f50448d8000 JavaThread "Monitor Ctrl-Break" daemon [_thread_in_native, id=1422, stack(0x00007f503012f000,0x00007f5030230000)]
  0x00007f504418a000 JavaThread "Signal Dispatcher" daemon [_thread_blocked, id=1421, stack(0x00007f50306f1000,0x00007f50307f2000)]
  0x00007f5044155800 JavaThread "Finalizer" daemon [_thread_blocked, id=1413, stack(0x00007f5031328000,0x00007f5031429000)]
  0x00007f5044153000 JavaThread "Reference Handler" daemon [_thread_blocked, id=1412, stack(0x00007f5031429000,0x00007f503152a000)]
  0x00007f5044014800 JavaThread "main" [_thread_blocked, id=1403, stack(0x00007f504a257000,0x00007f504a358000)]

Other Threads:
=>0x00007f5044149800 VMThread [stack: 0x00007f503152a000,0x00007f503162b000] [id=1411]
  0x00007f5044a13000 WatcherThread [stack: 0x00007f50201a4000,0x00007f50202a5000] [id=1430]

VM state:at safepoint (normal execution)

VM Mutex/Monitor currently owned by a thread:  ([mutex/lock_event])
[0x00007f504400b180] Threads_lock - owner thread: 0x00007f5044149800
[0x00007f504400b680] Heap_lock - owner thread: 0x00007f4fe4002800

heap address: 0x0000000086c00000, size: 1940 MB, Compressed Oops mode: 32-bit
Narrow klass base: 0x0000000000000000, Narrow klass shift: 3
Compressed class space size: 1073741824 Address: 0x0000000100000000

Heap:
 PSYoungGen      total 461312K, used 11787K [0x00000000d7980000, 0x00000000f4f80000, 0x0000000100000000)
  eden space 442368K, 0% used [0x00000000d7980000,0x00000000d7980000,0x00000000f2980000)
  from space 18944K, 62% used [0x00000000f2a80000,0x00000000f3602c70,0x00000000f3d00000)
  to   space 10752K, 0% used [0x00000000f4500000,0x00000000f4500000,0x00000000f4f80000)
 ParOldGen       total 74240K, used 37959K [0x0000000086c00000, 0x000000008b480000, 0x00000000d7980000)
  object space 74240K, 51% used [0x0000000086c00000,0x0000000089111dd8,0x000000008b480000)
 Metaspace       used 46197K, capacity 48840K, committed 48896K, reserved 1091584K
  class space    used 6361K, capacity 6860K, committed 6912K, reserved 1048576K

Card table byte_map: [0x00007f50339df000,0x00007f5033daa000] byte_map_base: 0x00007f50335a9000

Marking Bits: (ParMarkBitMap*) 0x00007f5049735d80
 Begin Bits: [0x00007f5028360000, 0x00007f502a1b0000)
 End Bits:   [0x00007f502a1b0000, 0x00007f502c000000)

Polling page: 0x00007f504a37a000

CodeCache: size=245760Kb used=10658Kb max_used=10658Kb free=235101Kb
 bounds [0x00007f503416a000, 0x00007f5034bda000, 0x00007f504316a000]
 total_blobs=5737 nmethods=5257 adapters=393
 compilation: enabled

Compilation events (10 events):
Event: 10,399 Thread 0x00007f50448de800 5337   !   1       org.springframework.beans.AbstractNestablePropertyAccessor::setPropertyValue (98 bytes)
Event: 10,400 Thread 0x00007f50448de800 nmethod 5337 0x00007f5034bd0510 code [0x00007f5034bd07a0, 0x00007f5034bd11a8]
Event: 10,400 Thread 0x00007f50448de800 5338       1       org.springframework.core.convert.Property::equals (83 bytes)
Event: 10,400 Thread 0x00007f50448de800 nmethod 5338 0x00007f5034bd1b50 code [0x00007f5034bd1ce0, 0x00007f5034bd1f98]
Event: 10,400 Thread 0x00007f50448de800 5339       1       java.util.TreeMap::buildFromSorted (218 bytes)
Event: 10,400 Thread 0x00007f50448de800 nmethod 5339 0x00007f5034bd20d0 code [0x00007f5034bd22a0, 0x00007f5034bd27f8]
Event: 10,403 Thread 0x00007f50448de800 5340       1       org.springframework.beans.BeanUtils::findPropertyForMethod (68 bytes)
Event: 10,403 Thread 0x00007f50448de800 nmethod 5340 0x00007f5034bd2b50 code [0x00007f5034bd2d20, 0x00007f5034bd3028]
Event: 10,403 Thread 0x00007f50448de800 5341       1       javax.management.modelmbean.DescriptorSupport::init (29 bytes)
Event: 10,404 Thread 0x00007f50448de800 nmethod 5341 0x00007f5034bd3310 code [0x00007f5034bd3480, 0x00007f5034bd3648]

GC Heap History (10 events):
Event: 4,391 GC heap after
Heap after GC invocations=10 (full 1):
 PSYoungGen      total 230400K, used 13803K [0x00000000d7980000, 0x00000000ec880000, 0x0000000100000000)
  eden space 216576K, 0% used [0x00000000d7980000,0x00000000d7980000,0x00000000e4d00000)
  from space 13824K, 99% used [0x00000000e4d00000,0x00000000e5a7afc0,0x00000000e5a80000)
  to   space 18944K, 0% used [0x00000000eb600000,0x00000000eb600000,0x00000000ec880000)
 ParOldGen       total 47104K, used 19179K [0x0000000086c00000, 0x0000000089a00000, 0x00000000d7980000)
  object space 47104K, 40% used [0x0000000086c00000,0x0000000087ebaf18,0x0000000089a00000)
 Metaspace       used 34004K, capacity 35088K, committed 35328K, reserved 1079296K
  class space    used 4602K, capacity 4849K, committed 4864K, reserved 1048576K
}
Event: 4,417 GC heap before
{Heap before GC invocations=11 (full 1):
 PSYoungGen      total 230400K, used 22243K [0x00000000d7980000, 0x00000000ec880000, 0x0000000100000000)
  eden space 216576K, 3% used [0x00000000d7980000,0x00000000d81be010,0x00000000e4d00000)
  from space 13824K, 99% used [0x00000000e4d00000,0x00000000e5a7afc0,0x00000000e5a80000)
  to   space 18944K, 0% used [0x00000000eb600000,0x00000000eb600000,0x00000000ec880000)
 ParOldGen       total 47104K, used 19179K [0x0000000086c00000, 0x0000000089a00000, 0x00000000d7980000)
  object space 47104K, 40% used [0x0000000086c00000,0x0000000087ebaf18,0x0000000089a00000)
 Metaspace       used 34245K, capacity 35318K, committed 35456K, reserved 1079296K
  class space    used 4614K, capacity 4882K, committed 4992K, reserved 1048576K
Event: 4,429 GC heap after
Heap after GC invocations=11 (full 1):
 PSYoungGen      total 324608K, used 4293K [0x00000000d7980000, 0x00000000edb80000, 0x0000000100000000)
  eden space 305664K, 0% used [0x00000000d7980000,0x00000000d7980000,0x00000000ea400000)
  from space 18944K, 22% used [0x00000000eb600000,0x00000000eba314c0,0x00000000ec880000)
  to   space 18432K, 0% used [0x00000000ea400000,0x00000000ea400000,0x00000000eb600000)
 ParOldGen       total 47104K, used 29233K [0x0000000086c00000, 0x0000000089a00000, 0x00000000d7980000)
  object space 47104K, 62% used [0x0000000086c00000,0x000000008888c588,0x0000000089a00000)
 Metaspace       used 34245K, capacity 35318K, committed 35456K, reserved 1079296K
  class space    used 4614K, capacity 4882K, committed 4992K, reserved 1048576K
}
Event: 4,429 GC heap before
{Heap before GC invocations=12 (full 2):
 PSYoungGen      total 324608K, used 4293K [0x00000000d7980000, 0x00000000edb80000, 0x0000000100000000)
  eden space 305664K, 0% used [0x00000000d7980000,0x00000000d7980000,0x00000000ea400000)
  from space 18944K, 22% used [0x00000000eb600000,0x00000000eba314c0,0x00000000ec880000)
  to   space 18432K, 0% used [0x00000000ea400000,0x00000000ea400000,0x00000000eb600000)
 ParOldGen       total 47104K, used 29233K [0x0000000086c00000, 0x0000000089a00000, 0x00000000d7980000)
  object space 47104K, 62% used [0x0000000086c00000,0x000000008888c588,0x0000000089a00000)
 Metaspace       used 34245K, capacity 35318K, committed 35456K, reserved 1079296K
  class space    used 4614K, capacity 4882K, committed 4992K, reserved 1048576K
Event: 4,494 GC heap after
Heap after GC invocations=12 (full 2):
 PSYoungGen      total 324608K, used 0K [0x00000000d7980000, 0x00000000edb80000, 0x0000000100000000)
  eden space 305664K, 0% used [0x00000000d7980000,0x00000000d7980000,0x00000000ea400000)
  from space 18944K, 0% used [0x00000000eb600000,0x00000000eb600000,0x00000000ec880000)
  to   space 18432K, 0% used [0x00000000ea400000,0x00000000ea400000,0x00000000eb600000)
 ParOldGen       total 74240K, used 21030K [0x0000000086c00000, 0x000000008b480000, 0x00000000d7980000)
  object space 74240K, 28% used [0x0000000086c00000,0x0000000088089b08,0x000000008b480000)
 Metaspace       used 34245K, capacity 35318K, committed 35456K, reserved 1079296K
  class space    used 4614K, capacity 4882K, committed 4992K, reserved 1048576K
}
Event: 5,967 GC heap before
{Heap before GC invocations=13 (full 2):
 PSYoungGen      total 324608K, used 305664K [0x00000000d7980000, 0x00000000edb80000, 0x0000000100000000)
  eden space 305664K, 100% used [0x00000000d7980000,0x00000000ea400000,0x00000000ea400000)
  from space 18944K, 0% used [0x00000000eb600000,0x00000000eb600000,0x00000000ec880000)
  to   space 18432K, 0% used [0x00000000ea400000,0x00000000ea400000,0x00000000eb600000)
 ParOldGen       total 74240K, used 21030K [0x0000000086c00000, 0x000000008b480000, 0x00000000d7980000)
  object space 74240K, 28% used [0x0000000086c00000,0x0000000088089b08,0x000000008b480000)
 Metaspace       used 39498K, capacity 41244K, committed 41344K, reserved 1085440K
  class space    used 5364K, capacity 5712K, committed 5760K, reserved 1048576K
Event: 5,979 GC heap after
Heap after GC invocations=13 (full 2):
 PSYoungGen      total 324096K, used 13132K [0x00000000d7980000, 0x00000000f5800000, 0x0000000100000000)
  eden space 305664K, 0% used [0x00000000d7980000,0x00000000d7980000,0x00000000ea400000)
  from space 18432K, 71% used [0x00000000ea400000,0x00000000eb0d32d8,0x00000000eb600000)
  to   space 19456K, 0% used [0x00000000f4500000,0x00000000f4500000,0x00000000f5800000)
 ParOldGen       total 74240K, used 21038K [0x0000000086c00000, 0x000000008b480000, 0x00000000d7980000)
  object space 74240K, 28% used [0x0000000086c00000,0x000000008808bb08,0x000000008b480000)
 Metaspace       used 39498K, capacity 41244K, committed 41344K, reserved 1085440K
  class space    used 5364K, capacity 5712K, committed 5760K, reserved 1048576K
}
Event: 8,125 GC heap before
{Heap before GC invocations=14 (full 2):
 PSYoungGen      total 324096K, used 318796K [0x00000000d7980000, 0x00000000f5800000, 0x0000000100000000)
  eden space 305664K, 100% used [0x00000000d7980000,0x00000000ea400000,0x00000000ea400000)
  from space 18432K, 71% used [0x00000000ea400000,0x00000000eb0d32d8,0x00000000eb600000)
  to   space 19456K, 0% used [0x00000000f4500000,0x00000000f4500000,0x00000000f5800000)
 ParOldGen       total 74240K, used 21038K [0x0000000086c00000, 0x000000008b480000, 0x00000000d7980000)
  object space 74240K, 28% used [0x0000000086c00000,0x000000008808bb08,0x000000008b480000)
 Metaspace       used 42923K, capacity 45016K, committed 45312K, reserved 1087488K
  class space    used 5857K, capacity 6277K, committed 6400K, reserved 1048576K
Event: 8,145 GC heap after
Heap after GC invocations=14 (full 2):
 PSYoungGen      total 453120K, used 10462K [0x00000000d7980000, 0x00000000f4f80000, 0x0000000100000000)
  eden space 442368K, 0% used [0x00000000d7980000,0x00000000d7980000,0x00000000f2980000)
  from space 10752K, 97% used [0x00000000f4500000,0x00000000f4f37b48,0x00000000f4f80000)
  to   space 18944K, 0% used [0x00000000f2a80000,0x00000000f2a80000,0x00000000f3d00000)
 ParOldGen       total 74240K, used 30304K [0x0000000086c00000, 0x000000008b480000, 0x00000000d7980000)
  object space 74240K, 40% used [0x0000000086c00000,0x00000000889983f8,0x000000008b480000)
 Metaspace       used 42923K, capacity 45016K, committed 45312K, reserved 1087488K
  class space    used 5857K, capacity 6277K, committed 6400K, reserved 1048576K
}
Event: 10,406 GC heap before
{Heap before GC invocations=15 (full 2):
 PSYoungGen      total 453120K, used 452830K [0x00000000d7980000, 0x00000000f4f80000, 0x0000000100000000)
  eden space 442368K, 100% used [0x00000000d7980000,0x00000000f2980000,0x00000000f2980000)
  from space 10752K, 97% used [0x00000000f4500000,0x00000000f4f37b48,0x00000000f4f80000)
  to   space 18944K, 0% used [0x00000000f2a80000,0x00000000f2a80000,0x00000000f3d00000)
 ParOldGen       total 74240K, used 30304K [0x0000000086c00000, 0x000000008b480000, 0x00000000d7980000)
  object space 74240K, 40% used [0x0000000086c00000,0x00000000889983f8,0x000000008b480000)
 Metaspace       used 46197K, capacity 48840K, committed 48896K, reserved 1091584K
  class space    used 6361K, capacity 6860K, committed 6912K, reserved 1048576K

Deoptimization events (0 events):
No events

Classes redefined (0 events):
No events

Internal exceptions (10 events):
Event: 10,393 Thread 0x00007f4fe4002800 Exception <a 'java/lang/ClassNotFoundException': java/lang/ObjectCustomizer> (0x00000000f26fe358) thrown at [/HUDSON/workspace/8-2-build-linux-amd64/jdk8u201/12317/hotspot/src/share/vm/classfile/systemDictionary.cpp, line 210]
Event: 10,394 Thread 0x00007f4fe4002800 Exception <a 'java/lang/ClassNotFoundException': org/springframework/jmx/support/MBeanRegistrationSupportCustomizer> (0x00000000f2730d78) thrown at [/HUDSON/workspace/8-2-build-linux-amd64/jdk8u201/12317/hotspot/src/share/vm/classfile/systemDictionary.cpp
Event: 10,404 Thread 0x00007f4fe4002800 Exception <a 'java/lang/ClassNotFoundException': java/lang/ObjectCustomizer> (0x00000000f28295b0) thrown at [/HUDSON/workspace/8-2-build-linux-amd64/jdk8u201/12317/hotspot/src/share/vm/classfile/systemDictionary.cpp, line 210]
Event: 10,404 Thread 0x00007f4fe4002800 Exception <a 'java/lang/ClassNotFoundException': org/springframework/amqp/rabbit/connection/AbstractConnectionFactoryCustomizer> (0x00000000f28638d8) thrown at [/HUDSON/workspace/8-2-build-linux-amd64/jdk8u201/12317/hotspot/src/share/vm/classfile/systemDi
Event: 10,404 Thread 0x00007f4fe4002800 Exception <a 'java/lang/ArrayIndexOutOfBoundsException'> (0x00000000f286cfe0) thrown at [/HUDSON/workspace/8-2-build-linux-amd64/jdk8u201/12317/hotspot/src/share/vm/runtime/sharedRuntime.cpp, line 605]
Event: 10,404 Thread 0x00007f4fe4002800 Exception <a 'java/lang/ArrayIndexOutOfBoundsException'> (0x00000000f28708b8) thrown at [/HUDSON/workspace/8-2-build-linux-amd64/jdk8u201/12317/hotspot/src/share/vm/runtime/sharedRuntime.cpp, line 605]
Event: 10,405 Thread 0x00007f4fe4002800 Exception <a 'java/lang/ClassNotFoundException': org/springframework/amqp/rabbit/connection/ConnectionFactoryCustomizer> (0x00000000f28d6578) thrown at [/HUDSON/workspace/8-2-build-linux-amd64/jdk8u201/12317/hotspot/src/share/vm/classfile/systemDictionary
Event: 10,405 Thread 0x00007f4fe4002800 Exception <a 'java/lang/ClassNotFoundException': org/springframework/beans/factory/DisposableBeanCustomizer> (0x00000000f2908fb8) thrown at [/HUDSON/workspace/8-2-build-linux-amd64/jdk8u201/12317/hotspot/src/share/vm/classfile/systemDictionary.cpp, line 2
Event: 10,406 Thread 0x00007f4fe4002800 Exception <a 'java/lang/ClassNotFoundException': org/springframework/beans/factory/BeanNameAwareCustomizer> (0x00000000f2934638) thrown at [/HUDSON/workspace/8-2-build-linux-amd64/jdk8u201/12317/hotspot/src/share/vm/classfile/systemDictionary.cpp, line 21
Event: 10,406 Thread 0x00007f4fe4002800 Exception <a 'java/lang/ClassNotFoundException': org/springframework/context/ApplicationContextAwareCustomizer> (0x00000000f2963038) thrown at [/HUDSON/workspace/8-2-build-linux-amd64/jdk8u201/12317/hotspot/src/share/vm/classfile/systemDictionary.cpp, lin

Events (10 events):
Event: 10,406 loading class org/springframework/context/ApplicationContextAwareCustomizer done
Event: 10,406 loading class org/springframework/context/ApplicationContextAwareCustomizer
Event: 10,406 loading class org/springframework/context/ApplicationContextAwareCustomizer done
Event: 10,406 loading class org/springframework/context/ApplicationContextAwareCustomizer
Event: 10,406 loading class org/springframework/context/ApplicationContextAwareCustomizer done
Event: 10,406 loading class org/springframework/context/ApplicationEventPublisherAwareCustomizer
Event: 10,406 loading class org/springframework/context/ApplicationEventPublisherAwareCustomizer done
Event: 10,406 loading class org/springframework/context/ApplicationEventPublisherAwareCustomizer
Event: 10,406 loading class org/springframework/context/ApplicationEventPublisherAwareCustomizer done
Event: 10,406 Executing VM operation: ParallelGCFailedAllocation


Dynamic libraries:
00400000-00401000 r-xp 00000000 08:05 1214847                            /usr/lib/jvm/java-8-oracle/bin/java
00600000-00601000 r--p 00000000 08:05 1214847                            /usr/lib/jvm/java-8-oracle/bin/java
00601000-00602000 rw-p 00001000 08:05 1214847                            /usr/lib/jvm/java-8-oracle/bin/java
01266000-01287000 rw-p 00000000 00:00 0                                  [heap]
86c00000-8b480000 rw-p 00000000 00:00 0 
8b480000-d7980000 ---p 00000000 00:00 0 
d7980000-f4f80000 rw-p 00000000 00:00 0 
100000000-1006c0000 rw-p 00000000 00:00 0 
1006c0000-140000000 ---p 00000000 00:00 0 
7f4fac000000-7f4fac021000 rw-p 00000000 00:00 0 
7f4fac021000-7f4fb0000000 ---p 00000000 00:00 0 
7f4fb0000000-7f4fb0021000 rw-p 00000000 00:00 0 
7f4fb0021000-7f4fb4000000 ---p 00000000 00:00 0 
7f4fb4000000-7f4fb4021000 rw-p 00000000 00:00 0 
7f4fb4021000-7f4fb8000000 ---p 00000000 00:00 0 
7f4fb8000000-7f4fb8021000 rw-p 00000000 00:00 0 
7f4fb8021000-7f4fbc000000 ---p 00000000 00:00 0 
7f4fbc000000-7f4fbc021000 rw-p 00000000 00:00 0 
7f4fbc021000-7f4fc0000000 ---p 00000000 00:00 0 
7f4fc0000000-7f4fc0021000 rw-p 00000000 00:00 0 
7f4fc0021000-7f4fc4000000 ---p 00000000 00:00 0 
7f4fc4000000-7f4fc403f000 rw-p 00000000 00:00 0 
7f4fc403f000-7f4fc8000000 ---p 00000000 00:00 0 
7f4fc8000000-7f4fc81cc000 rw-p 00000000 00:00 0 
7f4fc81cc000-7f4fcc000000 ---p 00000000 00:00 0 
7f4fcc000000-7f4fcc039000 rw-p 00000000 00:00 0 
7f4fcc039000-7f4fd0000000 ---p 00000000 00:00 0 
7f4fd0000000-7f4fd0021000 rw-p 00000000 00:00 0 
7f4fd0021000-7f4fd4000000 ---p 00000000 00:00 0 
7f4fd4000000-7f4fd4021000 rw-p 00000000 00:00 0 
7f4fd4021000-7f4fd8000000 ---p 00000000 00:00 0 
7f4fd8000000-7f4fd8021000 rw-p 00000000 00:00 0 
7f4fd8021000-7f4fdc000000 ---p 00000000 00:00 0 
7f4fdc000000-7f4fdd083000 rw-p 00000000 00:00 0 
7f4fdd083000-7f4fe0000000 ---p 00000000 00:00 0 
7f4fe0000000-7f4fe036b000 rw-p 00000000 00:00 0 
7f4fe036b000-7f4fe4000000 ---p 00000000 00:00 0 
7f4fe4000000-7f4fe4021000 rw-p 00000000 00:00 0 
7f4fe4021000-7f4fe8000000 ---p 00000000 00:00 0 
7f4fe8df0000-7f4fe8df3000 ---p 00000000 00:00 0 
7f4fe8df3000-7f4fe8ef1000 rw-p 00000000 00:00 0 
7f4fe8ef1000-7f4fe8ef4000 ---p 00000000 00:00 0 
7f4fe8ef4000-7f4fe90f2000 rw-p 00000000 00:00 0 
7f4fe90f2000-7f4fe91f2000 ---p 00000000 00:00 0 
7f4fe91f2000-7f4fe93f2000 rw-p 00000000 00:00 0 
7f4fe93f2000-7f4fe93f5000 ---p 00000000 00:00 0 
7f4fe93f5000-7f4fe94f3000 rw-p 00000000 00:00 0 
7f4fe94f3000-7f4fe94f6000 ---p 00000000 00:00 0 
7f4fe94f6000-7f4fe97f4000 rw-p 00000000 00:00 0 
7f4fe97f4000-7f4fe97f7000 ---p 00000000 00:00 0 
7f4fe97f7000-7f4fe98f5000 rw-p 00000000 00:00 0 
7f4fe98f5000-7f4fe98f8000 ---p 00000000 00:00 0 
7f4fe98f8000-7f4fe99f6000 rw-p 00000000 00:00 0 
7f4fe99f6000-7f4fe99f9000 ---p 00000000 00:00 0 
7f4fe99f9000-7f4fe9cf7000 rw-p 00000000 00:00 0 
7f4fe9cf7000-7f4fe9cfa000 ---p 00000000 00:00 0 
7f4fe9cfa000-7f4fe9df8000 rw-p 00000000 00:00 0 
7f4fe9df8000-7f4fe9dfb000 ---p 00000000 00:00 0 
7f4fe9dfb000-7f4fea0f9000 rw-p 00000000 00:00 0 
7f4fea0f9000-7f4fea2f9000 rw-p 00000000 00:00 0 
7f4fea2f9000-7f4fea4f9000 rw-p 00000000 00:00 0 
7f4fea4f9000-7f4fea6f9000 rw-p 00000000 00:00 0 
7f4fea6f9000-7f4fea8f9000 rw-p 00000000 00:00 0 
7f4fea8f9000-7f4feaaf9000 rw-p 00000000 00:00 0 
7f4feaaf9000-7f4feacf9000 rw-p 00000000 00:00 0 
7f4feacf9000-7f4feaef9000 rw-p 00000000 00:00 0 
7f4feaef9000-7f4feb0f9000 rw-p 00000000 00:00 0 
7f4feb0f9000-7f4feb2f9000 rw-p 00000000 00:00 0 
7f4feb2f9000-7f4feb2fc000 ---p 00000000 00:00 0 
7f4feb2fc000-7f4feb3fa000 rw-p 00000000 00:00 0 
7f4feb3fa000-7f4feb3fd000 ---p 00000000 00:00 0 
7f4feb3fd000-7f4feb6fb000 rw-p 00000000 00:00 0 
7f4feb6fb000-7f4feb6fe000 ---p 00000000 00:00 0 
7f4feb6fe000-7f4feb7fc000 rw-p 00000000 00:00 0 
7f4feb7fc000-7f4feb7ff000 ---p 00000000 00:00 0 
7f4feb7ff000-7f4feb8fd000 rw-p 00000000 00:00 0 
7f4feb8fd000-7f4feb900000 ---p 00000000 00:00 0 
7f4feb900000-7f4febbfe000 rw-p 00000000 00:00 0 
7f4febbfe000-7f4febc01000 ---p 00000000 00:00 0 
7f4febc01000-7f4febcff000 rw-p 00000000 00:00 0 
7f4febcff000-7f4febd02000 ---p 00000000 00:00 0 
7f4febd02000-7f4fec000000 rw-p 00000000 00:00 0 
7f4fec000000-7f4fec021000 rw-p 00000000 00:00 0 
7f4fec021000-7f4ff0000000 ---p 00000000 00:00 0 
7f4ff0000000-7f4ff0021000 rw-p 00000000 00:00 0 
7f4ff0021000-7f4ff4000000 ---p 00000000 00:00 0 
7f4ff4000000-7f4ff47d0000 rw-p 00000000 00:00 0 
7f4ff47d0000-7f4ff8000000 ---p 00000000 00:00 0 
7f4ff8000000-7f4ff8041000 rw-p 00000000 00:00 0 
7f4ff8041000-7f4ffc000000 ---p 00000000 00:00 0 
7f4ffc000000-7f4ffc056000 rw-p 00000000 00:00 0 
7f4ffc056000-7f5000000000 ---p 00000000 00:00 0 
7f5000000000-7f5000021000 rw-p 00000000 00:00 0 
7f5000021000-7f5004000000 ---p 00000000 00:00 0 
7f5004000000-7f5004021000 rw-p 00000000 00:00 0 
7f5004021000-7f5008000000 ---p 00000000 00:00 0 
7f5008000000-7f50082bc000 rw-p 00000000 00:00 0 
7f50082bc000-7f500c000000 ---p 00000000 00:00 0 
7f500c000000-7f500c021000 rw-p 00000000 00:00 0 
7f500c021000-7f5010000000 ---p 00000000 00:00 0 
7f5010000000-7f5010021000 rw-p 00000000 00:00 0 
7f5010021000-7f5014000000 ---p 00000000 00:00 0 
7f5014000000-7f5014021000 rw-p 00000000 00:00 0 
7f5014021000-7f5018000000 ---p 00000000 00:00 0 
7f5018000000-7f501829b000 rw-p 00000000 00:00 0 
7f501829b000-7f501c000000 ---p 00000000 00:00 0 
7f501c000000-7f501c021000 rw-p 00000000 00:00 0 
7f501c021000-7f5020000000 ---p 00000000 00:00 0 
7f502000d000-7f5020010000 ---p 00000000 00:00 0 
7f5020010000-7f502010e000 rw-p 00000000 00:00 0 
7f502010e000-7f50201a4000 r--s 0110e000 08:05 1216252                    /usr/lib/jvm/java-8-oracle/jre/lib/ext/jfxrt.jar
7f50201a4000-7f50201a5000 ---p 00000000 00:00 0 
7f50201a5000-7f50202a5000 rw-p 00000000 00:00 0 
7f50202a5000-7f50202a8000 ---p 00000000 00:00 0 
7f50202a8000-7f50203a6000 rw-p 00000000 00:00 0 
7f50203a6000-7f50203b7000 r-xp 00000000 08:05 1216368                    /usr/lib/jvm/java-8-oracle/jre/lib/amd64/libnio.so
7f50203b7000-7f50205b6000 ---p 00011000 08:05 1216368                    /usr/lib/jvm/java-8-oracle/jre/lib/amd64/libnio.so
7f50205b6000-7f50205b7000 r--p 00010000 08:05 1216368                    /usr/lib/jvm/java-8-oracle/jre/lib/amd64/libnio.so
7f50205b7000-7f50205b8000 rw-p 00011000 08:05 1216368                    /usr/lib/jvm/java-8-oracle/jre/lib/amd64/libnio.so
7f50205b8000-7f50205c1000 r-xp 00000000 08:05 1216373                    /usr/lib/jvm/java-8-oracle/jre/lib/amd64/libmanagement.so
7f50205c1000-7f50207c0000 ---p 00009000 08:05 1216373                    /usr/lib/jvm/java-8-oracle/jre/lib/amd64/libmanagement.so
7f50207c0000-7f50207c1000 r--p 00008000 08:05 1216373                    /usr/lib/jvm/java-8-oracle/jre/lib/amd64/libmanagement.so
7f50207c1000-7f50207c2000 rw-p 00009000 08:05 1216373                    /usr/lib/jvm/java-8-oracle/jre/lib/amd64/libmanagement.so
7f50207c2000-7f50207d9000 r-xp 00000000 08:05 2117982                    /lib/x86_64-linux-gnu/libresolv-2.23.so
7f50207d9000-7f50209d9000 ---p 00017000 08:05 2117982                    /lib/x86_64-linux-gnu/libresolv-2.23.so
7f50209d9000-7f50209da000 r--p 00017000 08:05 2117982                    /lib/x86_64-linux-gnu/libresolv-2.23.so
7f50209da000-7f50209db000 rw-p 00018000 08:05 2117982                    /lib/x86_64-linux-gnu/libresolv-2.23.so
7f50209db000-7f50209dd000 rw-p 00000000 00:00 0 
7f50209dd000-7f50209e2000 r-xp 00000000 08:05 2117978                    /lib/x86_64-linux-gnu/libnss_dns-2.23.so
7f50209e2000-7f5020be2000 ---p 00005000 08:05 2117978                    /lib/x86_64-linux-gnu/libnss_dns-2.23.so
7f5020be2000-7f5020be3000 r--p 00005000 08:05 2117978                    /lib/x86_64-linux-gnu/libnss_dns-2.23.so
7f5020be3000-7f5020be4000 rw-p 00006000 08:05 2117978                    /lib/x86_64-linux-gnu/libnss_dns-2.23.so
7f5020be4000-7f5020be6000 r-xp 00000000 08:05 2102718                    /lib/x86_64-linux-gnu/libnss_mdns4_minimal.so.2
7f5020be6000-7f5020de5000 ---p 00002000 08:05 2102718                    /lib/x86_64-linux-gnu/libnss_mdns4_minimal.so.2
7f5020de5000-7f5020de6000 r--p 00001000 08:05 2102718                    /lib/x86_64-linux-gnu/libnss_mdns4_minimal.so.2
7f5020de6000-7f5020de7000 rw-p 00002000 08:05 2102718                    /lib/x86_64-linux-gnu/libnss_mdns4_minimal.so.2
7f5020de7000-7f5023de8000 rw-p 00000000 00:00 0 
7f5023de8000-7f5023dfe000 r-xp 00000000 08:05 1216365                    /usr/lib/jvm/java-8-oracle/jre/lib/amd64/libnet.so
7f5023dfe000-7f5023ffe000 ---p 00016000 08:05 1216365                    /usr/lib/jvm/java-8-oracle/jre/lib/amd64/libnet.so
7f5023ffe000-7f5023fff000 r--p 00016000 08:05 1216365                    /usr/lib/jvm/java-8-oracle/jre/lib/amd64/libnet.so
7f5023fff000-7f5024000000 rw-p 00017000 08:05 1216365                    /usr/lib/jvm/java-8-oracle/jre/lib/amd64/libnet.so
7f5024000000-7f5024021000 rw-p 00000000 00:00 0 
7f5024021000-7f5028000000 ---p 00000000 00:00 0 
7f5028058000-7f502805d000 r--s 002f9000 08:05 1216147                    /usr/lib/jvm/java-8-oracle/jre/lib/charsets.jar
7f502805d000-7f5028060000 ---p 00000000 00:00 0 
7f5028060000-7f502815e000 rw-p 00000000 00:00 0 
7f502815e000-7f5028161000 ---p 00000000 00:00 0 
7f5028161000-7f502825f000 rw-p 00000000 00:00 0 
7f502825f000-7f5028262000 ---p 00000000 00:00 0 
7f5028262000-7f502c000000 rw-p 00000000 00:00 0 
7f502c000000-7f502c021000 rw-p 00000000 00:00 0 
7f502c021000-7f5030000000 ---p 00000000 00:00 0 
7f5030001000-7f5030004000 r--s 0001a000 08:05 1216160                    /usr/lib/jvm/java-8-oracle/jre/lib/jce.jar
7f5030004000-7f503000e000 r--s 00116000 08:05 1216258                    /usr/lib/jvm/java-8-oracle/jre/lib/ext/localedata.jar
7f503000e000-7f503002a000 r--s 00393000 08:05 1216251                    /usr/lib/jvm/java-8-oracle/jre/lib/ext/cldrdata.jar
7f503002a000-7f503002e000 r--s 000a1000 08:05 1216154                    /usr/lib/jvm/java-8-oracle/jre/lib/jsse.jar
7f503002e000-7f5030031000 ---p 00000000 00:00 0 
7f5030031000-7f503012f000 rw-p 00000000 00:00 0 
7f503012f000-7f5030132000 ---p 00000000 00:00 0 
7f5030132000-7f5030230000 rw-p 00000000 00:00 0 
7f5030230000-7f5030232000 r--s 0001b000 08:05 809516                     /opt/idea-IU-191.6183.87/lib/idea_rt.jar
7f5030232000-7f50302a4000 r--s 0065a000 00:32 267465                     /home/anisa/.m2/repository/org/scala-lang/scala-library/2.10.4/scala-library-2.10.4.jar
7f50302a4000-7f50302a5000 r--s 00001000 00:32 267475                     /home/anisa/.m2/repository/com/jason-goodwin/better-monads/0.4.0/better-monads-0.4.0.jar
7f50302a5000-7f50302ba000 r--s 000cd000 00:32 3679541                    /home/anisa/.m2/repository/org/springframework/boot/spring-boot/2.0.0.RELEASE/spring-boot-2.0.0.RELEASE.jar
7f50302ba000-7f50302c0000 r--s 0002d000 00:32 135435                     /home/anisa/.m2/repository/org/springframework/boot/spring-boot-devtools/2.0.0.RELEASE/spring-boot-devtools-2.0.0.RELEASE.jar
7f50302c0000-7f50302c1000 r--s 00009000 00:32 135444                     /home/anisa/.m2/repository/org/thymeleaf/extras/thymeleaf-extras-java8time/3.0.1.RELEASE/thymeleaf-extras-java8time-3.0.1.RELEASE.jar
7f50302c1000-7f50302c4000 r--s 00026000 00:32 135442                     /home/anisa/.m2/repository/org/unbescape/unbescape/1.1.5.RELEASE/unbescape-1.1.5.RELEASE.jar
7f50302c4000-7f50302c8000 r--s 00035000 00:32 135440                     /home/anisa/.m2/repository/org/attoparser/attoparser/2.0.4.RELEASE/attoparser-2.0.4.RELEASE.jar
7f50302c8000-7f50302d8000 r--s 000c5000 00:32 17485                      /home/anisa/.m2/repository/org/thymeleaf/thymeleaf/3.0.9.RELEASE/thymeleaf-3.0.9.RELEASE.jar
7f50302d8000-7f50302dc000 r--s 00027000 00:32 17483                      /home/anisa/.m2/repository/org/thymeleaf/thymeleaf-spring5/3.0.9.RELEASE/thymeleaf-spring5-3.0.9.RELEASE.jar
7f50302dc000-7f50302dd000 r--s 00000000 00:32 17481                      /home/anisa/.m2/repository/org/springframework/boot/spring-boot-starter-thymeleaf/2.0.0.RELEASE/spring-boot-starter-thymeleaf-2.0.0.RELEASE.jar
7f50302dd000-7f50302f0000 r--s 00134000 00:32 1588158                    /home/anisa/.m2/repository/com/fasterxml/jackson/core/jackson-databind/2.9.3/jackson-databind-2.9.3.jar
7f50302f0000-7f50302f3000 r--s 0000e000 00:32 3154143                    /home/anisa/.m2/repository/com/fasterxml/jackson/core/jackson-annotations/2.9.0/jackson-annotations-2.9.0.jar
7f50302f3000-7f50302f6000 r--s 00016000 00:32 262378                     /home/anisa/.m2/repository/org/springframework/cloud/spring-cloud-context/2.0.0.M9/spring-cloud-context-2.0.0.M9.jar
7f50302f6000-7f50302f8000 r--s 00010000 00:32 262394                     /home/anisa/.m2/repository/org/springframework/security/spring-security-crypto/5.0.3.RELEASE/spring-security-crypto-5.0.3.RELEASE.jar
7f50302f8000-7f50302fd000 r--s 0001b000 00:32 262386                     /home/anisa/.m2/repository/org/springframework/cloud/spring-cloud-commons/2.0.0.M9/spring-cloud-commons-2.0.0.M9.jar
7f50302fd000-7f503031d000 r--s 000f8000 00:32 3679506                    /home/anisa/.m2/repository/org/springframework/boot/spring-boot-autoconfigure/2.0.0.RELEASE/spring-boot-autoconfigure-2.0.0.RELEASE.jar
7f503031d000-7f503031f000 r--s 00007000 00:32 262373                     /home/anisa/.m2/repository/org/springframework/cloud/spring-cloud-config-client/2.0.0.M9/spring-cloud-config-client-2.0.0.M9.jar
7f503031f000-7f5030338000 r--s 000ff000 00:32 262432                     /home/anisa/.m2/repository/io/reactivex/rxjava/1.3.6/rxjava-1.3.6.jar
7f5030338000-7f503033a000 r--s 00002000 00:32 266282                     /home/anisa/.m2/repository/com/netflix/netflix-commons/netflix-statistics/0.1.1/netflix-statistics-0.1.1.jar
7f503033a000-7f503033e000 r--s 00024000 00:32 266277                     /home/anisa/.m2/repository/com/netflix/ribbon/ribbon-loadbalancer/2.2.5/ribbon-loadbalancer-2.2.5.jar
7f503033e000-7f503033f000 r--s 00001000 00:32 266224                     /home/anisa/.m2/repository/com/netflix/netflix-commons/netflix-commons-util/0.1.1/netflix-commons-util-0.1.1.jar
7f503033f000-7f503034c000 r--s 00083000 00:32 266245                     /home/anisa/.m2/repository/commons-collections/commons-collections/3.2.2/commons-collections-3.2.2.jar
7f503034c000-7f503034e000 r--s 0000c000 00:32 266266                     /home/anisa/.m2/repository/com/netflix/ribbon/ribbon-httpclient/2.2.5/ribbon-httpclient-2.2.5.jar
7f503034e000-7f5030353000 r--s 00041000 00:32 2392902                    /home/anisa/.m2/repository/commons-lang/commons-lang/2.6/commons-lang-2.6.jar
7f5030353000-7f5030357000 r--s 00011000 00:32 266260                     /home/anisa/.m2/repository/com/netflix/ribbon/ribbon-core/2.2.5/ribbon-core-2.2.5.jar
7f5030357000-7f5030358000 r--s 00007000 00:32 3679629                    /home/anisa/.m2/repository/io/netty/netty-resolver/4.1.22.Final/netty-resolver-4.1.22.Final.jar
7f5030358000-7f5030362000 r--s 00066000 00:32 3679616                    /home/anisa/.m2/repository/io/netty/netty-transport/4.1.22.Final/netty-transport-4.1.22.Final.jar
7f5030362000-7f5030364000 r--s 00006000 00:32 3679623                    /home/anisa/.m2/repository/io/netty/netty-transport-native-unix-common/4.1.22.Final/netty-transport-native-unix-common-4.1.22.Final.jar
7f5030364000-7f5030368000 r--s 0003f000 00:32 3679627                    /home/anisa/.m2/repository/io/netty/netty-buffer/4.1.22.Final/netty-buffer-4.1.22.Final.jar
7f5030368000-7f5030374000 r--s 00081000 00:32 3679632                    /home/anisa/.m2/repository/io/netty/netty-common/4.1.22.Final/netty-common-4.1.22.Final.jar
7f5030374000-7f5030377000 r--s 0001a000 00:32 3679617                    /home/anisa/.m2/repository/io/netty/netty-transport-native-epoll/4.1.22.Final/netty-transport-native-epoll-4.1.22.Final.jar
7f5030377000-7f503037e000 r--s 00047000 00:32 3679613                    /home/anisa/.m2/repository/io/netty/netty-codec/4.1.22.Final/netty-codec-4.1.22.Final.jar
7f503037e000-7f5030389000 r--s 0007f000 00:32 3679606                    /home/anisa/.m2/repository/io/netty/netty-codec-http/4.1.22.Final/netty-codec-http-4.1.22.Final.jar
7f5030389000-7f5030393000 r--s 00059000 00:32 266270                     /home/anisa/.m2/repository/io/reactivex/rxnetty/0.4.9/rxnetty-0.4.9.jar
7f5030393000-7f5030394000 r--s 00000000 00:32 3677101                    /home/anisa/.m2/repository/javax/inject/javax.inject/1/javax.inject-1.jar
7f5030394000-7f50303a0000 r--s 00068000 00:32 266211                     /home/anisa/.m2/repository/com/netflix/hystrix/hystrix-core/1.5.12/hystrix-core-1.5.12.jar
7f50303a0000-7f50303a2000 r--s 00006000 00:32 266250                     /home/anisa/.m2/repository/io/reactivex/rxnetty-servo/0.4.9/rxnetty-servo-0.4.9.jar
7f50303a2000-7f50303a5000 r--s 0000b000 00:32 266261                     /home/anisa/.m2/repository/io/reactivex/rxnetty-contexts/0.4.9/rxnetty-contexts-0.4.9.jar
7f50303a5000-7f50303a6000 r--s 00009000 00:32 266151                     /home/anisa/.m2/repository/com/netflix/ribbon/ribbon-transport/2.2.5/ribbon-transport-2.2.5.jar
7f50303a6000-7f50303aa000 r--s 00012000 00:32 266253                     /home/anisa/.m2/repository/com/netflix/ribbon/ribbon/2.2.5/ribbon-2.2.5.jar
7f50303aa000-7f50303ad000 r--s 00016000 00:32 262376                     /home/anisa/.m2/repository/org/springframework/cloud/spring-cloud-netflix-ribbon/2.0.0.M8/spring-cloud-netflix-ribbon-2.0.0.M8.jar
7f50303ad000-7f50303ae000 r--s 00000000 00:32 262380                     /home/anisa/.m2/repository/org/springframework/cloud/spring-cloud-starter-netflix-ribbon/2.0.0.M8/spring-cloud-starter-netflix-ribbon-2.0.0.M8.jar
7f50303ae000-7f50303af000 r--s 00003000 00:32 3679544                    /home/anisa/.m2/repository/org/springframework/spring-jcl/5.0.4.RELEASE/spring-jcl-5.0.4.RELEASE.jar
7f50303af000-7f50303c6000 r--s 00112000 00:32 3679573                    /home/anisa/.m2/repository/org/springframework/spring-core/5.0.4.RELEASE/spring-core-5.0.4.RELEASE.jar
7f50303c6000-7f50303c8000 r--s 0000c000 00:32 3286262                    /home/anisa/.m2/repository/org/objenesis/objenesis/2.6/objenesis-2.6.jar
7f50303c8000-7f50303ca000 r--s 00005000 00:32 266246                     /home/anisa/.m2/repository/xpp3/xpp3_min/1.1.4c/xpp3_min-1.1.4c.jar
7f50303ca000-7f50303cb000 r--s 00001000 00:32 266233                     /home/anisa/.m2/repository/xmlpull/xmlpull/1.1.3.1/xmlpull-1.1.3.1.jar
7f50303cb000-7f50303d9000 r--s 00082000 00:32 266243                     /home/anisa/.m2/repository/com/thoughtworks/xstream/xstream/1.4.10/xstream-1.4.10.jar
7f50303d9000-7f50303db000 r--s 00003000 00:32 266254                     /home/anisa/.m2/repository/com/netflix/ribbon/ribbon-eureka/2.2.5/ribbon-eureka-2.2.5.jar
7f50303db000-7f5030406000 r--s 001fc000 00:32 3673915                    /home/anisa/.m2/repository/com/google/guava/guava/18.0/guava-18.0.jar
7f5030406000-7f503040d000 r--s 00050000 00:32 266267                     /home/anisa/.m2/repository/commons-configuration/commons-configuration/1.8/commons-configuration-1.8.jar
7f503040d000-7f503040f000 r--s 00002000 00:32 262385                     /home/anisa/.m2/repository/org/springframework/cloud/spring-cloud-netflix-archaius/2.0.0.M8/spring-cloud-netflix-archaius-2.0.0.M8.jar
7f503040f000-7f5030410000 r--s 00000000 00:32 262392                     /home/anisa/.m2/repository/org/springframework/cloud/spring-cloud-starter-netflix-archaius/2.0.0.M8/spring-cloud-starter-netflix-archaius-2.0.0.M8.jar
7f5030410000-7f5030414000 r--s 00024000 00:32 266222                     /home/anisa/.m2/repository/org/codehaus/woodstox/stax2-api/3.1.4/stax2-api-3.1.4.jar
7f5030414000-7f5030416000 r--s 00004000 00:32 266231                     /home/anisa/.m2/repository/javax/xml/stream/stax-api/1.0-2/stax-api-1.0-2.jar
7f5030416000-7f503041c000 r--s 00071000 00:32 266229                     /home/anisa/.m2/repository/org/codehaus/woodstox/woodstox-core-asl/4.4.1/woodstox-core-asl-4.4.1.jar
7f503041c000-7f5030421000 r--s 00039000 00:32 262424                     /home/anisa/.m2/repository/com/netflix/eureka/eureka-core/1.8.7/eureka-core-1.8.7.jar
7f5030421000-7f5030425000 r--s 0004b000 00:32 3679607                    /home/anisa/.m2/repository/com/fasterxml/jackson/core/jackson-core/2.9.3/jackson-core-2.9.3.jar
7f5030425000-7f503042a000 r--s 00024000 00:32 3679609                    /home/anisa/.m2/repository/com/github/andrewoma/dexx/dexx-collections/0.2/dexx-collections-0.2.jar
7f503042a000-7f503042b000 r--s 00004000 00:32 3679601                    /home/anisa/.m2/repository/com/github/vlsi/compactmap/compactmap/1.2.1/compactmap-1.2.1.jar
7f503042b000-7f503042d000 r--s 00000000 00:32 3677103                    /home/anisa/.m2/repository/aopalliance/aopalliance/1.0/aopalliance-1.0.jar
7f503042d000-7f503043b000 r--s 00097000 00:32 3427968                    /home/anisa/.m2/repository/com/google/inject/guice/4.1.0/guice-4.1.0.jar
7f503043b000-7f5030442000 r--s 0004b000 00:32 2251382                    /home/anisa/.m2/repository/commons-codec/commons-codec/1.11/commons-codec-1.11.jar
7f5030442000-7f5030449000 r--s 00049000 00:32 1588155                    /home/anisa/.m2/repository/org/apache/httpcomponents/httpcore/4.4.9/httpcore-4.4.9.jar
7f5030449000-7f5030457000 r--s 000ae000 00:32 3679619                    /home/anisa/.m2/repository/org/apache/httpcomponents/httpclient/4.5.5/httpclient-4.5.5.jar
7f5030457000-7f5030459000 r--s 00003000 00:32 3021663                    /home/anisa/.m2/repository/com/sun/jersey/contribs/jersey-apache-client4/1.19.1/jersey-apache-client4-1.19.1.jar
7f5030459000-7f503045c000 r--s 0001e000 00:32 3021659                    /home/anisa/.m2/repository/com/sun/jersey/jersey-client/1.19.1/jersey-client-1.19.1.jar
7f503045c000-7f5030466000 r--s 00061000 00:32 2887624                    /home/anisa/.m2/repository/com/sun/jersey/jersey-core/1.19.1/jersey-core-1.19.1.jar
7f5030466000-7f503046a000 r--s 00027000 00:32 266187                     /home/anisa/.m2/repository/com/netflix/servo/servo-internal/0.10.1/servo-internal-0.10.1.jar
7f503046a000-7f503046f000 r--s 00032000 00:32 266273                     /home/anisa/.m2/repository/com/netflix/servo/servo-core/0.10.1/servo-core-0.10.1.jar
7f503046f000-7f5030471000 r--s 0000a000 00:32 266227                     /home/anisa/.m2/repository/javax/ws/rs/jsr311-api/1.1.1/jsr311-api-1.1.1.jar
7f5030471000-7f5030475000 r--s 0001f000 00:32 262434                     /home/anisa/.m2/repository/com/netflix/archaius/archaius-core/0.7.5/archaius-core-0.7.5.jar
7f5030475000-7f5030488000 r--s 000df000 00:32 266213                     /home/anisa/.m2/repository/org/apache/commons/commons-math/2.2/commons-math-2.2.jar
7f5030488000-7f503048d000 r--s 00034000 00:32 262423                     /home/anisa/.m2/repository/com/google/code/gson/gson/2.8.2/gson-2.8.2.jar
7f503048d000-7f5030492000 r--s 00068000 00:32 3676517                    /home/anisa/.m2/repository/antlr/antlr/2.7.7/antlr-2.7.7.jar
7f5030492000-7f5030495000 r--s 00022000 00:32 266208                     /home/anisa/.m2/repository/org/antlr/stringtemplate/3.2.1/stringtemplate-3.2.1.jar
7f5030495000-7f5030499000 r--s 00025000 00:32 266143                     /home/anisa/.m2/repository/org/antlr/antlr-runtime/3.4/antlr-runtime-3.4.jar
7f5030499000-7f50304aa000 r--s 0008a000 00:32 266171                     /home/anisa/.m2/repository/joda-time/joda-time/2.9.9/joda-time-2.9.9.jar
7f50304aa000-7f50304b0000 r--s 00044000 00:32 266206                     /home/anisa/.m2/repository/commons-jxpath/commons-jxpath/1.3/commons-jxpath-1.3.jar
7f50304b0000-7f50304b3000 r--s 00016000 00:32 266203                     /home/anisa/.m2/repository/com/netflix/netflix-commons/netflix-infix/0.3.0/netflix-infix-0.3.0.jar
7f50304b3000-7f50304b5000 r--s 0000f000 00:32 266201                     /home/anisa/.m2/repository/com/netflix/netflix-commons/netflix-eventbus/0.3.0/netflix-eventbus-0.3.0.jar
7f50304b5000-7f50304b7000 r--s 00005000 00:32 266199                     /home/anisa/.m2/repository/stax/stax-api/1.0.1/stax-api-1.0.1.jar
7f50304b7000-7f50304ba000 r--s 00012000 00:32 266193                     /home/anisa/.m2/repository/org/codehaus/jettison/jettison/1.3.7/jettison-1.3.7.jar
7f50304ba000-7f50304c5000 r--s 00061000 00:32 262422                     /home/anisa/.m2/repository/com/netflix/eureka/eureka-client/1.8.7/eureka-client-1.8.7.jar
7f50304c5000-7f50304c9000 r--s 00014000 00:32 262379                     /home/anisa/.m2/repository/org/springframework/cloud/spring-cloud-netflix-eureka-client/2.0.0.M8/spring-cloud-netflix-eureka-client-2.0.0.M8.jar
7f50304c9000-7f50304e2000 r--s 001bf000 00:32 265458                     /home/anisa/.m2/repository/org/aspectj/aspectjweaver/1.8.13/aspectjweaver-1.8.13.jar
7f50304e2000-7f50304e3000 r--s 00000000 00:32 3679525                    /home/anisa/.m2/repository/org/springframework/boot/spring-boot-starter-aop/2.0.0.RELEASE/spring-boot-starter-aop-2.0.0.RELEASE.jar
7f50304e3000-7f50304e5000 r--s 00005000 00:32 262382                     /home/anisa/.m2/repository/org/springframework/cloud/spring-cloud-netflix-core/2.0.0.M8/spring-cloud-netflix-core-2.0.0.M8.jar
7f50304e5000-7f5030530000 r--s 002ff000 00:32 262418                     /home/anisa/.m2/repository/org/bouncycastle/bcprov-jdk15on/1.56/bcprov-jdk15on-1.56.jar
7f5030530000-7f5030541000 r--s 00097000 00:32 262416                     /home/anisa/.m2/repository/org/bouncycastle/bcpkix-jdk15on/1.56/bcpkix-jdk15on-1.56.jar
7f5030541000-7f5030542000 r--s 00004000 00:32 262377                     /home/anisa/.m2/repository/org/springframework/security/spring-security-rsa/1.0.5.RELEASE/spring-security-rsa-1.0.5.RELEASE.jar
7f5030542000-7f5030543000 r--s 00000000 00:32 262407                     /home/anisa/.m2/repository/org/springframework/cloud/spring-cloud-starter/2.0.0.M9/spring-cloud-starter-2.0.0.M9.jar
7f5030543000-7f5030544000 r--s 00000000 00:32 262328                     /home/anisa/.m2/repository/org/springframework/cloud/spring-cloud-starter-netflix-eureka-client/2.0.0.M8/spring-cloud-starter-netflix-eureka-client-2.0.0.M8.jar
7f5030544000-7f5030549000 r--s 0003c000 00:32 3679537                    /home/anisa/.m2/repository/org/springframework/spring-expression/5.0.4.RELEASE/spring-expression-5.0.4.RELEASE.jar
7f5030549000-7f5030552000 r--s 0004f000 00:32 3679561                    /home/anisa/.m2/repository/org/springframework/spring-aop/5.0.4.RELEASE/spring-aop-5.0.4.RELEASE.jar
7f5030552000-7f5030561000 r--s 000b0000 00:32 3679529                    /home/anisa/.m2/repository/org/springframework/spring-webmvc/5.0.4.RELEASE/spring-webmvc-5.0.4.RELEASE.jar
7f5030561000-7f503056d000 r--s 00094000 00:32 3679530                    /home/anisa/.m2/repository/org/springframework/spring-beans/5.0.4.RELEASE/spring-beans-5.0.4.RELEASE.jar
7f503056d000-7f5030587000 r--s 00116000 00:32 3679575                    /home/anisa/.m2/repository/org/springframework/spring-web/5.0.4.RELEASE/spring-web-5.0.4.RELEASE.jar
7f5030587000-7f5030589000 r--s 0000e000 00:32 266175                     /home/anisa/.m2/repository/com/fasterxml/classmate/1.3.4/classmate-1.3.4.jar
7f5030589000-7f503058b000 r--s 0000f000 00:32 3676566                    /home/anisa/.m2/repository/org/jboss/logging/jboss-logging/3.3.2.Final/jboss-logging-3.3.2.Final.jar
7f503058b000-7f5030590000 r--s 00012000 00:32 3676564                    /home/anisa/.m2/repository/javax/validation/validation-api/2.0.1.Final/validation-api-2.0.1.Final.jar
7f5030590000-7f50305ac000 r--s 000f5000 00:32 3410918                    /home/anisa/.m2/repository/org/hibernate/validator/hibernate-validator/6.0.7.Final/hibernate-validator-6.0.7.Final.jar
7f50305ac000-7f50305b1000 r--s 0003a000 00:32 2228412                    /home/anisa/.m2/repository/org/apache/tomcat/embed/tomcat-embed-websocket/8.5.28/tomcat-embed-websocket-8.5.28.jar
7f50305b1000-7f50305b5000 r--s 00037000 00:32 1588164                    /home/anisa/.m2/repository/org/apache/tomcat/embed/tomcat-embed-el/8.5.28/tomcat-embed-el-8.5.28.jar
7f50305b5000-7f50305df000 r--s 002ce000 00:32 3679600                    /home/anisa/.m2/repository/org/apache/tomcat/embed/tomcat-embed-core/8.5.28/tomcat-embed-core-8.5.28.jar
7f50305df000-7f50305e0000 r--s 00000000 00:32 3679517                    /home/anisa/.m2/repository/org/springframework/boot/spring-boot-starter-tomcat/2.0.0.RELEASE/spring-boot-starter-tomcat-2.0.0.RELEASE.jar
7f50305e0000-7f50305e1000 r--s 00000000 00:32 3679295                    /home/anisa/.m2/repository/org/springframework/boot/spring-boot-starter-web/2.0.0.RELEASE/spring-boot-starter-web-2.0.0.RELEASE.jar
7f50305e1000-7f50305e3000 r--s 00009000 00:32 3676600                    /home/anisa/.m2/repository/org/slf4j/slf4j-api/1.7.25/slf4j-api-1.7.25.jar
7f50305e3000-7f50305e5000 r--s 00002000 00:32 267470                     /home/anisa/.m2/repository/org/atteo/evo-inflector/1.2.2/evo-inflector-1.2.2.jar
7f50305e5000-7f50305e6000 r--s 00004000 00:32 3676071                    /home/anisa/.m2/repository/org/springframework/plugin/spring-plugin-core/1.2.0.RELEASE/spring-plugin-core-1.2.0.RELEASE.jar
7f50305e6000-7f50305fd000 r--s 000ed000 00:32 3679518                    /home/anisa/.m2/repository/org/springframework/data/spring-data-commons/2.0.5.RELEASE/spring-data-commons-2.0.5.RELEASE.jar
7f50305fd000-7f5030602000 r--s 0002e000 00:32 3679493                    /home/anisa/.m2/repository/org/springframework/hateoas/spring-hateoas/0.24.0.RELEASE/spring-hateoas-0.24.0.RELEASE.jar
7f5030602000-7f5030607000 r--s 0001d000 00:32 262449                     /home/anisa/.m2/repository/org/springframework/data/spring-data-rest-core/3.0.5.RELEASE/spring-data-rest-core-3.0.5.RELEASE.jar
7f5030607000-7f503060f000 r--s 0004b000 00:32 262451                     /home/anisa/.m2/repository/org/springframework/data/spring-data-rest-webmvc/3.0.5.RELEASE/spring-data-rest-webmvc-3.0.5.RELEASE.jar
7f503060f000-7f5030611000 r--s 00001000 00:32 3679603                    /home/anisa/.m2/repository/com/fasterxml/jackson/module/jackson-module-parameter-names/2.9.3/jackson-module-parameter-names-2.9.3.jar
7f5030611000-7f5030613000 r--s 00007000 00:32 3679599                    /home/anisa/.m2/repository/com/fasterxml/jackson/datatype/jackson-datatype-jdk8/2.9.3/jackson-datatype-jdk8-2.9.3.jar
7f5030613000-7f5030614000 r--s 00000000 00:32 3679513                    /home/anisa/.m2/repository/org/springframework/boot/spring-boot-starter-json/2.0.0.RELEASE/spring-boot-starter-json-2.0.0.RELEASE.jar
7f5030614000-7f5030615000 r--s 00000000 00:32 262447                     /home/anisa/.m2/repository/org/springframework/boot/spring-boot-starter-data-rest/2.0.0.RELEASE/spring-boot-starter-data-rest-2.0.0.RELEASE.jar
7f5030615000-7f5030616000 r--s 00000000 00:32 3679645                    /home/anisa/.m2/repository/org/reactivestreams/reactive-streams/1.0.2/reactive-streams-1.0.2.jar
7f5030616000-7f503062a000 r--s 00131000 00:32 3679643                    /home/anisa/.m2/repository/io/projectreactor/reactor-core/3.1.5.RELEASE/reactor-core-3.1.5.RELEASE.jar
7f503062a000-7f5030631000 r--s 00036000 00:32 3679564                    /home/anisa/.m2/repository/org/springframework/spring-tx/5.0.4.RELEASE/spring-tx-5.0.4.RELEASE.jar
7f5030631000-7f503064b000 r--s 00118000 00:32 3679508                    /home/anisa/.m2/repository/org/springframework/integration/spring-integration-core/5.0.3.RELEASE/spring-integration-core-5.0.3.RELEASE.jar
7f503064b000-7f503064f000 r--s 0001c000 00:32 3679543                    /home/anisa/.m2/repository/org/springframework/retry/spring-retry/1.2.2.RELEASE/spring-retry-1.2.2.RELEASE.jar
7f503064f000-7f5030650000 r--s 00001000 00:32 3679554                    /home/anisa/.m2/repository/org/springframework/integration/spring-integration-tuple/1.0.0.RELEASE/spring-integration-tuple-1.0.0.RELEASE.jar
7f5030650000-7f5030651000 r--s 00001000 00:32 3679641                    /home/anisa/.m2/repository/com/esotericsoftware/minlog/1.3.0/minlog-1.3.0.jar
7f5030651000-7f5030658000 r--s 00051000 00:32 3679636                    /home/anisa/.m2/repository/com/esotericsoftware/kryo-shaded/3.0.3/kryo-shaded-3.0.3.jar
7f5030658000-7f503065a000 r--s 00006000 00:32 3679551                    /home/anisa/.m2/repository/org/springframework/spring-tuple/1.0.0.RELEASE/spring-tuple-1.0.0.RELEASE.jar
7f503065a000-7f5030663000 r--s 00052000 00:32 3679555                    /home/anisa/.m2/repository/org/springframework/spring-messaging/5.0.4.RELEASE/spring-messaging-5.0.4.RELEASE.jar
7f5030663000-7f5030664000 r--s 00000000 00:32 3679507                    /home/anisa/.m2/repository/org/springframework/boot/spring-boot-starter-validation/2.0.0.RELEASE/spring-boot-starter-validation-2.0.0.RELEASE.jar
7f5030664000-7f503066a000 r--s 00038000 00:32 262409                     /home/anisa/.m2/repository/org/springframework/cloud/spring-cloud-stream/2.0.0.RC3/spring-cloud-stream-2.0.0.RC3.jar
7f503066a000-7f503066c000 r--s 00009000 00:32 262402                     /home/anisa/.m2/repository/org/springframework/cloud/spring-cloud-bus/2.0.0.M7/spring-cloud-bus-2.0.0.M7.jar
7f503066c000-7f503066e000 r--s 0000d000 00:32 3679567                    /home/anisa/.m2/repository/org/springframework/integration/spring-integration-jmx/5.0.3.RELEASE/spring-integration-jmx-5.0.3.RELEASE.jar
7f503066e000-7f5030671000 r--s 0001a000 00:32 3679532                    /home/anisa/.m2/repository/org/springframework/integration/spring-integration-amqp/5.0.3.RELEASE/spring-integration-amqp-5.0.3.RELEASE.jar
7f5030671000-7f5030673000 r--s 0000d000 00:32 3679637                    /home/anisa/.m2/repository/com/rabbitmq/http-client/1.3.1.RELEASE/http-client-1.3.1.RELEASE.jar
7f5030673000-7f503067f000 r--s 00075000 00:32 3679624                    /home/anisa/.m2/repository/com/rabbitmq/amqp-client/5.1.2/amqp-client-5.1.2.jar
7f503067f000-7f5030683000 r--s 0001b000 00:32 3679549                    /home/anisa/.m2/repository/org/springframework/amqp/spring-amqp/2.0.2.RELEASE/spring-amqp-2.0.2.RELEASE.jar
7f5030683000-7f503068b000 r--s 00063000 00:32 3679542                    /home/anisa/.m2/repository/org/springframework/amqp/spring-rabbit/2.0.2.RELEASE/spring-rabbit-2.0.2.RELEASE.jar
7f503068b000-7f503068c000 r--s 00000000 00:32 3679546                    /home/anisa/.m2/repository/org/springframework/boot/spring-boot-starter-amqp/2.0.0.RELEASE/spring-boot-starter-amqp-2.0.0.RELEASE.jar
7f503068c000-7f503068e000 r--s 00006000 00:32 262400                     /home/anisa/.m2/repository/org/springframework/cloud/spring-cloud-stream-binder-rabbit-core/2.0.0.RC3/spring-cloud-stream-binder-rabbit-core-2.0.0.RC3.jar
7f503068e000-7f5030690000 r--s 00006000 00:32 262399                     /home/anisa/.m2/repository/org/springframework/cloud/spring-cloud-stream-binder-rabbit/2.0.0.RC3/spring-cloud-stream-binder-rabbit-2.0.0.RC3.jar
7f5030690000-7f5030691000 r--s 00000000 00:32 262388                     /home/anisa/.m2/repository/org/springframework/cloud/spring-cloud-starter-stream-rabbit/2.0.0.RC3/spring-cloud-starter-stream-rabbit-2.0.0.RC3.jar
7f5030691000-7f5030693000 r--s 00006000 00:32 267589                     /home/anisa/.m2/repository/org/latencyutils/LatencyUtils/2.0.3/LatencyUtils-2.0.3.jar
7f5030693000-7f5030695000 r--s 0001b000 00:32 267586                     /home/anisa/.m2/repository/org/hdrhistogram/HdrHistogram/2.1.10/HdrHistogram-2.1.10.jar
7f5030695000-7f503069c000 r--s 00042000 00:32 262420                     /home/anisa/.m2/repository/io/micrometer/micrometer-core/1.0.1/micrometer-core-1.0.1.jar
7f503069c000-7f503069f000 r--s 00015000 00:32 3679595                    /home/anisa/.m2/repository/com/fasterxml/jackson/datatype/jackson-datatype-jsr310/2.9.3/jackson-datatype-jsr310-2.9.3.jar
7f503069f000-7f50306b9000 r--s 000ee000 00:32 3679534                    /home/anisa/.m2/repository/org/springframework/spring-context/5.0.4.RELEASE/spring-context-5.0.4.RELEASE.jar
7f50306b9000-7f50306c7000 r--s 00062000 00:32 262366                     /home/anisa/.m2/repository/org/springframework/boot/spring-boot-actuator/2.0.0.RELEASE/spring-boot-actuator-2.0.0.RELEASE.jar
7f50306c7000-7f50306d3000 r--s 0004e000 00:32 262364                     /home/anisa/.m2/repository/org/springframework/boot/spring-boot-actuator-autoconfigure/2.0.0.RELEASE/spring-boot-actuator-autoconfigure-2.0.0.RELEASE.jar
7f50306d3000-7f50306da000 r--s 00042000 00:32 267913                     /home/anisa/.m2/repository/org/yaml/snakeyaml/1.19/snakeyaml-1.19.jar
7f50306da000-7f50306dc000 r--s 00005000 00:32 3676562                    /home/anisa/.m2/repository/javax/annotation/javax.annotation-api/1.3.2/javax.annotation-api-1.3.2.jar
7f50306dc000-7f50306de000 r--s 00000000 00:32 3426010                    /home/anisa/.m2/repository/org/slf4j/jul-to-slf4j/1.7.25/jul-to-slf4j-1.7.25.jar
7f50306de000-7f50306e4000 r--s 00039000 00:32 267900                     /home/anisa/.m2/repository/org/apache/logging/log4j/log4j-api/2.10.0/log4j-api-2.10.0.jar
7f50306e4000-7f50306e6000 r--s 00003000 00:32 267908                     /home/anisa/.m2/repository/org/apache/logging/log4j/log4j-to-slf4j/2.10.0/log4j-to-slf4j-2.10.0.jar
7f50306e6000-7f50306f1000 r--s 00069000 00:32 1588181                    /home/anisa/.m2/repository/ch/qos/logback/logback-core/1.2.3/logback-core-1.2.3.jar
7f50306f1000-7f50306f4000 ---p 00000000 00:00 0 
7f50306f4000-7f50307f2000 rw-p 00000000 00:00 0 
7f50307f2000-7f5031328000 r--p 00000000 08:05 1187634                    /usr/lib/locale/locale-archive
7f5031328000-7f503132b000 ---p 00000000 00:00 0 
7f503132b000-7f5031429000 rw-p 00000000 00:00 0 
7f5031429000-7f503142c000 ---p 00000000 00:00 0 
7f503142c000-7f503152a000 rw-p 00000000 00:00 0 
7f503152a000-7f503152b000 ---p 00000000 00:00 0 
7f503152b000-7f503253a000 rw-p 00000000 00:00 0 
7f503253a000-7f5032714000 r--s 03d6f000 08:05 1216149                    /usr/lib/jvm/java-8-oracle/jre/lib/rt.jar
7f5032714000-7f5033354000 rw-p 00000000 00:00 0 
7f5033354000-7f5033355000 ---p 00000000 00:00 0 
7f5033355000-7f5033455000 rw-p 00000000 00:00 0 
7f5033455000-7f5033456000 ---p 00000000 00:00 0 
7f5033456000-7f5033556000 rw-p 00000000 00:00 0 
7f5033556000-7f5033557000 ---p 00000000 00:00 0 
7f5033557000-7f5033657000 rw-p 00000000 00:00 0 
7f5033657000-7f5033658000 ---p 00000000 00:00 0 
7f5033658000-7f503377d000 rw-p 00000000 00:00 0 
7f503377d000-7f50339df000 ---p 00000000 00:00 0 
7f50339df000-7f5033a04000 rw-p 00000000 00:00 0 
7f5033a04000-7f5033c65000 ---p 00000000 00:00 0 
7f5033c65000-7f5033d51000 rw-p 00000000 00:00 0 
7f5033d51000-7f5033da9000 ---p 00000000 00:00 0 
7f5033da9000-7f5033dd4000 rw-p 00000000 00:00 0 
7f5033dd4000-7f503416a000 ---p 00000000 00:00 0 
7f503416a000-7f5034bda000 rwxp 00000000 00:00 0 
7f5034bda000-7f504316a000 ---p 00000000 00:00 0 
7f504316a000-7f5043185000 r-xp 00000000 08:05 1216361                    /usr/lib/jvm/java-8-oracle/jre/lib/amd64/libzip.so
7f5043185000-7f5043384000 ---p 0001b000 08:05 1216361                    /usr/lib/jvm/java-8-oracle/jre/lib/amd64/libzip.so
7f5043384000-7f5043385000 r--p 0001a000 08:05 1216361                    /usr/lib/jvm/java-8-oracle/jre/lib/amd64/libzip.so
7f5043385000-7f5043386000 rw-p 0001b000 08:05 1216361                    /usr/lib/jvm/java-8-oracle/jre/lib/amd64/libzip.so
7f5043386000-7f5043391000 r-xp 00000000 08:05 2117986                    /lib/x86_64-linux-gnu/libnss_files-2.23.so
7f5043391000-7f5043590000 ---p 0000b000 08:05 2117986                    /lib/x86_64-linux-gnu/libnss_files-2.23.so
7f5043590000-7f5043591000 r--p 0000a000 08:05 2117986                    /lib/x86_64-linux-gnu/libnss_files-2.23.so
7f5043591000-7f5043592000 rw-p 0000b000 08:05 2117986                    /lib/x86_64-linux-gnu/libnss_files-2.23.so
7f5043592000-7f5043598000 rw-p 00000000 00:00 0 
7f5043598000-7f50435a3000 r-xp 00000000 08:05 2117979                    /lib/x86_64-linux-gnu/libnss_nis-2.23.so
7f50435a3000-7f50437a2000 ---p 0000b000 08:05 2117979                    /lib/x86_64-linux-gnu/libnss_nis-2.23.so
7f50437a2000-7f50437a3000 r--p 0000a000 08:05 2117979                    /lib/x86_64-linux-gnu/libnss_nis-2.23.so
7f50437a3000-7f50437a4000 rw-p 0000b000 08:05 2117979                    /lib/x86_64-linux-gnu/libnss_nis-2.23.so
7f50437a4000-7f50437ba000 r-xp 00000000 08:05 2117984                    /lib/x86_64-linux-gnu/libnsl-2.23.so
7f50437ba000-7f50439b9000 ---p 00016000 08:05 2117984                    /lib/x86_64-linux-gnu/libnsl-2.23.so
7f50439b9000-7f50439ba000 r--p 00015000 08:05 2117984                    /lib/x86_64-linux-gnu/libnsl-2.23.so
7f50439ba000-7f50439bb000 rw-p 00016000 08:05 2117984                    /lib/x86_64-linux-gnu/libnsl-2.23.so
7f50439bb000-7f50439bd000 rw-p 00000000 00:00 0 
7f50439bd000-7f50439c5000 r-xp 00000000 08:05 2117990                    /lib/x86_64-linux-gnu/libnss_compat-2.23.so
7f50439c5000-7f5043bc4000 ---p 00008000 08:05 2117990                    /lib/x86_64-linux-gnu/libnss_compat-2.23.so
7f5043bc4000-7f5043bc5000 r--p 00007000 08:05 2117990                    /lib/x86_64-linux-gnu/libnss_compat-2.23.so
7f5043bc5000-7f5043bc6000 rw-p 00008000 08:05 2117990                    /lib/x86_64-linux-gnu/libnss_compat-2.23.so
7f5043bc6000-7f5043bd0000 r-xp 00000000 08:05 1216370                    /usr/lib/jvm/java-8-oracle/jre/lib/amd64/libinstrument.so
7f5043bd0000-7f5043dcf000 ---p 0000a000 08:05 1216370                    /usr/lib/jvm/java-8-oracle/jre/lib/amd64/libinstrument.so
7f5043dcf000-7f5043dd0000 r--p 00009000 08:05 1216370                    /usr/lib/jvm/java-8-oracle/jre/lib/amd64/libinstrument.so
7f5043dd0000-7f5043dd1000 rw-p 0000a000 08:05 1216370                    /usr/lib/jvm/java-8-oracle/jre/lib/amd64/libinstrument.so
7f5043dd1000-7f5043dfd000 r-xp 00000000 08:05 1216355                    /usr/lib/jvm/java-8-oracle/jre/lib/amd64/libjava.so
7f5043dfd000-7f5043ffd000 ---p 0002c000 08:05 1216355                    /usr/lib/jvm/java-8-oracle/jre/lib/amd64/libjava.so
7f5043ffd000-7f5043ffe000 r--p 0002c000 08:05 1216355                    /usr/lib/jvm/java-8-oracle/jre/lib/amd64/libjava.so
7f5043ffe000-7f5044000000 rw-p 0002d000 08:05 1216355                    /usr/lib/jvm/java-8-oracle/jre/lib/amd64/libjava.so
7f5044000000-7f50452af000 rw-p 00000000 00:00 0 
7f50452af000-7f5048000000 ---p 00000000 00:00 0 
7f5048000000-7f5048001000 r--s 00000000 00:32 262498                     /home/anisa/.m2/repository/org/springframework/cloud/spring-cloud-starter-bus-amqp/2.0.0.M7/spring-cloud-starter-bus-amqp-2.0.0.M7.jar
7f5048001000-7f5048007000 r--s 00041000 00:32 2534809                    /home/anisa/.m2/repository/ch/qos/logback/logback-classic/1.2.3/logback-classic-1.2.3.jar
7f5048007000-7f5048008000 r--s 00000000 00:32 3679497                    /home/anisa/.m2/repository/org/springframework/boot/spring-boot-starter-logging/2.0.0.RELEASE/spring-boot-starter-logging-2.0.0.RELEASE.jar
7f5048008000-7f5048009000 r--s 00000000 00:32 3679559                    /home/anisa/.m2/repository/org/springframework/boot/spring-boot-starter/2.0.0.RELEASE/spring-boot-starter-2.0.0.RELEASE.jar
7f5048009000-7f504801c000 r--s 00345000 08:05 1216153                    /usr/lib/jvm/java-8-oracle/jre/lib/resources.jar
7f504801c000-7f504802f000 r--s 000d6000 08:05 1216140                    /usr/lib/jvm/java-8-oracle/jre/lib/plugin.jar
7f504802f000-7f504804a000 r--s 0020c000 08:05 1216127                    /usr/lib/jvm/java-8-oracle/jre/lib/deploy.jar
7f504804a000-7f5048057000 r-xp 00000000 08:05 1216360                    /usr/lib/jvm/java-8-oracle/jre/lib/amd64/libverify.so
7f5048057000-7f5048256000 ---p 0000d000 08:05 1216360                    /usr/lib/jvm/java-8-oracle/jre/lib/amd64/libverify.so
7f5048256000-7f5048258000 r--p 0000c000 08:05 1216360                    /usr/lib/jvm/java-8-oracle/jre/lib/amd64/libverify.so
7f5048258000-7f5048259000 rw-p 0000e000 08:05 1216360                    /usr/lib/jvm/java-8-oracle/jre/lib/amd64/libverify.so
7f5048259000-7f5048260000 r-xp 00000000 08:05 2117906                    /lib/x86_64-linux-gnu/librt-2.23.so
7f5048260000-7f504845f000 ---p 00007000 08:05 2117906                    /lib/x86_64-linux-gnu/librt-2.23.so
7f504845f000-7f5048460000 r--p 00006000 08:05 2117906                    /lib/x86_64-linux-gnu/librt-2.23.so
7f5048460000-7f5048461000 rw-p 00007000 08:05 2117906                    /lib/x86_64-linux-gnu/librt-2.23.so
7f5048461000-7f5048569000 r-xp 00000000 08:05 2117992                    /lib/x86_64-linux-gnu/libm-2.23.so
7f5048569000-7f5048768000 ---p 00108000 08:05 2117992                    /lib/x86_64-linux-gnu/libm-2.23.so
7f5048768000-7f5048769000 r--p 00107000 08:05 2117992                    /lib/x86_64-linux-gnu/libm-2.23.so
7f5048769000-7f504876a000 rw-p 00108000 08:05 2117992                    /lib/x86_64-linux-gnu/libm-2.23.so
7f504876a000-7f5049452000 r-xp 00000000 08:05 1216381                    /usr/lib/jvm/java-8-oracle/jre/lib/amd64/server/libjvm.so
7f5049452000-7f5049651000 ---p 00ce8000 08:05 1216381                    /usr/lib/jvm/java-8-oracle/jre/lib/amd64/server/libjvm.so
7f5049651000-7f50496e7000 r--p 00ce7000 08:05 1216381                    /usr/lib/jvm/java-8-oracle/jre/lib/amd64/server/libjvm.so
7f50496e7000-7f5049718000 rw-p 00d7d000 08:05 1216381                    /usr/lib/jvm/java-8-oracle/jre/lib/amd64/server/libjvm.so
7f5049718000-7f5049753000 rw-p 00000000 00:00 0 
7f5049753000-7f5049913000 r-xp 00000000 08:05 2117989                    /lib/x86_64-linux-gnu/libc-2.23.so
7f5049913000-7f5049b13000 ---p 001c0000 08:05 2117989                    /lib/x86_64-linux-gnu/libc-2.23.so
7f5049b13000-7f5049b17000 r--p 001c0000 08:05 2117989                    /lib/x86_64-linux-gnu/libc-2.23.so
7f5049b17000-7f5049b19000 rw-p 001c4000 08:05 2117989                    /lib/x86_64-linux-gnu/libc-2.23.so
7f5049b19000-7f5049b1d000 rw-p 00000000 00:00 0 
7f5049b1d000-7f5049b20000 r-xp 00000000 08:05 2117917                    /lib/x86_64-linux-gnu/libdl-2.23.so
7f5049b20000-7f5049d1f000 ---p 00003000 08:05 2117917                    /lib/x86_64-linux-gnu/libdl-2.23.so
7f5049d1f000-7f5049d20000 r--p 00002000 08:05 2117917                    /lib/x86_64-linux-gnu/libdl-2.23.so
7f5049d20000-7f5049d21000 rw-p 00003000 08:05 2117917                    /lib/x86_64-linux-gnu/libdl-2.23.so
7f5049d21000-7f5049d38000 r-xp 00000000 08:05 1216095                    /usr/lib/jvm/java-8-oracle/lib/amd64/jli/libjli.so
7f5049d38000-7f5049f37000 ---p 00017000 08:05 1216095                    /usr/lib/jvm/java-8-oracle/lib/amd64/jli/libjli.so
7f5049f37000-7f5049f38000 r--p 00016000 08:05 1216095                    /usr/lib/jvm/java-8-oracle/lib/amd64/jli/libjli.so
7f5049f38000-7f5049f39000 rw-p 00017000 08:05 1216095                    /usr/lib/jvm/java-8-oracle/lib/amd64/jli/libjli.so
7f5049f39000-7f5049f51000 r-xp 00000000 08:05 2117976                    /lib/x86_64-linux-gnu/libpthread-2.23.so
7f5049f51000-7f504a150000 ---p 00018000 08:05 2117976                    /lib/x86_64-linux-gnu/libpthread-2.23.so
7f504a150000-7f504a151000 r--p 00017000 08:05 2117976                    /lib/x86_64-linux-gnu/libpthread-2.23.so
7f504a151000-7f504a152000 rw-p 00018000 08:05 2117976                    /lib/x86_64-linux-gnu/libpthread-2.23.so
7f504a152000-7f504a156000 rw-p 00000000 00:00 0 
7f504a156000-7f504a17c000 r-xp 00000000 08:05 2117975                    /lib/x86_64-linux-gnu/ld-2.23.so
7f504a17c000-7f504a17d000 r--s 00000000 00:32 262230                     /home/anisa/.m2/repository/org/springframework/boot/spring-boot-starter-actuator/2.0.0.RELEASE/spring-boot-starter-actuator-2.0.0.RELEASE.jar
7f504a17d000-7f504a17e000 r--s 00000000 08:05 1216133                    /usr/lib/jvm/java-8-oracle/jre/lib/management-agent.jar
7f504a17e000-7f504a182000 r--s 000a1000 08:05 1216154                    /usr/lib/jvm/java-8-oracle/jre/lib/jsse.jar
7f504a182000-7f504a187000 r--s 00084000 08:05 1216126                    /usr/lib/jvm/java-8-oracle/jre/lib/jfr.jar
7f504a187000-7f504a257000 rw-p 00000000 00:00 0 
7f504a257000-7f504a25a000 ---p 00000000 00:00 0 
7f504a25a000-7f504a35d000 rw-p 00000000 00:00 0 
7f504a35d000-7f504a35f000 r--s 00007000 08:05 1216162                    /usr/lib/jvm/java-8-oracle/jre/lib/jfxswt.jar
7f504a35f000-7f504a362000 r--s 0001a000 08:05 1216160                    /usr/lib/jvm/java-8-oracle/jre/lib/jce.jar
7f504a362000-7f504a36c000 r--s 0006e000 08:05 1216136                    /usr/lib/jvm/java-8-oracle/jre/lib/javaws.jar
7f504a36c000-7f504a371000 r--s 002f9000 08:05 1216147                    /usr/lib/jvm/java-8-oracle/jre/lib/charsets.jar
7f504a371000-7f504a379000 rw-s 00000000 08:05 1981252                    /tmp/hsperfdata_anisa/1398
7f504a379000-7f504a37a000 rw-p 00000000 00:00 0 
7f504a37a000-7f504a37b000 ---p 00000000 00:00 0 
7f504a37b000-7f504a37c000 r--p 00025000 08:05 2117975                    /lib/x86_64-linux-gnu/ld-2.23.so
7f504a37c000-7f504a37d000 rw-p 00026000 08:05 2117975                    /lib/x86_64-linux-gnu/ld-2.23.so
7f504a37d000-7f504a37e000 rw-p 00000000 00:00 0 
7ffd3829b000-7ffd382c1000 rw-p 00000000 00:00 0                          [stack]
7ffd38349000-7ffd3834c000 r--p 00000000 00:00 0                          [vvar]
7ffd3834c000-7ffd3834e000 r-xp 00000000 00:00 0                          [vdso]
ffffffffff600000-ffffffffff601000 r-xp 00000000 00:00 0                  [vsyscall]

VM Arguments:
jvm_args: -XX:TieredStopAtLevel=1 -Xverify:none -Dspring.output.ansi.enabled=always -Dcom.sun.management.jmxremote -Dspring.liveBeansView.mbeanDomain -Dspring.application.admin.enabled=true -javaagent:/opt/idea-IU-191.6183.87/lib/idea_rt.jar=20447:/opt/idea-IU-191.6183.87/bin -Dfile.encoding=UTF-8 
java_command: com.example.eurekaclientlab2.EurekaClientLab2Application
java_class_path (initial): /usr/lib/jvm/java-8-oracle/jre/lib/charsets.jar:/usr/lib/jvm/java-8-oracle/jre/lib/deploy.jar:/usr/lib/jvm/java-8-oracle/jre/lib/ext/cldrdata.jar:/usr/lib/jvm/java-8-oracle/jre/lib/ext/dnsns.jar:/usr/lib/jvm/java-8-oracle/jre/lib/ext/jaccess.jar:/usr/lib/jvm/java-8-oracle/jre/lib/ext/jfxrt.jar:/usr/lib/jvm/java-8-oracle/jre/lib/ext/localedata.jar:/usr/lib/jvm/java-8-oracle/jre/lib/ext/nashorn.jar:/usr/lib/jvm/java-8-oracle/jre/lib/ext/sunec.jar:/usr/lib/jvm/java-8-oracle/jre/lib/ext/sunjce_provider.jar:/usr/lib/jvm/java-8-oracle/jre/lib/ext/sunpkcs11.jar:/usr/lib/jvm/java-8-oracle/jre/lib/ext/zipfs.jar:/usr/lib/jvm/java-8-oracle/jre/lib/javaws.jar:/usr/lib/jvm/java-8-oracle/jre/lib/jce.jar:/usr/lib/jvm/java-8-oracle/jre/lib/jfr.jar:/usr/lib/jvm/java-8-oracle/jre/lib/jfxswt.jar:/usr/lib/jvm/java-8-oracle/jre/lib/jsse.jar:/usr/lib/jvm/java-8-oracle/jre/lib/management-agent.jar:/usr/lib/jvm/java-8-oracle/jre/lib/plugin.jar:/usr/lib/jvm/java-8-oracle/jre/lib/resources.jar:/usr/lib/jvm/java-8-oracle/jre/lib/rt.jar:/home/anisa/Labs/lab3(bogdan2)/lab-2/eureka-client-lab-2/target/classes:/home/anisa/.m2/repository/org/springframework/boot/spring-boot-starter-actuator/2.0.0.RELEASE/spring-boot-starter-actuator-2.0.0.RELEASE.jar:/home/anisa/.m2/repository/org/springframework/boot/spring-boot-starter/2.0.0.RELEASE/spring-boot-starter-2.0.0.RELEASE.jar:/home/anisa/.m2/repository/org/springframework/boot/spring-boot-starter-logging/2.0.0.RELEASE/spring-boot-starter-logging-2.0.0.RELEASE.jar:/home/anisa/.m2/repository/ch/qos/logback/logback-classic/1.2.3/logback-classic-1.2.3.jar:/home/anisa/.m2/repository/ch/qos/logback/logback-core/1.2.3/logback-core-1.2.3.jar:/home/anisa/.m2/repository/org/apache/logging/log4j/log4j-to-slf4j/2.10.0/log4j-to-slf4j-2.10.0.jar:/home/anisa/.m2/repository/org/apache/logging/log4j/log4j-api/2.10.0/log4j-api-2.10.0.jar:/home/anisa/.m2/repository/org/slf4j/jul-to-slf4j/1.7.25/jul-to-slf4j-1.7.25.jar:/home/anisa/.m2/reposit
Launcher Type: SUN_STANDARD

Environment Variables:
PATH=/home/anisa/bin:/home/anisa/.local/bin:/usr/local/sbin:/usr/local/bin:/usr/sbin:/usr/bin:/sbin:/bin:/usr/games:/usr/local/games:/snap/bin:/usr/local/cuda/bin
SHELL=/bin/bash
DISPLAY=:0

Signal Handlers:
SIGSEGV: [libjvm.so+0xad3e60], sa_mask[0]=11111111011111111101111111111110, sa_flags=SA_RESTART|SA_SIGINFO
SIGBUS: [libjvm.so+0xad3e60], sa_mask[0]=11111111011111111101111111111110, sa_flags=SA_RESTART|SA_SIGINFO
SIGFPE: [libjvm.so+0x90b880], sa_mask[0]=11111111011111111101111111111110, sa_flags=SA_RESTART|SA_SIGINFO
SIGPIPE: [libjvm.so+0x90b880], sa_mask[0]=11111111011111111101111111111110, sa_flags=SA_RESTART|SA_SIGINFO
SIGXFSZ: [libjvm.so+0x90b880], sa_mask[0]=11111111011111111101111111111110, sa_flags=SA_RESTART|SA_SIGINFO
SIGILL: [libjvm.so+0x90b880], sa_mask[0]=11111111011111111101111111111110, sa_flags=SA_RESTART|SA_SIGINFO
SIGUSR1: SIG_DFL, sa_mask[0]=00000000000000000000000000000000, sa_flags=none
SIGUSR2: [libjvm.so+0x90b750], sa_mask[0]=00100000000000000000000000000000, sa_flags=SA_RESTART|SA_SIGINFO
SIGHUP: [libjvm.so+0x90bd70], sa_mask[0]=11111111011111111101111111111110, sa_flags=SA_RESTART|SA_SIGINFO
SIGINT: [libjvm.so+0x90bd70], sa_mask[0]=11111111011111111101111111111110, sa_flags=SA_RESTART|SA_SIGINFO
SIGTERM: [libjvm.so+0x90bd70], sa_mask[0]=11111111011111111101111111111110, sa_flags=SA_RESTART|SA_SIGINFO
SIGQUIT: [libjvm.so+0x90bd70], sa_mask[0]=11111111011111111101111111111110, sa_flags=SA_RESTART|SA_SIGINFO


---------------  S Y S T E M  ---------------

OS:DISTRIB_ID=Ubuntu
DISTRIB_RELEASE=16.04
DISTRIB_CODENAME=xenial
DISTRIB_DESCRIPTION="Ubuntu 16.04.5 LTS"

uname:Linux 4.15.0-46-generic #49~16.04.1-Ubuntu SMP Tue Feb 12 17:45:24 UTC 2019 x86_64
libc:glibc 2.23 NPTL 2.23 
rlimit: STACK 8192k, CORE 0k, NPROC 30002, NOFILE 1048576, AS infinity
load average:2,51 2,28 2,21

/proc/meminfo:
MemTotal:        7945868 kB
MemFree:          144756 kB
MemAvailable:      73508 kB
Buffers:            1044 kB
Cached:           587424 kB
SwapCached:         1532 kB
Active:          6421764 kB
Inactive:        1042204 kB
Active(anon):    6389028 kB
Inactive(anon):   996308 kB
Active(file):      32736 kB
Inactive(file):    45896 kB
Unevictable:          48 kB
Mlocked:              48 kB
SwapTotal:        999932 kB
SwapFree:              4 kB
Dirty:             21248 kB
Writeback:             0 kB
AnonPages:       6874176 kB
Mapped:           295824 kB
Shmem:            509700 kB
Slab:             169188 kB
SReclaimable:      61252 kB
SUnreclaim:       107936 kB
KernelStack:       22672 kB
PageTables:        73084 kB
NFS_Unstable:          0 kB
Bounce:                0 kB
WritebackTmp:          0 kB
CommitLimit:     4972864 kB
Committed_AS:   16690524 kB
VmallocTotal:   34359738367 kB
VmallocUsed:           0 kB
VmallocChunk:          0 kB
HardwareCorrupted:     0 kB
AnonHugePages:         0 kB
ShmemHugePages:        0 kB
ShmemPmdMapped:        0 kB
CmaTotal:              0 kB
CmaFree:               0 kB
HugePages_Total:       0
HugePages_Free:        0
HugePages_Rsvd:        0
HugePages_Surp:        0
Hugepagesize:       2048 kB
DirectMap4k:      294516 kB
DirectMap2M:     6821888 kB
DirectMap1G:     2097152 kB

container (cgroup) information:
container_type: cgroupv1
cpu_cpuset_cpus: 0-3
cpu_memory_nodes: 0
active_processor_count: 4
cpu_quota: -1
cpu_period: 100000
cpu_shares: -1
memory_limit_in_bytes: -1
memory_and_swap_limit_in_bytes: -2
memory_soft_limit_in_bytes: -1
memory_usage_in_bytes: 7593508864
memory_max_usage_in_bytes: 7645569024


CPU:total 4 (initial active 4) (2 cores per cpu, 2 threads per core) family 6 model 142 stepping 9, cmov, cx8, fxsr, mmx, sse, sse2, sse3, ssse3, sse4.1, sse4.2, popcnt, avx, avx2, aes, clmul, erms, 3dnowpref, lzcnt, ht, tsc, tscinvbit, bmi1, bmi2, adx

/proc/cpuinfo:
processor	: 0
vendor_id	: GenuineIntel
cpu family	: 6
model		: 142
model name	: Intel(R) Core(TM) i5-7200U CPU @ 2.50GHz
stepping	: 9
microcode	: 0x8e
cpu MHz		: 800.001
cache size	: 3072 KB
physical id	: 0
siblings	: 4
core id		: 0
cpu cores	: 2
apicid		: 0
initial apicid	: 0
fpu		: yes
fpu_exception	: yes
cpuid level	: 22
wp		: yes
flags		: fpu vme de pse tsc msr pae mce cx8 apic sep mtrr pge mca cmov pat pse36 clflush dts acpi mmx fxsr sse sse2 ss ht tm pbe syscall nx pdpe1gb rdtscp lm constant_tsc art arch_perfmon pebs bts rep_good nopl xtopology nonstop_tsc cpuid aperfmperf tsc_known_freq pni pclmulqdq dtes64 monitor ds_cpl vmx est tm2 ssse3 sdbg fma cx16 xtpr pdcm pcid sse4_1 sse4_2 x2apic movbe popcnt tsc_deadline_timer aes xsave avx f16c rdrand lahf_lm abm 3dnowprefetch cpuid_fault invpcid_single pti ssbd ibrs ibpb stibp tpr_shadow vnmi flexpriority ept vpid fsgsbase tsc_adjust bmi1 avx2 smep bmi2 erms invpcid mpx rdseed adx smap clflushopt intel_pt xsaveopt xsavec xgetbv1 xsaves dtherm ida arat pln pts hwp hwp_notify hwp_act_window hwp_epp flush_l1d
bugs		: cpu_meltdown spectre_v1 spectre_v2 spec_store_bypass l1tf
bogomips	: 5424.00
clflush size	: 64
cache_alignment	: 64
address sizes	: 39 bits physical, 48 bits virtual
power management:

processor	: 1
vendor_id	: GenuineIntel
cpu family	: 6
model		: 142
model name	: Intel(R) Core(TM) i5-7200U CPU @ 2.50GHz
stepping	: 9
microcode	: 0x8e
cpu MHz		: 790.779
cache size	: 3072 KB
physical id	: 0
siblings	: 4
core id		: 1
cpu cores	: 2
apicid		: 2
initial apicid	: 2
fpu		: yes
fpu_exception	: yes
cpuid level	: 22
wp		: yes
flags		: fpu vme de pse tsc msr pae mce cx8 apic sep mtrr pge mca cmov pat pse36 clflush dts acpi mmx fxsr sse sse2 ss ht tm pbe syscall nx pdpe1gb rdtscp lm constant_tsc art arch_perfmon pebs bts rep_good nopl xtopology nonstop_tsc cpuid aperfmperf tsc_known_freq pni pclmulqdq dtes64 monitor ds_cpl vmx est tm2 ssse3 sdbg fma cx16 xtpr pdcm pcid sse4_1 sse4_2 x2apic movbe popcnt tsc_deadline_timer aes xsave avx f16c rdrand lahf_lm abm 3dnowprefetch cpuid_fault invpcid_single pti ssbd ibrs ibpb stibp tpr_shadow vnmi flexpriority ept vpid fsgsbase tsc_adjust bmi1 avx2 smep bmi2 erms invpcid mpx rdseed adx smap clflushopt intel_pt xsaveopt xsavec xgetbv1 xsaves dtherm ida arat pln pts hwp hwp_notify hwp_act_window hwp_epp flush_l1d
bugs		: cpu_meltdown spectre_v1 spectre_v2 spec_store_bypass l1tf
bogomips	: 5424.00
clflush size	: 64
cache_alignment	: 64
address sizes	: 39 bits physical, 48 bits virtual
power management:

processor	: 2
vendor_id	: GenuineIntel
cpu family	: 6
model		: 142
model name	: Intel(R) Core(TM) i5-7200U CPU @ 2.50GHz
stepping	: 9
microcode	: 0x8e
cpu MHz		: 788.842
cache size	: 3072 KB
physical id	: 0
siblings	: 4
core id		: 0
cpu cores	: 2
apicid		: 1
initial apicid	: 1
fpu		: yes
fpu_exception	: yes
cpuid level	: 22
wp		: yes
flags		: fpu vme de pse tsc msr pae mce cx8 apic sep mtrr pge mca cmov pat pse36 clflush dts acpi mmx fxsr sse sse2 ss ht tm pbe syscall nx pdpe1gb rdtscp lm constant_tsc art arch_perfmon pebs bts rep_good nopl xtopology nonstop_tsc cpuid aperfmperf tsc_known_freq pni pclmulqdq dtes64 monitor ds_cpl vmx est tm2 ssse3 sdbg fma cx16 xtpr pdcm pcid sse4_1 sse4_2 x2apic movbe popcnt tsc_deadline_timer aes xsave avx f16c rdrand lahf_lm abm 3dnowprefetch cpuid_fault invpcid_single pti ssbd ibrs ibpb stibp tpr_shadow vnmi flexpriority ept vpid fsgsbase tsc_adjust bmi1 avx2 smep bmi2 erms invpcid mpx rdseed adx smap clflushopt intel_pt xsaveopt xsavec xgetbv1 xsaves dtherm ida arat pln pts hwp hwp_notify hwp_act_window hwp_epp flush_l1d
bugs		: cpu_meltdown spectre_v1 spectre_v2 spec_store_bypass l1tf
bogomips	: 5424.00
clflush size	: 64
cache_alignment	: 64
address sizes	: 39 bits physical, 48 bits virtual
power management:

processor	: 3
vendor_id	: GenuineIntel
cpu family	: 6
model		: 142
model name	: Intel(R) Core(TM) i5-7200U CPU @ 2.50GHz
stepping	: 9
microcode	: 0x8e
cpu MHz		: 791.673
cache size	: 3072 KB
physical id	: 0
siblings	: 4
core id		: 1
cpu cores	: 2
apicid		: 3
initial apicid	: 3
fpu		: yes
fpu_exception	: yes
cpuid level	: 22
wp		: yes
flags		: fpu vme de pse tsc msr pae mce cx8 apic sep mtrr pge mca cmov pat pse36 clflush dts acpi mmx fxsr sse sse2 ss ht tm pbe syscall nx pdpe1gb rdtscp lm constant_tsc art arch_perfmon pebs bts rep_good nopl xtopology nonstop_tsc cpuid aperfmperf tsc_known_freq pni pclmulqdq dtes64 monitor ds_cpl vmx est tm2 ssse3 sdbg fma cx16 xtpr pdcm pcid sse4_1 sse4_2 x2apic movbe popcnt tsc_deadline_timer aes xsave avx f16c rdrand lahf_lm abm 3dnowprefetch cpuid_fault invpcid_single pti ssbd ibrs ibpb stibp tpr_shadow vnmi flexpriority ept vpid fsgsbase tsc_adjust bmi1 avx2 smep bmi2 erms invpcid mpx rdseed adx smap clflushopt intel_pt xsaveopt xsavec xgetbv1 xsaves dtherm ida arat pln pts hwp hwp_notify hwp_act_window hwp_epp flush_l1d
bugs		: cpu_meltdown spectre_v1 spectre_v2 spec_store_bypass l1tf
bogomips	: 5424.00
clflush size	: 64
cache_alignment	: 64
address sizes	: 39 bits physical, 48 bits virtual
power management:



Memory: 4k page, physical 7945868k(144508k free), swap 999932k(4k free)

vm_info: Java HotSpot(TM) 64-Bit Server VM (25.201-b09) for linux-amd64 JRE (1.8.0_201-b09), built on Dec 15 2018 11:35:59 by "java_re" with gcc 7.3.0

time: Wed Apr 17 14:38:14 2019
timezone: EEST
elapsed time: 11 seconds (0d 0h 0m 11s)

