#
# There is insufficient memory for the Java Runtime Environment to continue.
# Native memory allocation (mmap) failed to map 153092096 bytes for committing reserved memory.
# Possible reasons:
#   The system is out of physical RAM or swap space
#   The process is running with CompressedOops enabled, and the Java Heap may be blocking the growth of the native heap
# Possible solutions:
#   Reduce memory load on the system
#   Increase physical memory or swap space
#   Check if swap backing store is full
#   Decrease Java heap size (-Xmx/-Xms)
#   Decrease number of Java threads
#   Decrease Java thread stack sizes (-Xss)
#   Set larger code cache with -XX:ReservedCodeCacheSize=
#   JVM is running with Unscaled Compressed Oops mode in which the Java heap is
#     placed in the first 4GB address space. The Java Heap base address is the
#     maximum limit for the native heap growth. Please use -XX:HeapBaseMinAddress
#     to set the Java Heap base and to place the Java Heap above 4GB virtual address.
# This output file may be truncated or incomplete.
#
#  Out of Memory Error (os_linux.cpp:2749), pid=1648, tid=0x00007f14373f3700
#
# JRE version: Java(TM) SE Runtime Environment (8.0_201-b09) (build 1.8.0_201-b09)
# Java VM: Java HotSpot(TM) 64-Bit Server VM (25.201-b09 mixed mode linux-amd64 compressed oops)
# Failed to write core dump. Core dumps have been disabled. To enable core dumping, try "ulimit -c unlimited" before starting Java again
#

---------------  T H R E A D  ---------------

Current thread (0x00007f145c149800):  VMThread [stack: 0x00007f14372f3000,0x00007f14373f4000] [id=1666]

Stack: [0x00007f14372f3000,0x00007f14373f4000],  sp=0x00007f14373f2450,  free space=1021k
Native frames: (J=compiled Java code, j=interpreted, Vv=VM code, C=native code)
V  [libjvm.so+0xad3525]  VMError::report_and_die()+0x2e5
V  [libjvm.so+0x4e0457]  report_vm_out_of_memory(char const*, int, unsigned long, VMErrorType, char const*)+0x67
V  [libjvm.so+0x9102f0]  os::pd_commit_memory(char*, unsigned long, unsigned long, bool)+0x100
V  [libjvm.so+0x90791f]  os::commit_memory(char*, unsigned long, unsigned long, bool)+0x1f
V  [libjvm.so+0x98c806]  PSVirtualSpace::expand_by(unsigned long)+0x56
V  [libjvm.so+0x98da98]  PSYoungGen::resize(unsigned long, unsigned long)+0xd8
V  [libjvm.so+0x98a236]  PSScavenge::invoke_no_policy()+0x1376
V  [libjvm.so+0x98a5cc]  PSScavenge::invoke()+0x4c
V  [libjvm.so+0x93a318]  ParallelScavengeHeap::failed_mem_allocate(unsigned long)+0x68
V  [libjvm.so+0xad5073]  VM_ParallelGCFailedAllocation::doit()+0x93
V  [libjvm.so+0xada296]  VM_Operation::evaluate()+0x46
V  [libjvm.so+0xad85cd]  VMThread::evaluate_operation(VM_Operation*) [clone .constprop.44]+0xcd
V  [libjvm.so+0xad8bb3]  VMThread::loop()+0x3a3
V  [libjvm.so+0xad8f88]  VMThread::run()+0x78
V  [libjvm.so+0x90d922]  java_start(Thread*)+0x102

VM_Operation (0x00007f14345d58e0): ParallelGCFailedAllocation, mode: safepoint, requested by thread 0x00007f13ec002800


---------------  P R O C E S S  ---------------

Java Threads: ( => current thread )
  0x00007f13f106a000 JavaThread "Live Reload Server" daemon [_thread_in_native, id=1853, stack(0x00007f13da7fa000,0x00007f13da8fb000)]
  0x00007f13f1064800 JavaThread "File Watcher" daemon [_thread_blocked, id=1851, stack(0x00007f13dacfb000,0x00007f13dadfc000)]
  0x00007f13f0f18800 JavaThread "container-0" [_thread_blocked, id=1808, stack(0x00007f13dadfc000,0x00007f13daefd000)]
  0x00007f13f0f17800 JavaThread "ContainerBackgroundProcessor[StandardEngine[Tomcat]]" daemon [_thread_blocked, id=1807, stack(0x00007f13db0fd000,0x00007f13db1fe000)]
  0x00007f140c01d000 JavaThread "SimplePauseDetectorThread_0" daemon [_thread_blocked, id=1804, stack(0x00007f13db1fe000,0x00007f13db2ff000)]
  0x00007f140c01b800 JavaThread "Thread-31" daemon [_thread_blocked, id=1803, stack(0x00007f13db2ff000,0x00007f13db400000)]
  0x00007f13e0094000 JavaThread "spring.cloud.inetutils" daemon [_thread_blocked, id=1794, stack(0x00007f14140fc000,0x00007f14141fd000)]
  0x00007f13dc041800 JavaThread "localhost-startStop-1" daemon [_thread_blocked, id=1791, stack(0x00007f14141fd000,0x00007f14142fe000)]
  0x00007f13f0f12000 JavaThread "Tomcat-startStop-1" daemon [_thread_blocked, id=1790, stack(0x00007f14142fe000,0x00007f14143ff000)]
  0x00007f13f0410800 JavaThread "Keep-Alive-Timer" daemon [_thread_blocked, id=1753, stack(0x00007f14342d8000,0x00007f14343d9000)]
  0x00007f1404003000 JavaThread "RMI TCP Connection(3)-127.0.0.1" daemon [_thread_blocked, id=1749, stack(0x00007f14343d9000,0x00007f14344da000)]
  0x00007f13ec002800 JavaThread "restartedMain" [_thread_blocked, id=1720, stack(0x00007f14344da000,0x00007f14345db000)]
  0x00007f145d22a800 JavaThread "Thread-3" [_thread_blocked, id=1719, stack(0x00007f143488c000,0x00007f143498d000)]
  0x00007f13f4011000 JavaThread "RMI Scheduler(0)" daemon [_thread_blocked, id=1707, stack(0x00007f143498d000,0x00007f1434a8e000)]
  0x00007f1404001800 JavaThread "RMI TCP Connection(2)-127.0.0.1" daemon [_thread_in_native, id=1705, stack(0x00007f1434aaa000,0x00007f1434bab000)]
  0x00007f1420002800 JavaThread "Attach Listener" daemon [_thread_blocked, id=1700, stack(0x00007f1434bab000,0x00007f1434cac000)]
  0x00007f1420001000 JavaThread "Attach Listener" daemon [_thread_blocked, id=1699, stack(0x00007f1434cac000,0x00007f1434dad000)]
  0x00007f145c9c5000 JavaThread "RMI TCP Accept-0" daemon [_thread_in_native, id=1697, stack(0x00007f1434eae000,0x00007f1434faf000)]
  0x00007f145c8ea000 JavaThread "Service Thread" daemon [_thread_blocked, id=1682, stack(0x00007f1435a0e000,0x00007f1435b0f000)]
  0x00007f145c8de800 JavaThread "C1 CompilerThread2" daemon [_thread_blocked, id=1681, stack(0x00007f1435d27000,0x00007f1435e28000)]
  0x00007f145c8dc800 JavaThread "C2 CompilerThread1" daemon [_thread_blocked, id=1680, stack(0x00007f1435e28000,0x00007f1435f29000)]
  0x00007f145c8da800 JavaThread "C2 CompilerThread0" daemon [_thread_blocked, id=1679, stack(0x00007f1435f29000,0x00007f143602a000)]
  0x00007f145c8d8000 JavaThread "Monitor Ctrl-Break" daemon [_thread_in_native, id=1678, stack(0x00007f143602a000,0x00007f143612b000)]
  0x00007f145c18a000 JavaThread "Signal Dispatcher" daemon [_thread_blocked, id=1677, stack(0x00007f14364ba000,0x00007f14365bb000)]
  0x00007f145c155800 JavaThread "Finalizer" daemon [_thread_blocked, id=1670, stack(0x00007f14370f1000,0x00007f14371f2000)]
  0x00007f145c153000 JavaThread "Reference Handler" daemon [_thread_blocked, id=1667, stack(0x00007f14371f2000,0x00007f14372f3000)]
  0x00007f145c014800 JavaThread "main" [_thread_blocked, id=1654, stack(0x00007f1463df2000,0x00007f1463ef3000)]

Other Threads:
=>0x00007f145c149800 VMThread [stack: 0x00007f14372f3000,0x00007f14373f4000] [id=1666]
  0x00007f145c9d9800 WatcherThread [stack: 0x00007f1434dad000,0x00007f1434eae000] [id=1698]

VM state:at safepoint (normal execution)

VM Mutex/Monitor currently owned by a thread:  ([mutex/lock_event])
[0x00007f145c00b180] Threads_lock - owner thread: 0x00007f145c149800
[0x00007f145c00b680] Heap_lock - owner thread: 0x00007f13ec002800

heap address: 0x0000000086c00000, size: 1940 MB, Compressed Oops mode: 32-bit
Narrow klass base: 0x0000000000000000, Narrow klass shift: 3
Compressed class space size: 1073741824 Address: 0x0000000100000000

Heap:
 PSYoungGen      total 493568K, used 12132K [0x00000000d7980000, 0x00000000f6e00000, 0x0000000100000000)
  eden space 474624K, 0% used [0x00000000d7980000,0x00000000d7980000,0x00000000f4900000)
  from space 18944K, 64% used [0x00000000f4900000,0x00000000f54d9330,0x00000000f5b80000)
  to   space 12800K, 0% used [0x00000000f6180000,0x00000000f6180000,0x00000000f6e00000)
 ParOldGen       total 71680K, used 38422K [0x0000000086c00000, 0x000000008b200000, 0x00000000d7980000)
  object space 71680K, 53% used [0x0000000086c00000,0x0000000089185ab8,0x000000008b200000)
 Metaspace       used 46395K, capacity 49160K, committed 49408K, reserved 1091584K
  class space    used 6402K, capacity 6912K, committed 6912K, reserved 1048576K

Card table byte_map: [0x00007f14605c4000,0x00007f146098f000] byte_map_base: 0x00007f146018e000

Marking Bits: (ParMarkBitMap*) 0x00007f14632d0d80
 Begin Bits: [0x00007f1444360000, 0x00007f14461b0000)
 End Bits:   [0x00007f14461b0000, 0x00007f1448000000)

Polling page: 0x00007f1463f15000

CodeCache: size=245760Kb used=11123Kb max_used=11123Kb free=234636Kb
 bounds [0x00007f144d000000, 0x00007f144dae0000, 0x00007f145c000000]
 total_blobs=5921 nmethods=5437 adapters=395
 compilation: enabled

Compilation events (10 events):
Event: 18,839 Thread 0x00007f145c8de800 nmethod 5498 0x00007f144dadc0d0 code [0x00007f144dadc220, 0x00007f144dadc330]
Event: 18,843 Thread 0x00007f145c8de800 5499   !   1       com.sun.proxy.$Proxy12::equals (39 bytes)
Event: 18,843 Thread 0x00007f145c8de800 nmethod 5499 0x00007f144dadc390 code [0x00007f144dadc520, 0x00007f144dadc8b8]
Event: 18,845 Thread 0x00007f145c8de800 5500   !   1       com.sun.proxy.$Proxy33::equals (39 bytes)
Event: 18,845 Thread 0x00007f145c8de800 nmethod 5500 0x00007f144dadcb50 code [0x00007f144dadcce0, 0x00007f144dadd078]
Event: 18,846 Thread 0x00007f145c8de800 5501       1       org.springframework.cglib.core.EmitUtils::begin_method (14 bytes)
Event: 18,847 Thread 0x00007f145c8de800 nmethod 5501 0x00007f144dadd310 code [0x00007f144dadd4a0, 0x00007f144dadd628]
Event: 18,850 Thread 0x00007f145c8de800 5502       1       java.util.Calendar::setFieldsComputed (117 bytes)
Event: 18,850 Thread 0x00007f145c8de800 nmethod 5502 0x00007f144dadd710 code [0x00007f144dadd8a0, 0x00007f144daddb10]
Event: 18,852 Thread 0x00007f145c8de800 5503       1       java.util.zip.ZipFile$ZipEntryIterator::<init> (19 bytes)

GC Heap History (10 events):
Event: 12,438 GC heap after
Heap after GC invocations=10 (full 1):
 PSYoungGen      total 232960K, used 13803K [0x00000000d7980000, 0x00000000ed280000, 0x0000000100000000)
  eden space 219136K, 0% used [0x00000000d7980000,0x00000000d7980000,0x00000000e4f80000)
  from space 13824K, 99% used [0x00000000e4f80000,0x00000000e5cfafc0,0x00000000e5d00000)
  to   space 18432K, 0% used [0x00000000ec080000,0x00000000ec080000,0x00000000ed280000)
 ParOldGen       total 48128K, used 18965K [0x0000000086c00000, 0x0000000089b00000, 0x00000000d7980000)
  object space 48128K, 39% used [0x0000000086c00000,0x0000000087e854a8,0x0000000089b00000)
 Metaspace       used 33946K, capacity 35008K, committed 35072K, reserved 1079296K
  class space    used 4608K, capacity 4859K, committed 4864K, reserved 1048576K
}
Event: 12,477 GC heap before
{Heap before GC invocations=11 (full 1):
 PSYoungGen      total 232960K, used 24177K [0x00000000d7980000, 0x00000000ed280000, 0x0000000100000000)
  eden space 219136K, 4% used [0x00000000d7980000,0x00000000d83a15d8,0x00000000e4f80000)
  from space 13824K, 99% used [0x00000000e4f80000,0x00000000e5cfafc0,0x00000000e5d00000)
  to   space 18432K, 0% used [0x00000000ec080000,0x00000000ec080000,0x00000000ed280000)
 ParOldGen       total 48128K, used 18965K [0x0000000086c00000, 0x0000000089b00000, 0x00000000d7980000)
  object space 48128K, 39% used [0x0000000086c00000,0x0000000087e854a8,0x0000000089b00000)
 Metaspace       used 34264K, capacity 35302K, committed 35456K, reserved 1079296K
  class space    used 4640K, capacity 4892K, committed 4992K, reserved 1048576K
Event: 12,489 GC heap after
Heap after GC invocations=11 (full 1):
 PSYoungGen      total 334848K, used 4189K [0x00000000d7980000, 0x00000000ee880000, 0x0000000100000000)
  eden space 316416K, 0% used [0x00000000d7980000,0x00000000d7980000,0x00000000eae80000)
  from space 18432K, 22% used [0x00000000ec080000,0x00000000ec4975b0,0x00000000ed280000)
  to   space 18432K, 0% used [0x00000000eae80000,0x00000000eae80000,0x00000000ec080000)
 ParOldGen       total 48128K, used 29122K [0x0000000086c00000, 0x0000000089b00000, 0x00000000d7980000)
  object space 48128K, 60% used [0x0000000086c00000,0x0000000088870b50,0x0000000089b00000)
 Metaspace       used 34264K, capacity 35302K, committed 35456K, reserved 1079296K
  class space    used 4640K, capacity 4892K, committed 4992K, reserved 1048576K
}
Event: 12,489 GC heap before
{Heap before GC invocations=12 (full 2):
 PSYoungGen      total 334848K, used 4189K [0x00000000d7980000, 0x00000000ee880000, 0x0000000100000000)
  eden space 316416K, 0% used [0x00000000d7980000,0x00000000d7980000,0x00000000eae80000)
  from space 18432K, 22% used [0x00000000ec080000,0x00000000ec4975b0,0x00000000ed280000)
  to   space 18432K, 0% used [0x00000000eae80000,0x00000000eae80000,0x00000000ec080000)
 ParOldGen       total 48128K, used 29122K [0x0000000086c00000, 0x0000000089b00000, 0x00000000d7980000)
  object space 48128K, 60% used [0x0000000086c00000,0x0000000088870b50,0x0000000089b00000)
 Metaspace       used 34264K, capacity 35302K, committed 35456K, reserved 1079296K
  class space    used 4640K, capacity 4892K, committed 4992K, reserved 1048576K
Event: 12,547 GC heap after
Heap after GC invocations=12 (full 2):
 PSYoungGen      total 334848K, used 0K [0x00000000d7980000, 0x00000000ee880000, 0x0000000100000000)
  eden space 316416K, 0% used [0x00000000d7980000,0x00000000d7980000,0x00000000eae80000)
  from space 18432K, 0% used [0x00000000ec080000,0x00000000ec080000,0x00000000ed280000)
  to   space 18432K, 0% used [0x00000000eae80000,0x00000000eae80000,0x00000000ec080000)
 ParOldGen       total 71680K, used 21068K [0x0000000086c00000, 0x000000008b200000, 0x00000000d7980000)
  object space 71680K, 29% used [0x0000000086c00000,0x0000000088093228,0x000000008b200000)
 Metaspace       used 34264K, capacity 35302K, committed 35456K, reserved 1079296K
  class space    used 4640K, capacity 4892K, committed 4992K, reserved 1048576K
}
Event: 14,504 GC heap before
{Heap before GC invocations=13 (full 2):
 PSYoungGen      total 334848K, used 316416K [0x00000000d7980000, 0x00000000ee880000, 0x0000000100000000)
  eden space 316416K, 100% used [0x00000000d7980000,0x00000000eae80000,0x00000000eae80000)
  from space 18432K, 0% used [0x00000000ec080000,0x00000000ec080000,0x00000000ed280000)
  to   space 18432K, 0% used [0x00000000eae80000,0x00000000eae80000,0x00000000ec080000)
 ParOldGen       total 71680K, used 21068K [0x0000000086c00000, 0x000000008b200000, 0x00000000d7980000)
  object space 71680K, 29% used [0x0000000086c00000,0x0000000088093228,0x000000008b200000)
 Metaspace       used 39474K, capacity 41292K, committed 41344K, reserved 1085440K
  class space    used 5371K, capacity 5722K, committed 5760K, reserved 1048576K
Event: 14,515 GC heap after
Heap after GC invocations=13 (full 2):
 PSYoungGen      total 334848K, used 13157K [0x00000000d7980000, 0x00000000f7400000, 0x0000000100000000)
  eden space 316416K, 0% used [0x00000000d7980000,0x00000000d7980000,0x00000000eae80000)
  from space 18432K, 71% used [0x00000000eae80000,0x00000000ebb59720,0x00000000ec080000)
  to   space 18944K, 0% used [0x00000000f6180000,0x00000000f6180000,0x00000000f7400000)
 ParOldGen       total 71680K, used 21076K [0x0000000086c00000, 0x000000008b200000, 0x00000000d7980000)
  object space 71680K, 29% used [0x0000000086c00000,0x0000000088095228,0x000000008b200000)
 Metaspace       used 39474K, capacity 41292K, committed 41344K, reserved 1085440K
  class space    used 5371K, capacity 5722K, committed 5760K, reserved 1048576K
}
Event: 16,134 GC heap before
{Heap before GC invocations=14 (full 2):
 PSYoungGen      total 334848K, used 329573K [0x00000000d7980000, 0x00000000f7400000, 0x0000000100000000)
  eden space 316416K, 100% used [0x00000000d7980000,0x00000000eae80000,0x00000000eae80000)
  from space 18432K, 71% used [0x00000000eae80000,0x00000000ebb59720,0x00000000ec080000)
  to   space 18944K, 0% used [0x00000000f6180000,0x00000000f6180000,0x00000000f7400000)
 ParOldGen       total 71680K, used 21076K [0x0000000086c00000, 0x000000008b200000, 0x00000000d7980000)
  object space 71680K, 29% used [0x0000000086c00000,0x0000000088095228,0x000000008b200000)
 Metaspace       used 43243K, capacity 45326K, committed 45568K, reserved 1089536K
  class space    used 5911K, capacity 6352K, committed 6400K, reserved 1048576K
Event: 16,148 GC heap after
Heap after GC invocations=14 (full 2):
 PSYoungGen      total 487424K, used 11117K [0x00000000d7980000, 0x00000000f6e00000, 0x0000000100000000)
  eden space 474624K, 0% used [0x00000000d7980000,0x00000000d7980000,0x00000000f4900000)
  from space 12800K, 86% used [0x00000000f6180000,0x00000000f6c5b608,0x00000000f6e00000)
  to   space 18944K, 0% used [0x00000000f4900000,0x00000000f4900000,0x00000000f5b80000)
 ParOldGen       total 71680K, used 30488K [0x0000000086c00000, 0x000000008b200000, 0x00000000d7980000)
  object space 71680K, 42% used [0x0000000086c00000,0x00000000889c60d8,0x000000008b200000)
 Metaspace       used 43243K, capacity 45326K, committed 45568K, reserved 1089536K
  class space    used 5911K, capacity 6352K, committed 6400K, reserved 1048576K
}
Event: 18,852 GC heap before
{Heap before GC invocations=15 (full 2):
 PSYoungGen      total 487424K, used 485741K [0x00000000d7980000, 0x00000000f6e00000, 0x0000000100000000)
  eden space 474624K, 100% used [0x00000000d7980000,0x00000000f4900000,0x00000000f4900000)
  from space 12800K, 86% used [0x00000000f6180000,0x00000000f6c5b608,0x00000000f6e00000)
  to   space 18944K, 0% used [0x00000000f4900000,0x00000000f4900000,0x00000000f5b80000)
 ParOldGen       total 71680K, used 30488K [0x0000000086c00000, 0x000000008b200000, 0x00000000d7980000)
  object space 71680K, 42% used [0x0000000086c00000,0x00000000889c60d8,0x000000008b200000)
 Metaspace       used 46395K, capacity 49160K, committed 49408K, reserved 1091584K
  class space    used 6402K, capacity 6912K, committed 6912K, reserved 1048576K

Deoptimization events (0 events):
No events

Classes redefined (0 events):
No events

Internal exceptions (10 events):
Event: 18,636 Thread 0x00007f13ec002800 Exception <a 'java/lang/ArrayIndexOutOfBoundsException'> (0x00000000f3da5340) thrown at [/HUDSON/workspace/8-2-build-linux-amd64/jdk8u201/12317/hotspot/src/share/vm/runtime/sharedRuntime.cpp, line 605]
Event: 18,636 Thread 0x00007f13ec002800 Exception <a 'java/lang/ArrayIndexOutOfBoundsException'> (0x00000000f3db9430) thrown at [/HUDSON/workspace/8-2-build-linux-amd64/jdk8u201/12317/hotspot/src/share/vm/runtime/sharedRuntime.cpp, line 605]
Event: 18,637 Thread 0x00007f13ec002800 Exception <a 'java/lang/ArrayIndexOutOfBoundsException'> (0x00000000f3dc0e30) thrown at [/HUDSON/workspace/8-2-build-linux-amd64/jdk8u201/12317/hotspot/src/share/vm/runtime/sharedRuntime.cpp, line 605]
Event: 18,637 Thread 0x00007f13ec002800 Exception <a 'java/lang/ArrayIndexOutOfBoundsException'> (0x00000000f3dd0918) thrown at [/HUDSON/workspace/8-2-build-linux-amd64/jdk8u201/12317/hotspot/src/share/vm/runtime/sharedRuntime.cpp, line 605]
Event: 18,648 Thread 0x00007f13ec002800 Exception <a 'java/lang/ArrayIndexOutOfBoundsException'> (0x00000000f3e26610) thrown at [/HUDSON/workspace/8-2-build-linux-amd64/jdk8u201/12317/hotspot/src/share/vm/runtime/sharedRuntime.cpp, line 605]
Event: 18,652 Thread 0x00007f13ec002800 Exception <a 'java/lang/ArrayIndexOutOfBoundsException'> (0x00000000f3f09058) thrown at [/HUDSON/workspace/8-2-build-linux-amd64/jdk8u201/12317/hotspot/src/share/vm/runtime/sharedRuntime.cpp, line 605]
Event: 18,653 Thread 0x00007f13ec002800 Exception <a 'java/lang/ArrayIndexOutOfBoundsException'> (0x00000000f3f0d720) thrown at [/HUDSON/workspace/8-2-build-linux-amd64/jdk8u201/12317/hotspot/src/share/vm/runtime/sharedRuntime.cpp, line 605]
Event: 18,654 Thread 0x00007f13ec002800 Exception <a 'java/lang/ArrayIndexOutOfBoundsException'> (0x00000000f3f11b88) thrown at [/HUDSON/workspace/8-2-build-linux-amd64/jdk8u201/12317/hotspot/src/share/vm/runtime/sharedRuntime.cpp, line 605]
Event: 18,654 Thread 0x00007f13ec002800 Exception <a 'java/lang/ArrayIndexOutOfBoundsException'> (0x00000000f3f15730) thrown at [/HUDSON/workspace/8-2-build-linux-amd64/jdk8u201/12317/hotspot/src/share/vm/runtime/sharedRuntime.cpp, line 605]
Event: 18,654 Thread 0x00007f13ec002800 Exception <a 'java/lang/ArrayIndexOutOfBoundsException'> (0x00000000f3f18338) thrown at [/HUDSON/workspace/8-2-build-linux-amd64/jdk8u201/12317/hotspot/src/share/vm/runtime/sharedRuntime.cpp, line 605]

Events (10 events):
Event: 18,851 loading class javax/persistence/Persistence done
Event: 18,851 loading class javax/persistence/Persistence
Event: 18,851 loading class javax/persistence/Persistence done
Event: 18,851 loading class javax/persistence/Persistence
Event: 18,851 loading class javax/persistence/Persistence done
Event: 18,851 loading class javax/persistence/Persistence
Event: 18,851 loading class javax/persistence/Persistence done
Event: 18,852 loading class javax/money/MonetaryAmount
Event: 18,852 loading class javax/money/MonetaryAmount done
Event: 18,852 Executing VM operation: ParallelGCFailedAllocation


Dynamic libraries:
00400000-00401000 r-xp 00000000 08:05 1214847                            /usr/lib/jvm/java-8-oracle/bin/java
00600000-00601000 r--p 00000000 08:05 1214847                            /usr/lib/jvm/java-8-oracle/bin/java
00601000-00602000 rw-p 00001000 08:05 1214847                            /usr/lib/jvm/java-8-oracle/bin/java
018bf000-018e0000 rw-p 00000000 00:00 0                                  [heap]
86c00000-8b200000 rw-p 00000000 00:00 0 
8b200000-d7980000 ---p 00000000 00:00 0 
d7980000-f6e00000 rw-p 00000000 00:00 0 
100000000-1006c0000 rw-p 00000000 00:00 0 
1006c0000-140000000 ---p 00000000 00:00 0 
7f13c4000000-7f13c4021000 rw-p 00000000 00:00 0 
7f13c4021000-7f13c8000000 ---p 00000000 00:00 0 
7f13c8000000-7f13c8021000 rw-p 00000000 00:00 0 
7f13c8021000-7f13cc000000 ---p 00000000 00:00 0 
7f13cc000000-7f13cc021000 rw-p 00000000 00:00 0 
7f13cc021000-7f13d0000000 ---p 00000000 00:00 0 
7f13d0000000-7f13d0021000 rw-p 00000000 00:00 0 
7f13d0021000-7f13d4000000 ---p 00000000 00:00 0 
7f13d4000000-7f13d4021000 rw-p 00000000 00:00 0 
7f13d4021000-7f13d8000000 ---p 00000000 00:00 0 
7f13da6f9000-7f13da6fc000 ---p 00000000 00:00 0 
7f13da6fc000-7f13da7fa000 rw-p 00000000 00:00 0 
7f13da7fa000-7f13da7fd000 ---p 00000000 00:00 0 
7f13da7fd000-7f13daa7b000 rw-p 00000000 00:00 0 
7f13daa7b000-7f13daafb000 ---p 00000000 00:00 0 
7f13daafb000-7f13dacfb000 rw-p 00000000 00:00 0 
7f13dacfb000-7f13dacfe000 ---p 00000000 00:00 0 
7f13dacfe000-7f13dadfc000 rw-p 00000000 00:00 0 
7f13dadfc000-7f13dadff000 ---p 00000000 00:00 0 
7f13dadff000-7f13db0fd000 rw-p 00000000 00:00 0 
7f13db0fd000-7f13db100000 ---p 00000000 00:00 0 
7f13db100000-7f13db1fe000 rw-p 00000000 00:00 0 
7f13db1fe000-7f13db201000 ---p 00000000 00:00 0 
7f13db201000-7f13db2ff000 rw-p 00000000 00:00 0 
7f13db2ff000-7f13db302000 ---p 00000000 00:00 0 
7f13db302000-7f13db600000 rw-p 00000000 00:00 0 
7f13db600000-7f13db800000 rw-p 00000000 00:00 0 
7f13db800000-7f13dba00000 rw-p 00000000 00:00 0 
7f13dba00000-7f13dbc00000 rw-p 00000000 00:00 0 
7f13dbc00000-7f13dbe00000 rw-p 00000000 00:00 0 
7f13dbe00000-7f13dc000000 rw-p 00000000 00:00 0 
7f13dc000000-7f13dc055000 rw-p 00000000 00:00 0 
7f13dc055000-7f13e0000000 ---p 00000000 00:00 0 
7f13e0000000-7f13e0161000 rw-p 00000000 00:00 0 
7f13e0161000-7f13e4000000 ---p 00000000 00:00 0 
7f13e4000000-7f13e4340000 rw-p 00000000 00:00 0 
7f13e4340000-7f13e8000000 ---p 00000000 00:00 0 
7f13e8000000-7f13e8021000 rw-p 00000000 00:00 0 
7f13e8021000-7f13ec000000 ---p 00000000 00:00 0 
7f13ec000000-7f13ec021000 rw-p 00000000 00:00 0 
7f13ec021000-7f13f0000000 ---p 00000000 00:00 0 
7f13f0000000-7f13f1101000 rw-p 00000000 00:00 0 
7f13f1101000-7f13f4000000 ---p 00000000 00:00 0 
7f13f4000000-7f13f402f000 rw-p 00000000 00:00 0 
7f13f402f000-7f13f8000000 ---p 00000000 00:00 0 
7f13f8000000-7f13f8021000 rw-p 00000000 00:00 0 
7f13f8021000-7f13fc000000 ---p 00000000 00:00 0 
7f13fc000000-7f13fc021000 rw-p 00000000 00:00 0 
7f13fc021000-7f1400000000 ---p 00000000 00:00 0 
7f1400000000-7f1400021000 rw-p 00000000 00:00 0 
7f1400021000-7f1404000000 ---p 00000000 00:00 0 
7f1404000000-7f1404021000 rw-p 00000000 00:00 0 
7f1404021000-7f1408000000 ---p 00000000 00:00 0 
7f1408000000-7f1408021000 rw-p 00000000 00:00 0 
7f1408021000-7f140c000000 ---p 00000000 00:00 0 
7f140c000000-7f140c03d000 rw-p 00000000 00:00 0 
7f140c03d000-7f1410000000 ---p 00000000 00:00 0 
7f1410000000-7f14107e3000 rw-p 00000000 00:00 0 
7f14107e3000-7f1414000000 ---p 00000000 00:00 0 
7f14140fc000-7f14140ff000 ---p 00000000 00:00 0 
7f14140ff000-7f14141fd000 rw-p 00000000 00:00 0 
7f14141fd000-7f1414200000 ---p 00000000 00:00 0 
7f1414200000-7f14142fe000 rw-p 00000000 00:00 0 
7f14142fe000-7f1414301000 ---p 00000000 00:00 0 
7f1414301000-7f14145ff000 rw-p 00000000 00:00 0 
7f14145ff000-7f14147ff000 rw-p 00000000 00:00 0 
7f14147ff000-7f14149ff000 rw-p 00000000 00:00 0 
7f14149ff000-7f1414bff000 rw-p 00000000 00:00 0 
7f1414bff000-7f1414dff000 rw-p 00000000 00:00 0 
7f1414dff000-7f1414fff000 rw-p 00000000 00:00 0 
7f1414fff000-7f1418000000 rw-p 00000000 00:00 0 
7f1418000000-7f1418036000 rw-p 00000000 00:00 0 
7f1418036000-7f141c000000 ---p 00000000 00:00 0 
7f141c000000-7f141c021000 rw-p 00000000 00:00 0 
7f141c021000-7f1420000000 ---p 00000000 00:00 0 
7f1420000000-7f1420021000 rw-p 00000000 00:00 0 
7f1420021000-7f1424000000 ---p 00000000 00:00 0 
7f1424000000-7f1424021000 rw-p 00000000 00:00 0 
7f1424021000-7f1428000000 ---p 00000000 00:00 0 
7f1428000000-7f1428021000 rw-p 00000000 00:00 0 
7f1428021000-7f142c000000 ---p 00000000 00:00 0 
7f142c000000-7f142c021000 rw-p 00000000 00:00 0 
7f142c021000-7f1430000000 ---p 00000000 00:00 0 
7f1430000000-7f143029b000 rw-p 00000000 00:00 0 
7f143029b000-7f1434000000 ---p 00000000 00:00 0 
7f14340d8000-7f14342d8000 rw-p 00000000 00:00 0 
7f14342d8000-7f14342db000 ---p 00000000 00:00 0 
7f14342db000-7f14343d9000 rw-p 00000000 00:00 0 
7f14343d9000-7f14343dc000 ---p 00000000 00:00 0 
7f14343dc000-7f14344da000 rw-p 00000000 00:00 0 
7f14344da000-7f14344dd000 ---p 00000000 00:00 0 
7f14344dd000-7f14345db000 rw-p 00000000 00:00 0 
7f14345f6000-7f143468c000 r--s 0110e000 08:05 1216252                    /usr/lib/jvm/java-8-oracle/jre/lib/ext/jfxrt.jar
7f143468c000-7f143488c000 rw-p 00000000 00:00 0 
7f143488c000-7f143488f000 ---p 00000000 00:00 0 
7f143488f000-7f143498d000 rw-p 00000000 00:00 0 
7f143498d000-7f1434990000 ---p 00000000 00:00 0 
7f1434990000-7f1434a8e000 rw-p 00000000 00:00 0 
7f1434a8e000-7f1434aaa000 r--s 00393000 08:05 1216251                    /usr/lib/jvm/java-8-oracle/jre/lib/ext/cldrdata.jar
7f1434aaa000-7f1434aad000 ---p 00000000 00:00 0 
7f1434aad000-7f1434bab000 rw-p 00000000 00:00 0 
7f1434bab000-7f1434bae000 ---p 00000000 00:00 0 
7f1434bae000-7f1434cac000 rw-p 00000000 00:00 0 
7f1434cac000-7f1434caf000 ---p 00000000 00:00 0 
7f1434caf000-7f1434dad000 rw-p 00000000 00:00 0 
7f1434dad000-7f1434dae000 ---p 00000000 00:00 0 
7f1434dae000-7f1434eae000 rw-p 00000000 00:00 0 
7f1434eae000-7f1434eb1000 ---p 00000000 00:00 0 
7f1434eb1000-7f1434faf000 rw-p 00000000 00:00 0 
7f1434faf000-7f1434fc0000 r-xp 00000000 08:05 1216368                    /usr/lib/jvm/java-8-oracle/jre/lib/amd64/libnio.so
7f1434fc0000-7f14351bf000 ---p 00011000 08:05 1216368                    /usr/lib/jvm/java-8-oracle/jre/lib/amd64/libnio.so
7f14351bf000-7f14351c0000 r--p 00010000 08:05 1216368                    /usr/lib/jvm/java-8-oracle/jre/lib/amd64/libnio.so
7f14351c0000-7f14351c1000 rw-p 00011000 08:05 1216368                    /usr/lib/jvm/java-8-oracle/jre/lib/amd64/libnio.so
7f14351c1000-7f14351ca000 r-xp 00000000 08:05 1216373                    /usr/lib/jvm/java-8-oracle/jre/lib/amd64/libmanagement.so
7f14351ca000-7f14353c9000 ---p 00009000 08:05 1216373                    /usr/lib/jvm/java-8-oracle/jre/lib/amd64/libmanagement.so
7f14353c9000-7f14353ca000 r--p 00008000 08:05 1216373                    /usr/lib/jvm/java-8-oracle/jre/lib/amd64/libmanagement.so
7f14353ca000-7f14353cb000 rw-p 00009000 08:05 1216373                    /usr/lib/jvm/java-8-oracle/jre/lib/amd64/libmanagement.so
7f14353cb000-7f14353e2000 r-xp 00000000 08:05 2117982                    /lib/x86_64-linux-gnu/libresolv-2.23.so
7f14353e2000-7f14355e2000 ---p 00017000 08:05 2117982                    /lib/x86_64-linux-gnu/libresolv-2.23.so
7f14355e2000-7f14355e3000 r--p 00017000 08:05 2117982                    /lib/x86_64-linux-gnu/libresolv-2.23.so
7f14355e3000-7f14355e4000 rw-p 00018000 08:05 2117982                    /lib/x86_64-linux-gnu/libresolv-2.23.so
7f14355e4000-7f14355e6000 rw-p 00000000 00:00 0 
7f14355e6000-7f14355eb000 r-xp 00000000 08:05 2117978                    /lib/x86_64-linux-gnu/libnss_dns-2.23.so
7f14355eb000-7f14357eb000 ---p 00005000 08:05 2117978                    /lib/x86_64-linux-gnu/libnss_dns-2.23.so
7f14357eb000-7f14357ec000 r--p 00005000 08:05 2117978                    /lib/x86_64-linux-gnu/libnss_dns-2.23.so
7f14357ec000-7f14357ed000 rw-p 00006000 08:05 2117978                    /lib/x86_64-linux-gnu/libnss_dns-2.23.so
7f14357ed000-7f14357ef000 r-xp 00000000 08:05 2102718                    /lib/x86_64-linux-gnu/libnss_mdns4_minimal.so.2
7f14357ef000-7f14359ee000 ---p 00002000 08:05 2102718                    /lib/x86_64-linux-gnu/libnss_mdns4_minimal.so.2
7f14359ee000-7f14359ef000 r--p 00001000 08:05 2102718                    /lib/x86_64-linux-gnu/libnss_mdns4_minimal.so.2
7f14359ef000-7f14359f0000 rw-p 00002000 08:05 2102718                    /lib/x86_64-linux-gnu/libnss_mdns4_minimal.so.2
7f14359f8000-7f14359fb000 r--s 0001a000 08:05 1216160                    /usr/lib/jvm/java-8-oracle/jre/lib/jce.jar
7f14359fb000-7f1435a00000 r--s 002f9000 08:05 1216147                    /usr/lib/jvm/java-8-oracle/jre/lib/charsets.jar
7f1435a00000-7f1435a0a000 r--s 00116000 08:05 1216258                    /usr/lib/jvm/java-8-oracle/jre/lib/ext/localedata.jar
7f1435a0a000-7f1435a0e000 r--s 000a1000 08:05 1216154                    /usr/lib/jvm/java-8-oracle/jre/lib/jsse.jar
7f1435a0e000-7f1435a11000 ---p 00000000 00:00 0 
7f1435a11000-7f1435b0f000 rw-p 00000000 00:00 0 
7f1435b0f000-7f1435b25000 r-xp 00000000 08:05 1216365                    /usr/lib/jvm/java-8-oracle/jre/lib/amd64/libnet.so
7f1435b25000-7f1435d25000 ---p 00016000 08:05 1216365                    /usr/lib/jvm/java-8-oracle/jre/lib/amd64/libnet.so
7f1435d25000-7f1435d26000 r--p 00016000 08:05 1216365                    /usr/lib/jvm/java-8-oracle/jre/lib/amd64/libnet.so
7f1435d26000-7f1435d27000 rw-p 00017000 08:05 1216365                    /usr/lib/jvm/java-8-oracle/jre/lib/amd64/libnet.so
7f1435d27000-7f1435d2a000 ---p 00000000 00:00 0 
7f1435d2a000-7f1435e28000 rw-p 00000000 00:00 0 
7f1435e28000-7f1435e2b000 ---p 00000000 00:00 0 
7f1435e2b000-7f1435f29000 rw-p 00000000 00:00 0 
7f1435f29000-7f1435f2c000 ---p 00000000 00:00 0 
7f1435f2c000-7f143602a000 rw-p 00000000 00:00 0 
7f143602a000-7f143602d000 ---p 00000000 00:00 0 
7f143602d000-7f143612b000 rw-p 00000000 00:00 0 
7f143612b000-7f143612d000 r--s 0001b000 08:05 809516                     /opt/idea-IU-191.6183.87/lib/idea_rt.jar
7f143612d000-7f143619f000 r--s 0065a000 00:32 267465                     /home/anisa/.m2/repository/org/scala-lang/scala-library/2.10.4/scala-library-2.10.4.jar
7f143619f000-7f14361a0000 r--s 00001000 00:32 267475                     /home/anisa/.m2/repository/com/jason-goodwin/better-monads/0.4.0/better-monads-0.4.0.jar
7f14361a0000-7f14361b5000 r--s 000cd000 00:32 3679541                    /home/anisa/.m2/repository/org/springframework/boot/spring-boot/2.0.0.RELEASE/spring-boot-2.0.0.RELEASE.jar
7f14361b5000-7f14361bb000 r--s 0002d000 00:32 135435                     /home/anisa/.m2/repository/org/springframework/boot/spring-boot-devtools/2.0.0.RELEASE/spring-boot-devtools-2.0.0.RELEASE.jar
7f14361bb000-7f14361bc000 r--s 00009000 00:32 135444                     /home/anisa/.m2/repository/org/thymeleaf/extras/thymeleaf-extras-java8time/3.0.1.RELEASE/thymeleaf-extras-java8time-3.0.1.RELEASE.jar
7f14361bc000-7f14361bf000 r--s 00026000 00:32 135442                     /home/anisa/.m2/repository/org/unbescape/unbescape/1.1.5.RELEASE/unbescape-1.1.5.RELEASE.jar
7f14361bf000-7f14361c3000 r--s 00035000 00:32 135440                     /home/anisa/.m2/repository/org/attoparser/attoparser/2.0.4.RELEASE/attoparser-2.0.4.RELEASE.jar
7f14361c3000-7f14361d3000 r--s 000c5000 00:32 17485                      /home/anisa/.m2/repository/org/thymeleaf/thymeleaf/3.0.9.RELEASE/thymeleaf-3.0.9.RELEASE.jar
7f14361d3000-7f14361d7000 r--s 00027000 00:32 17483                      /home/anisa/.m2/repository/org/thymeleaf/thymeleaf-spring5/3.0.9.RELEASE/thymeleaf-spring5-3.0.9.RELEASE.jar
7f14361d7000-7f14361d8000 r--s 00000000 00:32 17481                      /home/anisa/.m2/repository/org/springframework/boot/spring-boot-starter-thymeleaf/2.0.0.RELEASE/spring-boot-starter-thymeleaf-2.0.0.RELEASE.jar
7f14361d8000-7f14361eb000 r--s 00134000 00:32 1588158                    /home/anisa/.m2/repository/com/fasterxml/jackson/core/jackson-databind/2.9.3/jackson-databind-2.9.3.jar
7f14361eb000-7f14361ee000 r--s 0000e000 00:32 3154143                    /home/anisa/.m2/repository/com/fasterxml/jackson/core/jackson-annotations/2.9.0/jackson-annotations-2.9.0.jar
7f14361ee000-7f14361f1000 r--s 00016000 00:32 262378                     /home/anisa/.m2/repository/org/springframework/cloud/spring-cloud-context/2.0.0.M9/spring-cloud-context-2.0.0.M9.jar
7f14361f1000-7f14361f3000 r--s 00010000 00:32 262394                     /home/anisa/.m2/repository/org/springframework/security/spring-security-crypto/5.0.3.RELEASE/spring-security-crypto-5.0.3.RELEASE.jar
7f14361f3000-7f14361f8000 r--s 0001b000 00:32 262386                     /home/anisa/.m2/repository/org/springframework/cloud/spring-cloud-commons/2.0.0.M9/spring-cloud-commons-2.0.0.M9.jar
7f14361f8000-7f1436218000 r--s 000f8000 00:32 3679506                    /home/anisa/.m2/repository/org/springframework/boot/spring-boot-autoconfigure/2.0.0.RELEASE/spring-boot-autoconfigure-2.0.0.RELEASE.jar
7f1436218000-7f143621a000 r--s 00007000 00:32 262373                     /home/anisa/.m2/repository/org/springframework/cloud/spring-cloud-config-client/2.0.0.M9/spring-cloud-config-client-2.0.0.M9.jar
7f143621a000-7f1436233000 r--s 000ff000 00:32 262432                     /home/anisa/.m2/repository/io/reactivex/rxjava/1.3.6/rxjava-1.3.6.jar
7f1436233000-7f1436235000 r--s 00002000 00:32 266282                     /home/anisa/.m2/repository/com/netflix/netflix-commons/netflix-statistics/0.1.1/netflix-statistics-0.1.1.jar
7f1436235000-7f1436239000 r--s 00024000 00:32 266277                     /home/anisa/.m2/repository/com/netflix/ribbon/ribbon-loadbalancer/2.2.5/ribbon-loadbalancer-2.2.5.jar
7f1436239000-7f143623a000 r--s 00001000 00:32 266224                     /home/anisa/.m2/repository/com/netflix/netflix-commons/netflix-commons-util/0.1.1/netflix-commons-util-0.1.1.jar
7f143623a000-7f1436247000 r--s 00083000 00:32 266245                     /home/anisa/.m2/repository/commons-collections/commons-collections/3.2.2/commons-collections-3.2.2.jar
7f1436247000-7f1436249000 r--s 0000c000 00:32 266266                     /home/anisa/.m2/repository/com/netflix/ribbon/ribbon-httpclient/2.2.5/ribbon-httpclient-2.2.5.jar
7f1436249000-7f143624e000 r--s 00041000 00:32 2392902                    /home/anisa/.m2/repository/commons-lang/commons-lang/2.6/commons-lang-2.6.jar
7f143624e000-7f1436252000 r--s 00011000 00:32 266260                     /home/anisa/.m2/repository/com/netflix/ribbon/ribbon-core/2.2.5/ribbon-core-2.2.5.jar
7f1436252000-7f1436253000 r--s 00007000 00:32 3679629                    /home/anisa/.m2/repository/io/netty/netty-resolver/4.1.22.Final/netty-resolver-4.1.22.Final.jar
7f1436253000-7f143625d000 r--s 00066000 00:32 3679616                    /home/anisa/.m2/repository/io/netty/netty-transport/4.1.22.Final/netty-transport-4.1.22.Final.jar
7f143625d000-7f143625f000 r--s 00006000 00:32 3679623                    /home/anisa/.m2/repository/io/netty/netty-transport-native-unix-common/4.1.22.Final/netty-transport-native-unix-common-4.1.22.Final.jar
7f143625f000-7f1436263000 r--s 0003f000 00:32 3679627                    /home/anisa/.m2/repository/io/netty/netty-buffer/4.1.22.Final/netty-buffer-4.1.22.Final.jar
7f1436263000-7f143626f000 r--s 00081000 00:32 3679632                    /home/anisa/.m2/repository/io/netty/netty-common/4.1.22.Final/netty-common-4.1.22.Final.jar
7f143626f000-7f1436272000 r--s 0001a000 00:32 3679617                    /home/anisa/.m2/repository/io/netty/netty-transport-native-epoll/4.1.22.Final/netty-transport-native-epoll-4.1.22.Final.jar
7f1436272000-7f1436279000 r--s 00047000 00:32 3679613                    /home/anisa/.m2/repository/io/netty/netty-codec/4.1.22.Final/netty-codec-4.1.22.Final.jar
7f1436279000-7f1436284000 r--s 0007f000 00:32 3679606                    /home/anisa/.m2/repository/io/netty/netty-codec-http/4.1.22.Final/netty-codec-http-4.1.22.Final.jar
7f1436284000-7f143628e000 r--s 00059000 00:32 266270                     /home/anisa/.m2/repository/io/reactivex/rxnetty/0.4.9/rxnetty-0.4.9.jar
7f143628e000-7f143628f000 r--s 00000000 00:32 3677101                    /home/anisa/.m2/repository/javax/inject/javax.inject/1/javax.inject-1.jar
7f143628f000-7f143629b000 r--s 00068000 00:32 266211                     /home/anisa/.m2/repository/com/netflix/hystrix/hystrix-core/1.5.12/hystrix-core-1.5.12.jar
7f143629b000-7f143629d000 r--s 00006000 00:32 266250                     /home/anisa/.m2/repository/io/reactivex/rxnetty-servo/0.4.9/rxnetty-servo-0.4.9.jar
7f143629d000-7f14362a0000 r--s 0000b000 00:32 266261                     /home/anisa/.m2/repository/io/reactivex/rxnetty-contexts/0.4.9/rxnetty-contexts-0.4.9.jar
7f14362a0000-7f14362a1000 r--s 00009000 00:32 266151                     /home/anisa/.m2/repository/com/netflix/ribbon/ribbon-transport/2.2.5/ribbon-transport-2.2.5.jar
7f14362a1000-7f14362a5000 r--s 00012000 00:32 266253                     /home/anisa/.m2/repository/com/netflix/ribbon/ribbon/2.2.5/ribbon-2.2.5.jar
7f14362a5000-7f14362a8000 r--s 00016000 00:32 262376                     /home/anisa/.m2/repository/org/springframework/cloud/spring-cloud-netflix-ribbon/2.0.0.M8/spring-cloud-netflix-ribbon-2.0.0.M8.jar
7f14362a8000-7f14362a9000 r--s 00000000 00:32 262380                     /home/anisa/.m2/repository/org/springframework/cloud/spring-cloud-starter-netflix-ribbon/2.0.0.M8/spring-cloud-starter-netflix-ribbon-2.0.0.M8.jar
7f14362a9000-7f14362aa000 r--s 00003000 00:32 3679544                    /home/anisa/.m2/repository/org/springframework/spring-jcl/5.0.4.RELEASE/spring-jcl-5.0.4.RELEASE.jar
7f14362aa000-7f14362c1000 r--s 00112000 00:32 3679573                    /home/anisa/.m2/repository/org/springframework/spring-core/5.0.4.RELEASE/spring-core-5.0.4.RELEASE.jar
7f14362c1000-7f14362c3000 r--s 0000c000 00:32 3286262                    /home/anisa/.m2/repository/org/objenesis/objenesis/2.6/objenesis-2.6.jar
7f14362c3000-7f14362c5000 r--s 00005000 00:32 266246                     /home/anisa/.m2/repository/xpp3/xpp3_min/1.1.4c/xpp3_min-1.1.4c.jar
7f14362c5000-7f14362c6000 r--s 00001000 00:32 266233                     /home/anisa/.m2/repository/xmlpull/xmlpull/1.1.3.1/xmlpull-1.1.3.1.jar
7f14362c6000-7f14362d4000 r--s 00082000 00:32 266243                     /home/anisa/.m2/repository/com/thoughtworks/xstream/xstream/1.4.10/xstream-1.4.10.jar
7f14362d4000-7f14362d6000 r--s 00003000 00:32 266254                     /home/anisa/.m2/repository/com/netflix/ribbon/ribbon-eureka/2.2.5/ribbon-eureka-2.2.5.jar
7f14362d6000-7f1436301000 r--s 001fc000 00:32 3673915                    /home/anisa/.m2/repository/com/google/guava/guava/18.0/guava-18.0.jar
7f1436301000-7f1436308000 r--s 00050000 00:32 266267                     /home/anisa/.m2/repository/commons-configuration/commons-configuration/1.8/commons-configuration-1.8.jar
7f1436308000-7f143630a000 r--s 00002000 00:32 262385                     /home/anisa/.m2/repository/org/springframework/cloud/spring-cloud-netflix-archaius/2.0.0.M8/spring-cloud-netflix-archaius-2.0.0.M8.jar
7f143630a000-7f143630b000 r--s 00000000 00:32 262392                     /home/anisa/.m2/repository/org/springframework/cloud/spring-cloud-starter-netflix-archaius/2.0.0.M8/spring-cloud-starter-netflix-archaius-2.0.0.M8.jar
7f143630b000-7f143630f000 r--s 00024000 00:32 266222                     /home/anisa/.m2/repository/org/codehaus/woodstox/stax2-api/3.1.4/stax2-api-3.1.4.jar
7f143630f000-7f1436311000 r--s 00004000 00:32 266231                     /home/anisa/.m2/repository/javax/xml/stream/stax-api/1.0-2/stax-api-1.0-2.jar
7f1436311000-7f1436317000 r--s 00071000 00:32 266229                     /home/anisa/.m2/repository/org/codehaus/woodstox/woodstox-core-asl/4.4.1/woodstox-core-asl-4.4.1.jar
7f1436317000-7f143631c000 r--s 00039000 00:32 262424                     /home/anisa/.m2/repository/com/netflix/eureka/eureka-core/1.8.7/eureka-core-1.8.7.jar
7f143631c000-7f1436320000 r--s 0004b000 00:32 3679607                    /home/anisa/.m2/repository/com/fasterxml/jackson/core/jackson-core/2.9.3/jackson-core-2.9.3.jar
7f1436320000-7f1436325000 r--s 00024000 00:32 3679609                    /home/anisa/.m2/repository/com/github/andrewoma/dexx/dexx-collections/0.2/dexx-collections-0.2.jar
7f1436325000-7f1436326000 r--s 00004000 00:32 3679601                    /home/anisa/.m2/repository/com/github/vlsi/compactmap/compactmap/1.2.1/compactmap-1.2.1.jar
7f1436326000-7f1436328000 r--s 00000000 00:32 3677103                    /home/anisa/.m2/repository/aopalliance/aopalliance/1.0/aopalliance-1.0.jar
7f1436328000-7f1436336000 r--s 00097000 00:32 3427968                    /home/anisa/.m2/repository/com/google/inject/guice/4.1.0/guice-4.1.0.jar
7f1436336000-7f143633d000 r--s 0004b000 00:32 2251382                    /home/anisa/.m2/repository/commons-codec/commons-codec/1.11/commons-codec-1.11.jar
7f143633d000-7f1436344000 r--s 00049000 00:32 1588155                    /home/anisa/.m2/repository/org/apache/httpcomponents/httpcore/4.4.9/httpcore-4.4.9.jar
7f1436344000-7f1436352000 r--s 000ae000 00:32 3679619                    /home/anisa/.m2/repository/org/apache/httpcomponents/httpclient/4.5.5/httpclient-4.5.5.jar
7f1436352000-7f1436354000 r--s 00003000 00:32 3021663                    /home/anisa/.m2/repository/com/sun/jersey/contribs/jersey-apache-client4/1.19.1/jersey-apache-client4-1.19.1.jar
7f1436354000-7f1436357000 r--s 0001e000 00:32 3021659                    /home/anisa/.m2/repository/com/sun/jersey/jersey-client/1.19.1/jersey-client-1.19.1.jar
7f1436357000-7f1436361000 r--s 00061000 00:32 2887624                    /home/anisa/.m2/repository/com/sun/jersey/jersey-core/1.19.1/jersey-core-1.19.1.jar
7f1436361000-7f1436365000 r--s 00027000 00:32 266187                     /home/anisa/.m2/repository/com/netflix/servo/servo-internal/0.10.1/servo-internal-0.10.1.jar
7f1436365000-7f143636a000 r--s 00032000 00:32 266273                     /home/anisa/.m2/repository/com/netflix/servo/servo-core/0.10.1/servo-core-0.10.1.jar
7f143636a000-7f143636c000 r--s 0000a000 00:32 266227                     /home/anisa/.m2/repository/javax/ws/rs/jsr311-api/1.1.1/jsr311-api-1.1.1.jar
7f143636c000-7f1436370000 r--s 0001f000 00:32 262434                     /home/anisa/.m2/repository/com/netflix/archaius/archaius-core/0.7.5/archaius-core-0.7.5.jar
7f1436370000-7f1436383000 r--s 000df000 00:32 266213                     /home/anisa/.m2/repository/org/apache/commons/commons-math/2.2/commons-math-2.2.jar
7f1436383000-7f1436388000 r--s 00034000 00:32 262423                     /home/anisa/.m2/repository/com/google/code/gson/gson/2.8.2/gson-2.8.2.jar
7f1436388000-7f143638d000 r--s 00068000 00:32 3676517                    /home/anisa/.m2/repository/antlr/antlr/2.7.7/antlr-2.7.7.jar
7f143638d000-7f1436390000 r--s 00022000 00:32 266208                     /home/anisa/.m2/repository/org/antlr/stringtemplate/3.2.1/stringtemplate-3.2.1.jar
7f1436390000-7f1436394000 r--s 00025000 00:32 266143                     /home/anisa/.m2/repository/org/antlr/antlr-runtime/3.4/antlr-runtime-3.4.jar
7f1436394000-7f14363a5000 r--s 0008a000 00:32 266171                     /home/anisa/.m2/repository/joda-time/joda-time/2.9.9/joda-time-2.9.9.jar
7f14363a5000-7f14363ab000 r--s 00044000 00:32 266206                     /home/anisa/.m2/repository/commons-jxpath/commons-jxpath/1.3/commons-jxpath-1.3.jar
7f14363ab000-7f14363ae000 r--s 00016000 00:32 266203                     /home/anisa/.m2/repository/com/netflix/netflix-commons/netflix-infix/0.3.0/netflix-infix-0.3.0.jar
7f14363ae000-7f14363b0000 r--s 0000f000 00:32 266201                     /home/anisa/.m2/repository/com/netflix/netflix-commons/netflix-eventbus/0.3.0/netflix-eventbus-0.3.0.jar
7f14363b0000-7f14363b2000 r--s 00005000 00:32 266199                     /home/anisa/.m2/repository/stax/stax-api/1.0.1/stax-api-1.0.1.jar
7f14363b2000-7f14363b5000 r--s 00012000 00:32 266193                     /home/anisa/.m2/repository/org/codehaus/jettison/jettison/1.3.7/jettison-1.3.7.jar
7f14363b5000-7f14363c0000 r--s 00061000 00:32 262422                     /home/anisa/.m2/repository/com/netflix/eureka/eureka-client/1.8.7/eureka-client-1.8.7.jar
7f14363c0000-7f14363c4000 r--s 00014000 00:32 262379                     /home/anisa/.m2/repository/org/springframework/cloud/spring-cloud-netflix-eureka-client/2.0.0.M8/spring-cloud-netflix-eureka-client-2.0.0.M8.jar
7f14363c4000-7f14363dd000 r--s 001bf000 00:32 265458                     /home/anisa/.m2/repository/org/aspectj/aspectjweaver/1.8.13/aspectjweaver-1.8.13.jar
7f14363dd000-7f14363de000 r--s 00000000 00:32 3679525                    /home/anisa/.m2/repository/org/springframework/boot/spring-boot-starter-aop/2.0.0.RELEASE/spring-boot-starter-aop-2.0.0.RELEASE.jar
7f14363de000-7f14363e0000 r--s 00005000 00:32 262382                     /home/anisa/.m2/repository/org/springframework/cloud/spring-cloud-netflix-core/2.0.0.M8/spring-cloud-netflix-core-2.0.0.M8.jar
7f14363e0000-7f143642b000 r--s 002ff000 00:32 262418                     /home/anisa/.m2/repository/org/bouncycastle/bcprov-jdk15on/1.56/bcprov-jdk15on-1.56.jar
7f143642b000-7f143643c000 r--s 00097000 00:32 262416                     /home/anisa/.m2/repository/org/bouncycastle/bcpkix-jdk15on/1.56/bcpkix-jdk15on-1.56.jar
7f143643c000-7f143643d000 r--s 00004000 00:32 262377                     /home/anisa/.m2/repository/org/springframework/security/spring-security-rsa/1.0.5.RELEASE/spring-security-rsa-1.0.5.RELEASE.jar
7f143643d000-7f1436442000 r--s 0003c000 00:32 3679537                    /home/anisa/.m2/repository/org/springframework/spring-expression/5.0.4.RELEASE/spring-expression-5.0.4.RELEASE.jar
7f1436442000-7f143644b000 r--s 0004f000 00:32 3679561                    /home/anisa/.m2/repository/org/springframework/spring-aop/5.0.4.RELEASE/spring-aop-5.0.4.RELEASE.jar
7f143644b000-7f143645a000 r--s 000b0000 00:32 3679529                    /home/anisa/.m2/repository/org/springframework/spring-webmvc/5.0.4.RELEASE/spring-webmvc-5.0.4.RELEASE.jar
7f143645a000-7f1436474000 r--s 00116000 00:32 3679575                    /home/anisa/.m2/repository/org/springframework/spring-web/5.0.4.RELEASE/spring-web-5.0.4.RELEASE.jar
7f1436474000-7f1436490000 r--s 000f5000 00:32 3410918                    /home/anisa/.m2/repository/org/hibernate/validator/hibernate-validator/6.0.7.Final/hibernate-validator-6.0.7.Final.jar
7f1436490000-7f14364ba000 r--s 002ce000 00:32 3679600                    /home/anisa/.m2/repository/org/apache/tomcat/embed/tomcat-embed-core/8.5.28/tomcat-embed-core-8.5.28.jar
7f14364ba000-7f14364bd000 ---p 00000000 00:00 0 
7f14364bd000-7f14365bb000 rw-p 00000000 00:00 0 
7f14365bb000-7f14370f1000 r--p 00000000 08:05 1187634                    /usr/lib/locale/locale-archive
7f14370f1000-7f14370f4000 ---p 00000000 00:00 0 
7f14370f4000-7f14371f2000 rw-p 00000000 00:00 0 
7f14371f2000-7f14371f5000 ---p 00000000 00:00 0 
7f14371f5000-7f14372f3000 rw-p 00000000 00:00 0 
7f14372f3000-7f14372f4000 ---p 00000000 00:00 0 
7f14372f4000-7f1438000000 rw-p 00000000 00:00 0 
7f1438000000-7f1438021000 rw-p 00000000 00:00 0 
7f1438021000-7f143c000000 ---p 00000000 00:00 0 
7f143c000000-7f143c021000 rw-p 00000000 00:00 0 
7f143c021000-7f1440000000 ---p 00000000 00:00 0 
7f1440000000-7f1440021000 rw-p 00000000 00:00 0 
7f1440021000-7f1444000000 ---p 00000000 00:00 0 
7f1444000000-7f1444001000 r--s 00000000 00:32 262407                     /home/anisa/.m2/repository/org/springframework/cloud/spring-cloud-starter/2.0.0.M9/spring-cloud-starter-2.0.0.M9.jar
7f1444001000-7f1444002000 r--s 00000000 00:32 262328                     /home/anisa/.m2/repository/org/springframework/cloud/spring-cloud-starter-netflix-eureka-client/2.0.0.M8/spring-cloud-starter-netflix-eureka-client-2.0.0.M8.jar
7f1444002000-7f144400e000 r--s 00094000 00:32 3679530                    /home/anisa/.m2/repository/org/springframework/spring-beans/5.0.4.RELEASE/spring-beans-5.0.4.RELEASE.jar
7f144400e000-7f1444010000 r--s 0000e000 00:32 266175                     /home/anisa/.m2/repository/com/fasterxml/classmate/1.3.4/classmate-1.3.4.jar
7f1444010000-7f1444012000 r--s 0000f000 00:32 3676566                    /home/anisa/.m2/repository/org/jboss/logging/jboss-logging/3.3.2.Final/jboss-logging-3.3.2.Final.jar
7f1444012000-7f1444017000 r--s 00012000 00:32 3676564                    /home/anisa/.m2/repository/javax/validation/validation-api/2.0.1.Final/validation-api-2.0.1.Final.jar
7f1444017000-7f144401c000 r--s 0003a000 00:32 2228412                    /home/anisa/.m2/repository/org/apache/tomcat/embed/tomcat-embed-websocket/8.5.28/tomcat-embed-websocket-8.5.28.jar
7f144401c000-7f1444020000 r--s 00037000 00:32 1588164                    /home/anisa/.m2/repository/org/apache/tomcat/embed/tomcat-embed-el/8.5.28/tomcat-embed-el-8.5.28.jar
7f1444020000-7f1444021000 r--s 00000000 00:32 3679517                    /home/anisa/.m2/repository/org/springframework/boot/spring-boot-starter-tomcat/2.0.0.RELEASE/spring-boot-starter-tomcat-2.0.0.RELEASE.jar
7f1444021000-7f1444023000 r--s 00009000 00:32 3676600                    /home/anisa/.m2/repository/org/slf4j/slf4j-api/1.7.25/slf4j-api-1.7.25.jar
7f1444023000-7f1444025000 r--s 00002000 00:32 267470                     /home/anisa/.m2/repository/org/atteo/evo-inflector/1.2.2/evo-inflector-1.2.2.jar
7f1444025000-7f144403c000 r--s 000ed000 00:32 3679518                    /home/anisa/.m2/repository/org/springframework/data/spring-data-commons/2.0.5.RELEASE/spring-data-commons-2.0.5.RELEASE.jar
7f144403c000-7f1444041000 r--s 0002e000 00:32 3679493                    /home/anisa/.m2/repository/org/springframework/hateoas/spring-hateoas/0.24.0.RELEASE/spring-hateoas-0.24.0.RELEASE.jar
7f1444041000-7f1444049000 r--s 0004b000 00:32 262451                     /home/anisa/.m2/repository/org/springframework/data/spring-data-rest-webmvc/3.0.5.RELEASE/spring-data-rest-webmvc-3.0.5.RELEASE.jar
7f1444049000-7f144405d000 r--s 00131000 00:32 3679643                    /home/anisa/.m2/repository/io/projectreactor/reactor-core/3.1.5.RELEASE/reactor-core-3.1.5.RELEASE.jar
7f144405d000-7f1448000000 rw-p 00000000 00:00 0 
7f1448000000-7f1448021000 rw-p 00000000 00:00 0 
7f1448021000-7f144c000000 ---p 00000000 00:00 0 
7f144c000000-7f144c001000 r--s 00000000 00:32 3679295                    /home/anisa/.m2/repository/org/springframework/boot/spring-boot-starter-web/2.0.0.RELEASE/spring-boot-starter-web-2.0.0.RELEASE.jar
7f144c001000-7f144c002000 r--s 00004000 00:32 3676071                    /home/anisa/.m2/repository/org/springframework/plugin/spring-plugin-core/1.2.0.RELEASE/spring-plugin-core-1.2.0.RELEASE.jar
7f144c002000-7f144c007000 r--s 0001d000 00:32 262449                     /home/anisa/.m2/repository/org/springframework/data/spring-data-rest-core/3.0.5.RELEASE/spring-data-rest-core-3.0.5.RELEASE.jar
7f144c007000-7f144c009000 r--s 00001000 00:32 3679603                    /home/anisa/.m2/repository/com/fasterxml/jackson/module/jackson-module-parameter-names/2.9.3/jackson-module-parameter-names-2.9.3.jar
7f144c009000-7f144c00b000 r--s 00007000 00:32 3679599                    /home/anisa/.m2/repository/com/fasterxml/jackson/datatype/jackson-datatype-jdk8/2.9.3/jackson-datatype-jdk8-2.9.3.jar
7f144c00b000-7f144c00c000 r--s 00000000 00:32 3679513                    /home/anisa/.m2/repository/org/springframework/boot/spring-boot-starter-json/2.0.0.RELEASE/spring-boot-starter-json-2.0.0.RELEASE.jar
7f144c00c000-7f144c00d000 r--s 00000000 00:32 262447                     /home/anisa/.m2/repository/org/springframework/boot/spring-boot-starter-data-rest/2.0.0.RELEASE/spring-boot-starter-data-rest-2.0.0.RELEASE.jar
7f144c00d000-7f144c00e000 r--s 00000000 00:32 3679645                    /home/anisa/.m2/repository/org/reactivestreams/reactive-streams/1.0.2/reactive-streams-1.0.2.jar
7f144c00e000-7f144c015000 r--s 00036000 00:32 3679564                    /home/anisa/.m2/repository/org/springframework/spring-tx/5.0.4.RELEASE/spring-tx-5.0.4.RELEASE.jar
7f144c015000-7f144c02f000 r--s 00118000 00:32 3679508                    /home/anisa/.m2/repository/org/springframework/integration/spring-integration-core/5.0.3.RELEASE/spring-integration-core-5.0.3.RELEASE.jar
7f144c02f000-7f144c033000 r--s 0001c000 00:32 3679543                    /home/anisa/.m2/repository/org/springframework/retry/spring-retry/1.2.2.RELEASE/spring-retry-1.2.2.RELEASE.jar
7f144c033000-7f144c034000 r--s 00001000 00:32 3679554                    /home/anisa/.m2/repository/org/springframework/integration/spring-integration-tuple/1.0.0.RELEASE/spring-integration-tuple-1.0.0.RELEASE.jar
7f144c034000-7f144c035000 r--s 00001000 00:32 3679641                    /home/anisa/.m2/repository/com/esotericsoftware/minlog/1.3.0/minlog-1.3.0.jar
7f144c035000-7f144c03c000 r--s 00051000 00:32 3679636                    /home/anisa/.m2/repository/com/esotericsoftware/kryo-shaded/3.0.3/kryo-shaded-3.0.3.jar
7f144c03c000-7f144c03e000 r--s 00006000 00:32 3679551                    /home/anisa/.m2/repository/org/springframework/spring-tuple/1.0.0.RELEASE/spring-tuple-1.0.0.RELEASE.jar
7f144c03e000-7f144c047000 r--s 00052000 00:32 3679555                    /home/anisa/.m2/repository/org/springframework/spring-messaging/5.0.4.RELEASE/spring-messaging-5.0.4.RELEASE.jar
7f144c047000-7f144c048000 r--s 00000000 00:32 3679507                    /home/anisa/.m2/repository/org/springframework/boot/spring-boot-starter-validation/2.0.0.RELEASE/spring-boot-starter-validation-2.0.0.RELEASE.jar
7f144c048000-7f144c04e000 r--s 00038000 00:32 262409                     /home/anisa/.m2/repository/org/springframework/cloud/spring-cloud-stream/2.0.0.RC3/spring-cloud-stream-2.0.0.RC3.jar
7f144c04e000-7f144c050000 r--s 00009000 00:32 262402                     /home/anisa/.m2/repository/org/springframework/cloud/spring-cloud-bus/2.0.0.M7/spring-cloud-bus-2.0.0.M7.jar
7f144c050000-7f144c052000 r--s 0000d000 00:32 3679567                    /home/anisa/.m2/repository/org/springframework/integration/spring-integration-jmx/5.0.3.RELEASE/spring-integration-jmx-5.0.3.RELEASE.jar
7f144c052000-7f144c055000 r--s 0001a000 00:32 3679532                    /home/anisa/.m2/repository/org/springframework/integration/spring-integration-amqp/5.0.3.RELEASE/spring-integration-amqp-5.0.3.RELEASE.jar
7f144c055000-7f144c057000 r--s 0000d000 00:32 3679637                    /home/anisa/.m2/repository/com/rabbitmq/http-client/1.3.1.RELEASE/http-client-1.3.1.RELEASE.jar
7f144c057000-7f144c063000 r--s 00075000 00:32 3679624                    /home/anisa/.m2/repository/com/rabbitmq/amqp-client/5.1.2/amqp-client-5.1.2.jar
7f144c063000-7f144c067000 r--s 0001b000 00:32 3679549                    /home/anisa/.m2/repository/org/springframework/amqp/spring-amqp/2.0.2.RELEASE/spring-amqp-2.0.2.RELEASE.jar
7f144c067000-7f144c06f000 r--s 00063000 00:32 3679542                    /home/anisa/.m2/repository/org/springframework/amqp/spring-rabbit/2.0.2.RELEASE/spring-rabbit-2.0.2.RELEASE.jar
7f144c06f000-7f144c070000 r--s 00000000 00:32 3679546                    /home/anisa/.m2/repository/org/springframework/boot/spring-boot-starter-amqp/2.0.0.RELEASE/spring-boot-starter-amqp-2.0.0.RELEASE.jar
7f144c070000-7f144c072000 r--s 00006000 00:32 262400                     /home/anisa/.m2/repository/org/springframework/cloud/spring-cloud-stream-binder-rabbit-core/2.0.0.RC3/spring-cloud-stream-binder-rabbit-core-2.0.0.RC3.jar
7f144c072000-7f144c074000 r--s 00006000 00:32 262399                     /home/anisa/.m2/repository/org/springframework/cloud/spring-cloud-stream-binder-rabbit/2.0.0.RC3/spring-cloud-stream-binder-rabbit-2.0.0.RC3.jar
7f144c074000-7f144c075000 r--s 00000000 00:32 262388                     /home/anisa/.m2/repository/org/springframework/cloud/spring-cloud-starter-stream-rabbit/2.0.0.RC3/spring-cloud-starter-stream-rabbit-2.0.0.RC3.jar
7f144c075000-7f144c076000 r--s 00000000 00:32 262498                     /home/anisa/.m2/repository/org/springframework/cloud/spring-cloud-starter-bus-amqp/2.0.0.M7/spring-cloud-starter-bus-amqp-2.0.0.M7.jar
7f144c076000-7f144c078000 r--s 00006000 00:32 267589                     /home/anisa/.m2/repository/org/latencyutils/LatencyUtils/2.0.3/LatencyUtils-2.0.3.jar
7f144c078000-7f144c07a000 r--s 0001b000 00:32 267586                     /home/anisa/.m2/repository/org/hdrhistogram/HdrHistogram/2.1.10/HdrHistogram-2.1.10.jar
7f144c07a000-7f144c081000 r--s 00042000 00:32 262420                     /home/anisa/.m2/repository/io/micrometer/micrometer-core/1.0.1/micrometer-core-1.0.1.jar
7f144c081000-7f144c084000 r--s 00015000 00:32 3679595                    /home/anisa/.m2/repository/com/fasterxml/jackson/datatype/jackson-datatype-jsr310/2.9.3/jackson-datatype-jsr310-2.9.3.jar
7f144c084000-7f144c09e000 r--s 000ee000 00:32 3679534                    /home/anisa/.m2/repository/org/springframework/spring-context/5.0.4.RELEASE/spring-context-5.0.4.RELEASE.jar
7f144c09e000-7f144c0ac000 r--s 00062000 00:32 262366                     /home/anisa/.m2/repository/org/springframework/boot/spring-boot-actuator/2.0.0.RELEASE/spring-boot-actuator-2.0.0.RELEASE.jar
7f144c0ac000-7f144c0b8000 r--s 0004e000 00:32 262364                     /home/anisa/.m2/repository/org/springframework/boot/spring-boot-actuator-autoconfigure/2.0.0.RELEASE/spring-boot-actuator-autoconfigure-2.0.0.RELEASE.jar
7f144c0b8000-7f144c0bf000 r--s 00042000 00:32 267913                     /home/anisa/.m2/repository/org/yaml/snakeyaml/1.19/snakeyaml-1.19.jar
7f144c0bf000-7f144c0c1000 r--s 00005000 00:32 3676562                    /home/anisa/.m2/repository/javax/annotation/javax.annotation-api/1.3.2/javax.annotation-api-1.3.2.jar
7f144c0c1000-7f144c0c7000 r--s 00039000 00:32 267900                     /home/anisa/.m2/repository/org/apache/logging/log4j/log4j-api/2.10.0/log4j-api-2.10.0.jar
7f144c0c7000-7f144c0d2000 r--s 00069000 00:32 1588181                    /home/anisa/.m2/repository/ch/qos/logback/logback-core/1.2.3/logback-core-1.2.3.jar
7f144c0d2000-7f144c0e5000 r--s 00345000 08:05 1216153                    /usr/lib/jvm/java-8-oracle/jre/lib/resources.jar
7f144c0e5000-7f144c2bf000 r--s 03d6f000 08:05 1216149                    /usr/lib/jvm/java-8-oracle/jre/lib/rt.jar
7f144c2bf000-7f144ceff000 rw-p 00000000 00:00 0 
7f144ceff000-7f144cf00000 ---p 00000000 00:00 0 
7f144cf00000-7f144d000000 rw-p 00000000 00:00 0 
7f144d000000-7f144dae0000 rwxp 00000000 00:00 0 
7f144dae0000-7f145c000000 ---p 00000000 00:00 0 
7f145c000000-7f145d238000 rw-p 00000000 00:00 0 
7f145d238000-7f1460000000 ---p 00000000 00:00 0 
7f1460000000-7f1460002000 r--s 00000000 00:32 3426010                    /home/anisa/.m2/repository/org/slf4j/jul-to-slf4j/1.7.25/jul-to-slf4j-1.7.25.jar
7f1460002000-7f1460004000 r--s 00003000 00:32 267908                     /home/anisa/.m2/repository/org/apache/logging/log4j/log4j-to-slf4j/2.10.0/log4j-to-slf4j-2.10.0.jar
7f1460004000-7f146000a000 r--s 00041000 00:32 2534809                    /home/anisa/.m2/repository/ch/qos/logback/logback-classic/1.2.3/logback-classic-1.2.3.jar
7f146000a000-7f146000b000 r--s 00000000 00:32 3679497                    /home/anisa/.m2/repository/org/springframework/boot/spring-boot-starter-logging/2.0.0.RELEASE/spring-boot-starter-logging-2.0.0.RELEASE.jar
7f146000b000-7f146000c000 r--s 00000000 00:32 3679559                    /home/anisa/.m2/repository/org/springframework/boot/spring-boot-starter/2.0.0.RELEASE/spring-boot-starter-2.0.0.RELEASE.jar
7f146000c000-7f146001f000 r--s 000d6000 08:05 1216140                    /usr/lib/jvm/java-8-oracle/jre/lib/plugin.jar
7f146001f000-7f146003a000 r--s 0020c000 08:05 1216127                    /usr/lib/jvm/java-8-oracle/jre/lib/deploy.jar
7f146003a000-7f146003b000 ---p 00000000 00:00 0 
7f146003b000-7f146013b000 rw-p 00000000 00:00 0 
7f146013b000-7f146013c000 ---p 00000000 00:00 0 
7f146013c000-7f146023c000 rw-p 00000000 00:00 0 
7f146023c000-7f146023d000 ---p 00000000 00:00 0 
7f146023d000-7f1460360000 rw-p 00000000 00:00 0 
7f1460360000-7f14605c4000 ---p 00000000 00:00 0 
7f14605c4000-7f14605e7000 rw-p 00000000 00:00 0 
7f14605e7000-7f146084a000 ---p 00000000 00:00 0 
7f146084a000-7f1460945000 rw-p 00000000 00:00 0 
7f1460945000-7f146098e000 ---p 00000000 00:00 0 
7f146098e000-7f14609bb000 rw-p 00000000 00:00 0 
7f14609bb000-7f1460d4f000 ---p 00000000 00:00 0 
7f1460d4f000-7f1460d6a000 r-xp 00000000 08:05 1216361                    /usr/lib/jvm/java-8-oracle/jre/lib/amd64/libzip.so
7f1460d6a000-7f1460f69000 ---p 0001b000 08:05 1216361                    /usr/lib/jvm/java-8-oracle/jre/lib/amd64/libzip.so
7f1460f69000-7f1460f6a000 r--p 0001a000 08:05 1216361                    /usr/lib/jvm/java-8-oracle/jre/lib/amd64/libzip.so
7f1460f6a000-7f1460f6b000 rw-p 0001b000 08:05 1216361                    /usr/lib/jvm/java-8-oracle/jre/lib/amd64/libzip.so
7f1460f6b000-7f1460f76000 r-xp 00000000 08:05 2117986                    /lib/x86_64-linux-gnu/libnss_files-2.23.so
7f1460f76000-7f1461175000 ---p 0000b000 08:05 2117986                    /lib/x86_64-linux-gnu/libnss_files-2.23.so
7f1461175000-7f1461176000 r--p 0000a000 08:05 2117986                    /lib/x86_64-linux-gnu/libnss_files-2.23.so
7f1461176000-7f1461177000 rw-p 0000b000 08:05 2117986                    /lib/x86_64-linux-gnu/libnss_files-2.23.so
7f1461177000-7f146117d000 rw-p 00000000 00:00 0 
7f146117d000-7f1461188000 r-xp 00000000 08:05 2117979                    /lib/x86_64-linux-gnu/libnss_nis-2.23.so
7f1461188000-7f1461387000 ---p 0000b000 08:05 2117979                    /lib/x86_64-linux-gnu/libnss_nis-2.23.so
7f1461387000-7f1461388000 r--p 0000a000 08:05 2117979                    /lib/x86_64-linux-gnu/libnss_nis-2.23.so
7f1461388000-7f1461389000 rw-p 0000b000 08:05 2117979                    /lib/x86_64-linux-gnu/libnss_nis-2.23.so
7f1461389000-7f146139f000 r-xp 00000000 08:05 2117984                    /lib/x86_64-linux-gnu/libnsl-2.23.so
7f146139f000-7f146159e000 ---p 00016000 08:05 2117984                    /lib/x86_64-linux-gnu/libnsl-2.23.so
7f146159e000-7f146159f000 r--p 00015000 08:05 2117984                    /lib/x86_64-linux-gnu/libnsl-2.23.so
7f146159f000-7f14615a0000 rw-p 00016000 08:05 2117984                    /lib/x86_64-linux-gnu/libnsl-2.23.so
7f14615a0000-7f14615a2000 rw-p 00000000 00:00 0 
7f14615a2000-7f14615aa000 r-xp 00000000 08:05 2117990                    /lib/x86_64-linux-gnu/libnss_compat-2.23.so
7f14615aa000-7f14617a9000 ---p 00008000 08:05 2117990                    /lib/x86_64-linux-gnu/libnss_compat-2.23.so
7f14617a9000-7f14617aa000 r--p 00007000 08:05 2117990                    /lib/x86_64-linux-gnu/libnss_compat-2.23.so
7f14617aa000-7f14617ab000 rw-p 00008000 08:05 2117990                    /lib/x86_64-linux-gnu/libnss_compat-2.23.so
7f14617ab000-7f14617b5000 r-xp 00000000 08:05 1216370                    /usr/lib/jvm/java-8-oracle/jre/lib/amd64/libinstrument.so
7f14617b5000-7f14619b4000 ---p 0000a000 08:05 1216370                    /usr/lib/jvm/java-8-oracle/jre/lib/amd64/libinstrument.so
7f14619b4000-7f14619b5000 r--p 00009000 08:05 1216370                    /usr/lib/jvm/java-8-oracle/jre/lib/amd64/libinstrument.so
7f14619b5000-7f14619b6000 rw-p 0000a000 08:05 1216370                    /usr/lib/jvm/java-8-oracle/jre/lib/amd64/libinstrument.so
7f14619b6000-7f14619e2000 r-xp 00000000 08:05 1216355                    /usr/lib/jvm/java-8-oracle/jre/lib/amd64/libjava.so
7f14619e2000-7f1461be2000 ---p 0002c000 08:05 1216355                    /usr/lib/jvm/java-8-oracle/jre/lib/amd64/libjava.so
7f1461be2000-7f1461be3000 r--p 0002c000 08:05 1216355                    /usr/lib/jvm/java-8-oracle/jre/lib/amd64/libjava.so
7f1461be3000-7f1461be5000 rw-p 0002d000 08:05 1216355                    /usr/lib/jvm/java-8-oracle/jre/lib/amd64/libjava.so
7f1461be5000-7f1461bf2000 r-xp 00000000 08:05 1216360                    /usr/lib/jvm/java-8-oracle/jre/lib/amd64/libverify.so
7f1461bf2000-7f1461df1000 ---p 0000d000 08:05 1216360                    /usr/lib/jvm/java-8-oracle/jre/lib/amd64/libverify.so
7f1461df1000-7f1461df3000 r--p 0000c000 08:05 1216360                    /usr/lib/jvm/java-8-oracle/jre/lib/amd64/libverify.so
7f1461df3000-7f1461df4000 rw-p 0000e000 08:05 1216360                    /usr/lib/jvm/java-8-oracle/jre/lib/amd64/libverify.so
7f1461df4000-7f1461dfb000 r-xp 00000000 08:05 2117906                    /lib/x86_64-linux-gnu/librt-2.23.so
7f1461dfb000-7f1461ffa000 ---p 00007000 08:05 2117906                    /lib/x86_64-linux-gnu/librt-2.23.so
7f1461ffa000-7f1461ffb000 r--p 00006000 08:05 2117906                    /lib/x86_64-linux-gnu/librt-2.23.so
7f1461ffb000-7f1461ffc000 rw-p 00007000 08:05 2117906                    /lib/x86_64-linux-gnu/librt-2.23.so
7f1461ffc000-7f1462104000 r-xp 00000000 08:05 2117992                    /lib/x86_64-linux-gnu/libm-2.23.so
7f1462104000-7f1462303000 ---p 00108000 08:05 2117992                    /lib/x86_64-linux-gnu/libm-2.23.so
7f1462303000-7f1462304000 r--p 00107000 08:05 2117992                    /lib/x86_64-linux-gnu/libm-2.23.so
7f1462304000-7f1462305000 rw-p 00108000 08:05 2117992                    /lib/x86_64-linux-gnu/libm-2.23.so
7f1462305000-7f1462fed000 r-xp 00000000 08:05 1216381                    /usr/lib/jvm/java-8-oracle/jre/lib/amd64/server/libjvm.so
7f1462fed000-7f14631ec000 ---p 00ce8000 08:05 1216381                    /usr/lib/jvm/java-8-oracle/jre/lib/amd64/server/libjvm.so
7f14631ec000-7f1463282000 r--p 00ce7000 08:05 1216381                    /usr/lib/jvm/java-8-oracle/jre/lib/amd64/server/libjvm.so
7f1463282000-7f14632b3000 rw-p 00d7d000 08:05 1216381                    /usr/lib/jvm/java-8-oracle/jre/lib/amd64/server/libjvm.so
7f14632b3000-7f14632ee000 rw-p 00000000 00:00 0 
7f14632ee000-7f14634ae000 r-xp 00000000 08:05 2117989                    /lib/x86_64-linux-gnu/libc-2.23.so
7f14634ae000-7f14636ae000 ---p 001c0000 08:05 2117989                    /lib/x86_64-linux-gnu/libc-2.23.so
7f14636ae000-7f14636b2000 r--p 001c0000 08:05 2117989                    /lib/x86_64-linux-gnu/libc-2.23.so
7f14636b2000-7f14636b4000 rw-p 001c4000 08:05 2117989                    /lib/x86_64-linux-gnu/libc-2.23.so
7f14636b4000-7f14636b8000 rw-p 00000000 00:00 0 
7f14636b8000-7f14636bb000 r-xp 00000000 08:05 2117917                    /lib/x86_64-linux-gnu/libdl-2.23.so
7f14636bb000-7f14638ba000 ---p 00003000 08:05 2117917                    /lib/x86_64-linux-gnu/libdl-2.23.so
7f14638ba000-7f14638bb000 r--p 00002000 08:05 2117917                    /lib/x86_64-linux-gnu/libdl-2.23.so
7f14638bb000-7f14638bc000 rw-p 00003000 08:05 2117917                    /lib/x86_64-linux-gnu/libdl-2.23.so
7f14638bc000-7f14638d3000 r-xp 00000000 08:05 1216095                    /usr/lib/jvm/java-8-oracle/lib/amd64/jli/libjli.so
7f14638d3000-7f1463ad2000 ---p 00017000 08:05 1216095                    /usr/lib/jvm/java-8-oracle/lib/amd64/jli/libjli.so
7f1463ad2000-7f1463ad3000 r--p 00016000 08:05 1216095                    /usr/lib/jvm/java-8-oracle/lib/amd64/jli/libjli.so
7f1463ad3000-7f1463ad4000 rw-p 00017000 08:05 1216095                    /usr/lib/jvm/java-8-oracle/lib/amd64/jli/libjli.so
7f1463ad4000-7f1463aec000 r-xp 00000000 08:05 2117976                    /lib/x86_64-linux-gnu/libpthread-2.23.so
7f1463aec000-7f1463ceb000 ---p 00018000 08:05 2117976                    /lib/x86_64-linux-gnu/libpthread-2.23.so
7f1463ceb000-7f1463cec000 r--p 00017000 08:05 2117976                    /lib/x86_64-linux-gnu/libpthread-2.23.so
7f1463cec000-7f1463ced000 rw-p 00018000 08:05 2117976                    /lib/x86_64-linux-gnu/libpthread-2.23.so
7f1463ced000-7f1463cf1000 rw-p 00000000 00:00 0 
7f1463cf1000-7f1463d17000 r-xp 00000000 08:05 2117975                    /lib/x86_64-linux-gnu/ld-2.23.so
7f1463d17000-7f1463d18000 r--s 00000000 00:32 262230                     /home/anisa/.m2/repository/org/springframework/boot/spring-boot-starter-actuator/2.0.0.RELEASE/spring-boot-starter-actuator-2.0.0.RELEASE.jar
7f1463d18000-7f1463d19000 r--s 00000000 08:05 1216133                    /usr/lib/jvm/java-8-oracle/jre/lib/management-agent.jar
7f1463d19000-7f1463d1d000 r--s 000a1000 08:05 1216154                    /usr/lib/jvm/java-8-oracle/jre/lib/jsse.jar
7f1463d1d000-7f1463d22000 r--s 00084000 08:05 1216126                    /usr/lib/jvm/java-8-oracle/jre/lib/jfr.jar
7f1463d22000-7f1463df2000 rw-p 00000000 00:00 0 
7f1463df2000-7f1463df5000 ---p 00000000 00:00 0 
7f1463df5000-7f1463ef8000 rw-p 00000000 00:00 0 
7f1463ef8000-7f1463efa000 r--s 00007000 08:05 1216162                    /usr/lib/jvm/java-8-oracle/jre/lib/jfxswt.jar
7f1463efa000-7f1463efd000 r--s 0001a000 08:05 1216160                    /usr/lib/jvm/java-8-oracle/jre/lib/jce.jar
7f1463efd000-7f1463f07000 r--s 0006e000 08:05 1216136                    /usr/lib/jvm/java-8-oracle/jre/lib/javaws.jar
7f1463f07000-7f1463f0c000 r--s 002f9000 08:05 1216147                    /usr/lib/jvm/java-8-oracle/jre/lib/charsets.jar
7f1463f0c000-7f1463f14000 rw-s 00000000 08:05 1981233                    /tmp/hsperfdata_anisa/1648
7f1463f14000-7f1463f15000 rw-p 00000000 00:00 0 
7f1463f15000-7f1463f16000 ---p 00000000 00:00 0 
7f1463f16000-7f1463f17000 r--p 00025000 08:05 2117975                    /lib/x86_64-linux-gnu/ld-2.23.so
7f1463f17000-7f1463f18000 rw-p 00026000 08:05 2117975                    /lib/x86_64-linux-gnu/ld-2.23.so
7f1463f18000-7f1463f19000 rw-p 00000000 00:00 0 
7ffc12488000-7ffc124ae000 rw-p 00000000 00:00 0                          [stack]
7ffc12559000-7ffc1255c000 r--p 00000000 00:00 0                          [vvar]
7ffc1255c000-7ffc1255e000 r-xp 00000000 00:00 0                          [vdso]
ffffffffff600000-ffffffffff601000 r-xp 00000000 00:00 0                  [vsyscall]

VM Arguments:
jvm_args: -XX:TieredStopAtLevel=1 -Xverify:none -Dspring.output.ansi.enabled=always -Dcom.sun.management.jmxremote -Dspring.liveBeansView.mbeanDomain -Dspring.application.admin.enabled=true -javaagent:/opt/idea-IU-191.6183.87/lib/idea_rt.jar=14725:/opt/idea-IU-191.6183.87/bin -Dfile.encoding=UTF-8 
java_command: com.example.eurekaclientlab2.EurekaClientLab2Application
java_class_path (initial): /usr/lib/jvm/java-8-oracle/jre/lib/charsets.jar:/usr/lib/jvm/java-8-oracle/jre/lib/deploy.jar:/usr/lib/jvm/java-8-oracle/jre/lib/ext/cldrdata.jar:/usr/lib/jvm/java-8-oracle/jre/lib/ext/dnsns.jar:/usr/lib/jvm/java-8-oracle/jre/lib/ext/jaccess.jar:/usr/lib/jvm/java-8-oracle/jre/lib/ext/jfxrt.jar:/usr/lib/jvm/java-8-oracle/jre/lib/ext/localedata.jar:/usr/lib/jvm/java-8-oracle/jre/lib/ext/nashorn.jar:/usr/lib/jvm/java-8-oracle/jre/lib/ext/sunec.jar:/usr/lib/jvm/java-8-oracle/jre/lib/ext/sunjce_provider.jar:/usr/lib/jvm/java-8-oracle/jre/lib/ext/sunpkcs11.jar:/usr/lib/jvm/java-8-oracle/jre/lib/ext/zipfs.jar:/usr/lib/jvm/java-8-oracle/jre/lib/javaws.jar:/usr/lib/jvm/java-8-oracle/jre/lib/jce.jar:/usr/lib/jvm/java-8-oracle/jre/lib/jfr.jar:/usr/lib/jvm/java-8-oracle/jre/lib/jfxswt.jar:/usr/lib/jvm/java-8-oracle/jre/lib/jsse.jar:/usr/lib/jvm/java-8-oracle/jre/lib/management-agent.jar:/usr/lib/jvm/java-8-oracle/jre/lib/plugin.jar:/usr/lib/jvm/java-8-oracle/jre/lib/resources.jar:/usr/lib/jvm/java-8-oracle/jre/lib/rt.jar:/home/anisa/Labs/lab3(bogdan2)/lab-2/eureka-client-lab-2/target/classes:/home/anisa/.m2/repository/org/springframework/boot/spring-boot-starter-actuator/2.0.0.RELEASE/spring-boot-starter-actuator-2.0.0.RELEASE.jar:/home/anisa/.m2/repository/org/springframework/boot/spring-boot-starter/2.0.0.RELEASE/spring-boot-starter-2.0.0.RELEASE.jar:/home/anisa/.m2/repository/org/springframework/boot/spring-boot-starter-logging/2.0.0.RELEASE/spring-boot-starter-logging-2.0.0.RELEASE.jar:/home/anisa/.m2/repository/ch/qos/logback/logback-classic/1.2.3/logback-classic-1.2.3.jar:/home/anisa/.m2/repository/ch/qos/logback/logback-core/1.2.3/logback-core-1.2.3.jar:/home/anisa/.m2/repository/org/apache/logging/log4j/log4j-to-slf4j/2.10.0/log4j-to-slf4j-2.10.0.jar:/home/anisa/.m2/repository/org/apache/logging/log4j/log4j-api/2.10.0/log4j-api-2.10.0.jar:/home/anisa/.m2/repository/org/slf4j/jul-to-slf4j/1.7.25/jul-to-slf4j-1.7.25.jar:/home/anisa/.m2/reposit
Launcher Type: SUN_STANDARD

Environment Variables:
PATH=/home/anisa/bin:/home/anisa/.local/bin:/usr/local/sbin:/usr/local/bin:/usr/sbin:/usr/bin:/sbin:/bin:/usr/games:/usr/local/games:/snap/bin:/usr/local/cuda/bin
SHELL=/bin/bash
DISPLAY=:0

Signal Handlers:
SIGSEGV: [libjvm.so+0xad3e60], sa_mask[0]=11111111011111111101111111111110, sa_flags=SA_RESTART|SA_SIGINFO
SIGBUS: [libjvm.so+0xad3e60], sa_mask[0]=11111111011111111101111111111110, sa_flags=SA_RESTART|SA_SIGINFO
SIGFPE: [libjvm.so+0x90b880], sa_mask[0]=11111111011111111101111111111110, sa_flags=SA_RESTART|SA_SIGINFO
SIGPIPE: [libjvm.so+0x90b880], sa_mask[0]=11111111011111111101111111111110, sa_flags=SA_RESTART|SA_SIGINFO
SIGXFSZ: [libjvm.so+0x90b880], sa_mask[0]=11111111011111111101111111111110, sa_flags=SA_RESTART|SA_SIGINFO
SIGILL: [libjvm.so+0x90b880], sa_mask[0]=11111111011111111101111111111110, sa_flags=SA_RESTART|SA_SIGINFO
SIGUSR1: SIG_DFL, sa_mask[0]=00000000000000000000000000000000, sa_flags=none
SIGUSR2: [libjvm.so+0x90b750], sa_mask[0]=00100000000000000000000000000000, sa_flags=SA_RESTART|SA_SIGINFO
SIGHUP: [libjvm.so+0x90bd70], sa_mask[0]=11111111011111111101111111111110, sa_flags=SA_RESTART|SA_SIGINFO
SIGINT: [libjvm.so+0x90bd70], sa_mask[0]=11111111011111111101111111111110, sa_flags=SA_RESTART|SA_SIGINFO
SIGTERM: [libjvm.so+0x90bd70], sa_mask[0]=11111111011111111101111111111110, sa_flags=SA_RESTART|SA_SIGINFO
SIGQUIT: [libjvm.so+0x90bd70], sa_mask[0]=11111111011111111101111111111110, sa_flags=SA_RESTART|SA_SIGINFO


---------------  S Y S T E M  ---------------

OS:DISTRIB_ID=Ubuntu
DISTRIB_RELEASE=16.04
DISTRIB_CODENAME=xenial
DISTRIB_DESCRIPTION="Ubuntu 16.04.5 LTS"

uname:Linux 4.15.0-46-generic #49~16.04.1-Ubuntu SMP Tue Feb 12 17:45:24 UTC 2019 x86_64
libc:glibc 2.23 NPTL 2.23 
rlimit: STACK 8192k, CORE 0k, NPROC 30002, NOFILE 1048576, AS infinity
load average:2,36 2,25 2,21

/proc/meminfo:
MemTotal:        7945868 kB
MemFree:          142224 kB
MemAvailable:      67080 kB
Buffers:            1484 kB
Cached:           578728 kB
SwapCached:         2496 kB
Active:          6421344 kB
Inactive:        1046756 kB
Active(anon):    6393424 kB
Inactive(anon):  1002880 kB
Active(file):      27920 kB
Inactive(file):    43876 kB
Unevictable:          48 kB
Mlocked:              48 kB
SwapTotal:        999932 kB
SwapFree:              0 kB
Dirty:               312 kB
Writeback:             0 kB
AnonPages:       6885504 kB
Mapped:           306988 kB
Shmem:            508368 kB
Slab:             168264 kB
SReclaimable:      60292 kB
SUnreclaim:       107972 kB
KernelStack:       22624 kB
PageTables:        73132 kB
NFS_Unstable:          0 kB
Bounce:                0 kB
WritebackTmp:          0 kB
CommitLimit:     4972864 kB
Committed_AS:   16655656 kB
VmallocTotal:   34359738367 kB
VmallocUsed:           0 kB
VmallocChunk:          0 kB
HardwareCorrupted:     0 kB
AnonHugePages:         0 kB
ShmemHugePages:        0 kB
ShmemPmdMapped:        0 kB
CmaTotal:              0 kB
CmaFree:               0 kB
HugePages_Total:       0
HugePages_Free:        0
HugePages_Rsvd:        0
HugePages_Surp:        0
Hugepagesize:       2048 kB
DirectMap4k:      294516 kB
DirectMap2M:     6821888 kB
DirectMap1G:     2097152 kB

container (cgroup) information:
container_type: cgroupv1
cpu_cpuset_cpus: 0-3
cpu_memory_nodes: 0
active_processor_count: 4
cpu_quota: -1
cpu_period: 100000
cpu_shares: -1
memory_limit_in_bytes: -1
memory_and_swap_limit_in_bytes: -2
memory_soft_limit_in_bytes: -1
memory_usage_in_bytes: 7591743488
memory_max_usage_in_bytes: 7645569024


CPU:total 4 (initial active 4) (2 cores per cpu, 2 threads per core) family 6 model 142 stepping 9, cmov, cx8, fxsr, mmx, sse, sse2, sse3, ssse3, sse4.1, sse4.2, popcnt, avx, avx2, aes, clmul, erms, 3dnowpref, lzcnt, ht, tsc, tscinvbit, bmi1, bmi2, adx

/proc/cpuinfo:
processor	: 0
vendor_id	: GenuineIntel
cpu family	: 6
model		: 142
model name	: Intel(R) Core(TM) i5-7200U CPU @ 2.50GHz
stepping	: 9
microcode	: 0x8e
cpu MHz		: 700.001
cache size	: 3072 KB
physical id	: 0
siblings	: 4
core id		: 0
cpu cores	: 2
apicid		: 0
initial apicid	: 0
fpu		: yes
fpu_exception	: yes
cpuid level	: 22
wp		: yes
flags		: fpu vme de pse tsc msr pae mce cx8 apic sep mtrr pge mca cmov pat pse36 clflush dts acpi mmx fxsr sse sse2 ss ht tm pbe syscall nx pdpe1gb rdtscp lm constant_tsc art arch_perfmon pebs bts rep_good nopl xtopology nonstop_tsc cpuid aperfmperf tsc_known_freq pni pclmulqdq dtes64 monitor ds_cpl vmx est tm2 ssse3 sdbg fma cx16 xtpr pdcm pcid sse4_1 sse4_2 x2apic movbe popcnt tsc_deadline_timer aes xsave avx f16c rdrand lahf_lm abm 3dnowprefetch cpuid_fault invpcid_single pti ssbd ibrs ibpb stibp tpr_shadow vnmi flexpriority ept vpid fsgsbase tsc_adjust bmi1 avx2 smep bmi2 erms invpcid mpx rdseed adx smap clflushopt intel_pt xsaveopt xsavec xgetbv1 xsaves dtherm ida arat pln pts hwp hwp_notify hwp_act_window hwp_epp flush_l1d
bugs		: cpu_meltdown spectre_v1 spectre_v2 spec_store_bypass l1tf
bogomips	: 5424.00
clflush size	: 64
cache_alignment	: 64
address sizes	: 39 bits physical, 48 bits virtual
power management:

processor	: 1
vendor_id	: GenuineIntel
cpu family	: 6
model		: 142
model name	: Intel(R) Core(TM) i5-7200U CPU @ 2.50GHz
stepping	: 9
microcode	: 0x8e
cpu MHz		: 700.020
cache size	: 3072 KB
physical id	: 0
siblings	: 4
core id		: 1
cpu cores	: 2
apicid		: 2
initial apicid	: 2
fpu		: yes
fpu_exception	: yes
cpuid level	: 22
wp		: yes
flags		: fpu vme de pse tsc msr pae mce cx8 apic sep mtrr pge mca cmov pat pse36 clflush dts acpi mmx fxsr sse sse2 ss ht tm pbe syscall nx pdpe1gb rdtscp lm constant_tsc art arch_perfmon pebs bts rep_good nopl xtopology nonstop_tsc cpuid aperfmperf tsc_known_freq pni pclmulqdq dtes64 monitor ds_cpl vmx est tm2 ssse3 sdbg fma cx16 xtpr pdcm pcid sse4_1 sse4_2 x2apic movbe popcnt tsc_deadline_timer aes xsave avx f16c rdrand lahf_lm abm 3dnowprefetch cpuid_fault invpcid_single pti ssbd ibrs ibpb stibp tpr_shadow vnmi flexpriority ept vpid fsgsbase tsc_adjust bmi1 avx2 smep bmi2 erms invpcid mpx rdseed adx smap clflushopt intel_pt xsaveopt xsavec xgetbv1 xsaves dtherm ida arat pln pts hwp hwp_notify hwp_act_window hwp_epp flush_l1d
bugs		: cpu_meltdown spectre_v1 spectre_v2 spec_store_bypass l1tf
bogomips	: 5424.00
clflush size	: 64
cache_alignment	: 64
address sizes	: 39 bits physical, 48 bits virtual
power management:

processor	: 2
vendor_id	: GenuineIntel
cpu family	: 6
model		: 142
model name	: Intel(R) Core(TM) i5-7200U CPU @ 2.50GHz
stepping	: 9
microcode	: 0x8e
cpu MHz		: 692.326
cache size	: 3072 KB
physical id	: 0
siblings	: 4
core id		: 0
cpu cores	: 2
apicid		: 1
initial apicid	: 1
fpu		: yes
fpu_exception	: yes
cpuid level	: 22
wp		: yes
flags		: fpu vme de pse tsc msr pae mce cx8 apic sep mtrr pge mca cmov pat pse36 clflush dts acpi mmx fxsr sse sse2 ss ht tm pbe syscall nx pdpe1gb rdtscp lm constant_tsc art arch_perfmon pebs bts rep_good nopl xtopology nonstop_tsc cpuid aperfmperf tsc_known_freq pni pclmulqdq dtes64 monitor ds_cpl vmx est tm2 ssse3 sdbg fma cx16 xtpr pdcm pcid sse4_1 sse4_2 x2apic movbe popcnt tsc_deadline_timer aes xsave avx f16c rdrand lahf_lm abm 3dnowprefetch cpuid_fault invpcid_single pti ssbd ibrs ibpb stibp tpr_shadow vnmi flexpriority ept vpid fsgsbase tsc_adjust bmi1 avx2 smep bmi2 erms invpcid mpx rdseed adx smap clflushopt intel_pt xsaveopt xsavec xgetbv1 xsaves dtherm ida arat pln pts hwp hwp_notify hwp_act_window hwp_epp flush_l1d
bugs		: cpu_meltdown spectre_v1 spectre_v2 spec_store_bypass l1tf
bogomips	: 5424.00
clflush size	: 64
cache_alignment	: 64
address sizes	: 39 bits physical, 48 bits virtual
power management:

processor	: 3
vendor_id	: GenuineIntel
cpu family	: 6
model		: 142
model name	: Intel(R) Core(TM) i5-7200U CPU @ 2.50GHz
stepping	: 9
microcode	: 0x8e
cpu MHz		: 699.966
cache size	: 3072 KB
physical id	: 0
siblings	: 4
core id		: 1
cpu cores	: 2
apicid		: 3
initial apicid	: 3
fpu		: yes
fpu_exception	: yes
cpuid level	: 22
wp		: yes
flags		: fpu vme de pse tsc msr pae mce cx8 apic sep mtrr pge mca cmov pat pse36 clflush dts acpi mmx fxsr sse sse2 ss ht tm pbe syscall nx pdpe1gb rdtscp lm constant_tsc art arch_perfmon pebs bts rep_good nopl xtopology nonstop_tsc cpuid aperfmperf tsc_known_freq pni pclmulqdq dtes64 monitor ds_cpl vmx est tm2 ssse3 sdbg fma cx16 xtpr pdcm pcid sse4_1 sse4_2 x2apic movbe popcnt tsc_deadline_timer aes xsave avx f16c rdrand lahf_lm abm 3dnowprefetch cpuid_fault invpcid_single pti ssbd ibrs ibpb stibp tpr_shadow vnmi flexpriority ept vpid fsgsbase tsc_adjust bmi1 avx2 smep bmi2 erms invpcid mpx rdseed adx smap clflushopt intel_pt xsaveopt xsavec xgetbv1 xsaves dtherm ida arat pln pts hwp hwp_notify hwp_act_window hwp_epp flush_l1d
bugs		: cpu_meltdown spectre_v1 spectre_v2 spec_store_bypass l1tf
bogomips	: 5424.00
clflush size	: 64
cache_alignment	: 64
address sizes	: 39 bits physical, 48 bits virtual
power management:



Memory: 4k page, physical 7945868k(141356k free), swap 999932k(0k free)

vm_info: Java HotSpot(TM) 64-Bit Server VM (25.201-b09) for linux-amd64 JRE (1.8.0_201-b09), built on Dec 15 2018 11:35:59 by "java_re" with gcc 7.3.0

time: Wed Apr 17 14:40:01 2019
timezone: EEST
elapsed time: 19 seconds (0d 0h 0m 19s)

